#
# There is insufficient memory for the Java Runtime Environment to continue.
# Native memory allocation (malloc) failed to allocate 1054096 bytes for Chunk::new
# Possible reasons:
#   The system is out of physical RAM or swap space
#   The process is running with CompressedOops enabled, and the Java Heap may be blocking the growth of the native heap
# Possible solutions:
#   Reduce memory load on the system
#   Increase physical memory or swap space
#   Check if swap backing store is full
#   Decrease Java heap size (-Xmx/-Xms)
#   Decrease number of Java threads
#   Decrease Java thread stack sizes (-Xss)
#   Set larger code cache with -XX:ReservedCodeCacheSize=
#   JVM is running with Unscaled Compressed Oops mode in which the Java heap is
#     placed in the first 4GB address space. The Java Heap base address is the
#     maximum limit for the native heap growth. Please use -XX:HeapBaseMinAddress
#     to set the Java Heap base and to place the Java Heap above 4GB virtual address.
# This output file may be truncated or incomplete.
#
#  Out of Memory Error (arena.cpp:189), pid=24476, tid=22200
#
# JRE version: Java(TM) SE Runtime Environment (17.0.9+11) (build 17.0.9+11-LTS-201)
# Java VM: Java HotSpot(TM) 64-Bit Server VM (17.0.9+11-LTS-201, mixed mode, sharing, tiered, compressed oops, compressed class ptrs, g1 gc, windows-amd64)
# No core dump will be written. Minidumps are not enabled by default on client versions of Windows
#

---------------  S U M M A R Y ------------

Command Line: -XX:+ShowCodeDetailsInExceptionMessages -Dspring.jmx.enabled=true -Dmanagement.endpoints.jmx.exposure.include=* -Dspring.application.admin.enabled=true -Dspring.boot.project.name=ecommerce -Djava.rmi.server.hostname=localhost -Dcom.sun.management.jmxremote.port=45556 -Dcom.sun.management.jmxremote.authenticate=false -Dcom.sun.management.jmxremote.ssl=false com.main.ecommerce.EcommerceApplication

Host: 12th Gen Intel(R) Core(TM) i3-1215U, 8 cores, 7G,  Windows 11 , 64 bit Build 22621 (10.0.22621.4391)
Time: Fri Dec  6 10:31:17 2024 India Standard Time elapsed time: 1044.427775 seconds (0d 0h 17m 24s)

---------------  T H R E A D  ---------------

Current thread (0x00000198a62dcca0):  JavaThread "C2 CompilerThread0" daemon [_thread_in_native, id=22200, stack(0x0000005158300000,0x0000005158400000)]


Current CompileTask:
C2:1044428 16404       4       org.springframework.web.servlet.handler.WebRequestHandlerInterceptorAdapter::preHandle (20 bytes)

Stack: [0x0000005158300000,0x0000005158400000]
Native frames: (J=compiled Java code, j=interpreted, Vv=VM code, C=native code)
V  [jvm.dll+0x678a4a]
V  [jvm.dll+0x7d9cfd]
V  [jvm.dll+0x7db60e]
V  [jvm.dll+0x7dbc73]
V  [jvm.dll+0x245e1f]
V  [jvm.dll+0xaaafb]
V  [jvm.dll+0xab09c]
V  [jvm.dll+0x36232f]
V  [jvm.dll+0x32ca01]
V  [jvm.dll+0x32be9a]
V  [jvm.dll+0x21812f]
V  [jvm.dll+0x217561]
V  [jvm.dll+0x1a3bc0]
V  [jvm.dll+0x2272de]
V  [jvm.dll+0x22548b]
V  [jvm.dll+0x78f58c]
V  [jvm.dll+0x78998a]
V  [jvm.dll+0x677875]
C  [ucrtbase.dll+0x29333]
C  [KERNEL32.DLL+0x1259d]
C  [ntdll.dll+0x5af38]


---------------  P R O C E S S  ---------------

Threads class SMR info:
_java_thread_list=0x00000198eeae2a70, length=37, elements={
0x00000198a62c4820, 0x00000198a62c54a0, 0x00000198a62d9570, 0x00000198a62dae50,
0x00000198a62db720, 0x00000198a62dbff0, 0x00000198a62dcca0, 0x00000198a62df670,
0x00000198a62fffa0, 0x00000198a64ecb20, 0x00000198a6554020, 0x00000198ec274120,
0x00000198ec3b9ed0, 0x00000198ec400590, 0x00000198ed03eff0, 0x00000198ed041360,
0x00000198ed03eae0, 0x00000198ed040430, 0x00000198ed040940, 0x00000198ed042290,
0x00000198ee47ae60, 0x00000198ee47f540, 0x00000198ee47e610, 0x00000198ee478af0,
0x00000198ee47bd90, 0x00000198ee479a20, 0x00000198ee47b880, 0x00000198ee47c2a0,
0x00000198ee47eb20, 0x00000198ee479f30, 0x00000198ee47f030, 0x00000198ee4785e0,
0x00000198ee47ccc0, 0x00000198ee479000, 0x00000198ee47a440, 0x00000198ee47a950,
0x00000198ee479510
}

Java Threads: ( => current thread )
  0x00000198a62c4820 JavaThread "Reference Handler" daemon [_thread_blocked, id=12848, stack(0x0000005157d00000,0x0000005157e00000)]
  0x00000198a62c54a0 JavaThread "Finalizer" daemon [_thread_blocked, id=17516, stack(0x0000005157e00000,0x0000005157f00000)]
  0x00000198a62d9570 JavaThread "Signal Dispatcher" daemon [_thread_blocked, id=11620, stack(0x0000005157f00000,0x0000005158000000)]
  0x00000198a62dae50 JavaThread "Attach Listener" daemon [_thread_blocked, id=17032, stack(0x0000005158000000,0x0000005158100000)]
  0x00000198a62db720 JavaThread "Service Thread" daemon [_thread_blocked, id=2092, stack(0x0000005158100000,0x0000005158200000)]
  0x00000198a62dbff0 JavaThread "Monitor Deflation Thread" daemon [_thread_blocked, id=19260, stack(0x0000005158200000,0x0000005158300000)]
=>0x00000198a62dcca0 JavaThread "C2 CompilerThread0" daemon [_thread_in_native, id=22200, stack(0x0000005158300000,0x0000005158400000)]
  0x00000198a62df670 JavaThread "C1 CompilerThread0" daemon [_thread_blocked, id=21024, stack(0x0000005158400000,0x0000005158500000)]
  0x00000198a62fffa0 JavaThread "Sweeper thread" daemon [_thread_blocked, id=17052, stack(0x0000005158500000,0x0000005158600000)]
  0x00000198a64ecb20 JavaThread "Common-Cleaner" daemon [_thread_blocked, id=6200, stack(0x0000005158600000,0x0000005158700000)]
  0x00000198a6554020 JavaThread "Notification Thread" daemon [_thread_blocked, id=15372, stack(0x0000005158700000,0x0000005158800000)]
  0x00000198ec274120 JavaThread "RMI TCP Accept-0" daemon [_thread_in_native, id=23024, stack(0x0000005158800000,0x0000005158900000)]
  0x00000198ec3b9ed0 JavaThread "RMI TCP Accept-45556" daemon [_thread_in_native, id=18332, stack(0x0000005158900000,0x0000005158a00000)]
  0x00000198ec400590 JavaThread "RMI TCP Accept-0" daemon [_thread_in_native, id=20204, stack(0x0000005158a00000,0x0000005158b00000)]
  0x00000198ed03eff0 JavaThread "RMI Scheduler(0)" daemon [_thread_blocked, id=21844, stack(0x0000005159a00000,0x0000005159b00000)]
  0x00000198ed041360 JavaThread "RMI TCP Connection(2)-127.0.0.1" daemon [_thread_in_native, id=11880, stack(0x0000005159b00000,0x0000005159c00000)]
  0x00000198ed03eae0 JavaThread "JMX server connection timeout 27" daemon [_thread_blocked, id=17508, stack(0x0000005159c00000,0x0000005159d00000)]
  0x00000198ed040430 JavaThread "Catalina-utility-1" [_thread_blocked, id=23072, stack(0x0000005159e00000,0x0000005159f00000)]
  0x00000198ed040940 JavaThread "Catalina-utility-2" [_thread_blocked, id=20236, stack(0x0000005159f00000,0x000000515a000000)]
  0x00000198ed042290 JavaThread "container-0" [_thread_blocked, id=11552, stack(0x000000515a000000,0x000000515a100000)]
  0x00000198ee47ae60 JavaThread "mysql-cj-abandoned-connection-cleanup" daemon [_thread_blocked, id=21856, stack(0x000000515a100000,0x000000515a200000)]
  0x00000198ee47f540 JavaThread "HikariPool-1 housekeeper" daemon [_thread_blocked, id=20404, stack(0x0000005159700000,0x0000005159800000)]
  0x00000198ee47e610 JavaThread "File Watcher" daemon [_thread_blocked, id=22824, stack(0x000000515a300000,0x000000515a400000)]
  0x00000198ee478af0 JavaThread "Live Reload Server" daemon [_thread_in_native, id=16588, stack(0x000000515a600000,0x000000515a700000)]
  0x00000198ee47bd90 JavaThread "http-nio-8080-exec-1" daemon [_thread_blocked, id=23512, stack(0x000000515a500000,0x000000515a600000)]
  0x00000198ee479a20 JavaThread "http-nio-8080-exec-2" daemon [_thread_blocked, id=16500, stack(0x000000515a700000,0x000000515a800000)]
  0x00000198ee47b880 JavaThread "http-nio-8080-exec-3" daemon [_thread_blocked, id=1688, stack(0x000000515a800000,0x000000515a900000)]
  0x00000198ee47c2a0 JavaThread "http-nio-8080-exec-4" daemon [_thread_blocked, id=7964, stack(0x000000515a900000,0x000000515aa00000)]
  0x00000198ee47eb20 JavaThread "http-nio-8080-exec-5" daemon [_thread_blocked, id=16540, stack(0x000000515aa00000,0x000000515ab00000)]
  0x00000198ee479f30 JavaThread "http-nio-8080-exec-6" daemon [_thread_blocked, id=21384, stack(0x000000515ab00000,0x000000515ac00000)]
  0x00000198ee47f030 JavaThread "http-nio-8080-exec-7" daemon [_thread_blocked, id=7432, stack(0x000000515ac00000,0x000000515ad00000)]
  0x00000198ee4785e0 JavaThread "http-nio-8080-exec-8" daemon [_thread_blocked, id=14848, stack(0x000000515ad00000,0x000000515ae00000)]
  0x00000198ee47ccc0 JavaThread "http-nio-8080-exec-9" daemon [_thread_blocked, id=9332, stack(0x000000515ae00000,0x000000515af00000)]
  0x00000198ee479000 JavaThread "http-nio-8080-exec-10" daemon [_thread_blocked, id=4388, stack(0x000000515af00000,0x000000515b000000)]
  0x00000198ee47a440 JavaThread "http-nio-8080-Poller" daemon [_thread_in_native, id=18632, stack(0x000000515b000000,0x000000515b100000)]
  0x00000198ee47a950 JavaThread "http-nio-8080-Acceptor" daemon [_thread_in_native, id=19596, stack(0x000000515b100000,0x000000515b200000)]
  0x00000198ee479510 JavaThread "DestroyJavaVM" [_thread_blocked, id=3140, stack(0x0000005157600000,0x0000005157700000)]

Other Threads:
  0x00000198a62bfd10 VMThread "VM Thread" [stack: 0x0000005157c00000,0x0000005157d00000] [id=8548]
  0x00000198883c7cc0 WatcherThread [stack: 0x0000005158b00000,0x0000005158c00000] [id=15344]
  0x0000019888428cb0 GCTaskThread "GC Thread#0" [stack: 0x0000005157700000,0x0000005157800000] [id=11992]
  0x00000198ec8a9360 GCTaskThread "GC Thread#1" [stack: 0x0000005158c00000,0x0000005158d00000] [id=18808]
  0x00000198ec8a85a0 GCTaskThread "GC Thread#2" [stack: 0x0000005158d00000,0x0000005158e00000] [id=7216]
  0x00000198ec8a9ba0 GCTaskThread "GC Thread#3" [stack: 0x0000005158e00000,0x0000005158f00000] [id=23472]
  0x00000198ec8a8de0 GCTaskThread "GC Thread#4" [stack: 0x0000005158f00000,0x0000005159000000] [id=16172]
  0x00000198ec8a82e0 GCTaskThread "GC Thread#5" [stack: 0x0000005159000000,0x0000005159100000] [id=23280]
  0x00000198ec8a8b20 GCTaskThread "GC Thread#6" [stack: 0x0000005159100000,0x0000005159200000] [id=3672]
  0x00000198ec8a9620 GCTaskThread "GC Thread#7" [stack: 0x0000005159200000,0x0000005159300000] [id=18056]
  0x000001988843a150 ConcurrentGCThread "G1 Main Marker" [stack: 0x0000005157800000,0x0000005157900000] [id=1740]
  0x000001988843aa60 ConcurrentGCThread "G1 Conc#0" [stack: 0x0000005157900000,0x0000005157a00000] [id=18292]
  0x00000198ec8a8020 ConcurrentGCThread "G1 Conc#1" [stack: 0x0000005159d00000,0x0000005159e00000] [id=18144]
  0x00000198a61784f0 ConcurrentGCThread "G1 Refine#0" [stack: 0x0000005157a00000,0x0000005157b00000] [id=22948]
  0x00000198ecb369c0 ConcurrentGCThread "G1 Refine#1" [stack: 0x0000005159300000,0x0000005159400000] [id=20356]
  0x00000198ece90010 ConcurrentGCThread "G1 Refine#2" [stack: 0x0000005159400000,0x0000005159500000] [id=20636]
  0x00000198a6178bd0 ConcurrentGCThread "G1 Service" [stack: 0x0000005157b00000,0x0000005157c00000] [id=3084]

Threads with active compile tasks:
C2 CompilerThread0  1044496 16404       4       org.springframework.web.servlet.handler.WebRequestHandlerInterceptorAdapter::preHandle (20 bytes)

VM state: not at safepoint (normal execution)

VM Mutex/Monitor currently owned by a thread: None

Heap address: 0x0000000084e00000, size: 1970 MB, Compressed Oops mode: 32-bit

CDS archive(s) mapped at: [0x00000198a7000000-0x00000198a7bd0000-0x00000198a7bd0000), size 12386304, SharedBaseAddress: 0x00000198a7000000, ArchiveRelocationMode: 1.
Compressed class space mapped at: 0x00000198a8000000-0x00000198e8000000, reserved size: 1073741824
Narrow klass base: 0x00000198a7000000, Narrow klass shift: 0, Narrow klass range: 0x100000000

GC Precious Log:
 CPUs: 8 total, 8 available
 Memory: 7877M
 Large Page Support: Disabled
 NUMA Support: Disabled
 Compressed Oops: Enabled (32-bit)
 Heap Region Size: 1M
 Heap Min Capacity: 8M
 Heap Initial Capacity: 124M
 Heap Max Capacity: 1970M
 Pre-touch: Disabled
 Parallel Workers: 8
 Concurrent Workers: 2
 Concurrent Refinement Workers: 8
 Periodic GC: Disabled

Heap:
 garbage-first heap   total 91136K, used 51650K [0x0000000084e00000, 0x0000000100000000)
  region size 1024K, 8 young (8192K), 1 survivors (1024K)
 Metaspace       used 91015K, committed 91840K, reserved 1179648K
  class space    used 12081K, committed 12480K, reserved 1048576K

Heap Regions: E=young(eden), S=young(survivor), O=old, HS=humongous(starts), HC=humongous(continues), CS=collection set, F=free, OA=open archive, CA=closed archive, TAMS=top-at-mark-start (previous, next)
|   0|0x0000000084e00000, 0x0000000084f00000, 0x0000000084f00000|100%|HS|  |TAMS 0x0000000084f00000, 0x0000000084e00000| Complete 
|   1|0x0000000084f00000, 0x0000000085000000, 0x0000000085000000|100%|HS|  |TAMS 0x0000000085000000, 0x0000000084f00000| Complete 
|   2|0x0000000085000000, 0x0000000085100000, 0x0000000085100000|100%| O|  |TAMS 0x0000000085100000, 0x0000000085000000| Untracked 
|   3|0x0000000085100000, 0x0000000085200000, 0x0000000085200000|100%| O|  |TAMS 0x0000000085200000, 0x0000000085100000| Untracked 
|   4|0x0000000085200000, 0x0000000085300000, 0x0000000085300000|100%| O|  |TAMS 0x0000000085300000, 0x0000000085200000| Untracked 
|   5|0x0000000085300000, 0x0000000085400000, 0x0000000085400000|100%| O|  |TAMS 0x0000000085400000, 0x0000000085300000| Untracked 
|   6|0x0000000085400000, 0x0000000085500000, 0x0000000085500000|100%| O|  |TAMS 0x0000000085500000, 0x0000000085400000| Untracked 
|   7|0x0000000085500000, 0x0000000085600000, 0x0000000085600000|100%| O|  |TAMS 0x0000000085600000, 0x0000000085500000| Untracked 
|   8|0x0000000085600000, 0x0000000085700000, 0x0000000085700000|100%| O|  |TAMS 0x0000000085600000, 0x0000000085600000| Untracked 
|   9|0x0000000085700000, 0x0000000085800000, 0x0000000085800000|100%| O|  |TAMS 0x0000000085800000, 0x0000000085700000| Untracked 
|  10|0x0000000085800000, 0x0000000085900000, 0x0000000085900000|100%| O|  |TAMS 0x0000000085900000, 0x0000000085800000| Untracked 
|  11|0x0000000085900000, 0x0000000085a00000, 0x0000000085a00000|100%| O|  |TAMS 0x0000000085a00000, 0x0000000085900000| Untracked 
|  12|0x0000000085a00000, 0x0000000085b00000, 0x0000000085b00000|100%| O|  |TAMS 0x0000000085b00000, 0x0000000085a00000| Untracked 
|  13|0x0000000085b00000, 0x0000000085c00000, 0x0000000085c00000|100%| O|  |TAMS 0x0000000085c00000, 0x0000000085b00000| Untracked 
|  14|0x0000000085c00000, 0x0000000085d00000, 0x0000000085d00000|100%| O|  |TAMS 0x0000000085d00000, 0x0000000085c00000| Untracked 
|  15|0x0000000085d00000, 0x0000000085e00000, 0x0000000085e00000|100%| O|  |TAMS 0x0000000085e00000, 0x0000000085d00000| Untracked 
|  16|0x0000000085e00000, 0x0000000085f00000, 0x0000000085f00000|100%| O|  |TAMS 0x0000000085f00000, 0x0000000085e00000| Untracked 
|  17|0x0000000085f00000, 0x0000000086000000, 0x0000000086000000|100%| O|  |TAMS 0x0000000086000000, 0x0000000085f00000| Untracked 
|  18|0x0000000086000000, 0x0000000086100000, 0x0000000086100000|100%| O|  |TAMS 0x0000000086100000, 0x0000000086000000| Untracked 
|  19|0x0000000086100000, 0x0000000086200000, 0x0000000086200000|100%| O|  |TAMS 0x0000000086200000, 0x0000000086100000| Untracked 
|  20|0x0000000086200000, 0x0000000086300000, 0x0000000086300000|100%| O|  |TAMS 0x0000000086300000, 0x0000000086200000| Untracked 
|  21|0x0000000086300000, 0x0000000086400000, 0x0000000086400000|100%| O|  |TAMS 0x0000000086400000, 0x0000000086300000| Untracked 
|  22|0x0000000086400000, 0x0000000086500000, 0x0000000086500000|100%| O|  |TAMS 0x0000000086500000, 0x0000000086400000| Untracked 
|  23|0x0000000086500000, 0x0000000086600000, 0x0000000086600000|100%| O|  |TAMS 0x0000000086600000, 0x0000000086500000| Untracked 
|  24|0x0000000086600000, 0x0000000086700000, 0x0000000086700000|100%| O|  |TAMS 0x0000000086700000, 0x0000000086600000| Untracked 
|  25|0x0000000086700000, 0x0000000086800000, 0x0000000086800000|100%| O|  |TAMS 0x0000000086800000, 0x0000000086700000| Untracked 
|  26|0x0000000086800000, 0x0000000086900000, 0x0000000086900000|100%| O|  |TAMS 0x0000000086900000, 0x0000000086800000| Untracked 
|  27|0x0000000086900000, 0x0000000086a00000, 0x0000000086a00000|100%| O|  |TAMS 0x0000000086a00000, 0x0000000086900000| Untracked 
|  28|0x0000000086a00000, 0x0000000086b00000, 0x0000000086b00000|100%| O|  |TAMS 0x0000000086b00000, 0x0000000086a00000| Untracked 
|  29|0x0000000086b00000, 0x0000000086c00000, 0x0000000086c00000|100%| O|  |TAMS 0x0000000086c00000, 0x0000000086b00000| Untracked 
|  30|0x0000000086c00000, 0x0000000086d00000, 0x0000000086d00000|100%| O|  |TAMS 0x0000000086d00000, 0x0000000086c00000| Untracked 
|  31|0x0000000086d00000, 0x0000000086e00000, 0x0000000086e00000|100%| O|  |TAMS 0x0000000086e00000, 0x0000000086d00000| Untracked 
|  32|0x0000000086e00000, 0x0000000086f00000, 0x0000000086f00000|100%| O|  |TAMS 0x0000000086f00000, 0x0000000086e00000| Untracked 
|  33|0x0000000086f00000, 0x0000000087000000, 0x0000000087000000|100%| O|  |TAMS 0x0000000087000000, 0x0000000086f00000| Untracked 
|  34|0x0000000087000000, 0x0000000087100000, 0x0000000087100000|100%| O|  |TAMS 0x00000000870f2200, 0x0000000087000000| Untracked 
|  35|0x0000000087100000, 0x0000000087200000, 0x0000000087200000|100%| O|  |TAMS 0x0000000087100000, 0x0000000087100000| Untracked 
|  36|0x0000000087200000, 0x0000000087300000, 0x0000000087300000|100%| O|  |TAMS 0x0000000087200000, 0x0000000087200000| Untracked 
|  37|0x0000000087300000, 0x0000000087400000, 0x0000000087400000|100%| O|  |TAMS 0x0000000087300000, 0x0000000087300000| Untracked 
|  38|0x0000000087400000, 0x0000000087500000, 0x0000000087500000|100%| O|  |TAMS 0x0000000087400000, 0x0000000087400000| Untracked 
|  39|0x0000000087500000, 0x0000000087600000, 0x0000000087600000|100%| O|  |TAMS 0x0000000087500000, 0x0000000087500000| Untracked 
|  40|0x0000000087600000, 0x0000000087700000, 0x0000000087700000|100%| O|  |TAMS 0x0000000087600000, 0x0000000087600000| Untracked 
|  41|0x0000000087700000, 0x0000000087800000, 0x0000000087800000|100%| O|  |TAMS 0x0000000087700000, 0x0000000087700000| Untracked 
|  42|0x0000000087800000, 0x0000000087900000, 0x0000000087900000|100%| O|  |TAMS 0x0000000087800000, 0x0000000087800000| Untracked 
|  43|0x0000000087900000, 0x0000000087a00000, 0x0000000087a00000|100%| O|  |TAMS 0x0000000087900000, 0x0000000087900000| Untracked 
|  44|0x0000000087a00000, 0x0000000087a5a800, 0x0000000087b00000| 35%| O|  |TAMS 0x0000000087a00000, 0x0000000087a00000| Untracked 
|  45|0x0000000087b00000, 0x0000000087b00000, 0x0000000087c00000|  0%| F|  |TAMS 0x0000000087b00000, 0x0000000087b00000| Untracked 
|  46|0x0000000087c00000, 0x0000000087c00000, 0x0000000087d00000|  0%| F|  |TAMS 0x0000000087c00000, 0x0000000087c00000| Untracked 
|  47|0x0000000087d00000, 0x0000000087d00000, 0x0000000087e00000|  0%| F|  |TAMS 0x0000000087d00000, 0x0000000087d00000| Untracked 
|  48|0x0000000087e00000, 0x0000000087e00000, 0x0000000087f00000|  0%| F|  |TAMS 0x0000000087e00000, 0x0000000087e00000| Untracked 
|  49|0x0000000087f00000, 0x0000000087f00000, 0x0000000088000000|  0%| F|  |TAMS 0x0000000087f00000, 0x0000000087f00000| Untracked 
|  50|0x0000000088000000, 0x0000000088000000, 0x0000000088100000|  0%| F|  |TAMS 0x0000000088000000, 0x0000000088000000| Untracked 
|  51|0x0000000088100000, 0x0000000088100000, 0x0000000088200000|  0%| F|  |TAMS 0x0000000088100000, 0x0000000088100000| Untracked 
|  52|0x0000000088200000, 0x0000000088200000, 0x0000000088300000|  0%| F|  |TAMS 0x0000000088200000, 0x0000000088200000| Untracked 
|  53|0x0000000088300000, 0x0000000088300000, 0x0000000088400000|  0%| F|  |TAMS 0x0000000088300000, 0x0000000088300000| Untracked 
|  54|0x0000000088400000, 0x0000000088400000, 0x0000000088500000|  0%| F|  |TAMS 0x0000000088400000, 0x0000000088400000| Untracked 
|  55|0x0000000088500000, 0x0000000088516200, 0x0000000088600000|  8%| S|CS|TAMS 0x0000000088500000, 0x0000000088500000| Complete 
|  56|0x0000000088600000, 0x0000000088600000, 0x0000000088700000|  0%| F|  |TAMS 0x0000000088600000, 0x0000000088600000| Untracked 
|  57|0x0000000088700000, 0x0000000088700000, 0x0000000088800000|  0%| F|  |TAMS 0x0000000088700000, 0x0000000088700000| Untracked 
|  58|0x0000000088800000, 0x0000000088800000, 0x0000000088900000|  0%| F|  |TAMS 0x0000000088800000, 0x0000000088800000| Untracked 
|  59|0x0000000088900000, 0x0000000088900000, 0x0000000088a00000|  0%| F|  |TAMS 0x0000000088900000, 0x0000000088900000| Untracked 
|  60|0x0000000088a00000, 0x0000000088a00000, 0x0000000088b00000|  0%| F|  |TAMS 0x0000000088a00000, 0x0000000088a00000| Untracked 
|  61|0x0000000088b00000, 0x0000000088b00000, 0x0000000088c00000|  0%| F|  |TAMS 0x0000000088b00000, 0x0000000088b00000| Untracked 
|  62|0x0000000088c00000, 0x0000000088c00000, 0x0000000088d00000|  0%| F|  |TAMS 0x0000000088c00000, 0x0000000088c00000| Untracked 
|  63|0x0000000088d00000, 0x0000000088d00000, 0x0000000088e00000|  0%| F|  |TAMS 0x0000000088d00000, 0x0000000088d00000| Untracked 
|  64|0x0000000088e00000, 0x0000000088e00000, 0x0000000088f00000|  0%| F|  |TAMS 0x0000000088e00000, 0x0000000088e00000| Untracked 
|  65|0x0000000088f00000, 0x0000000088f00000, 0x0000000089000000|  0%| F|  |TAMS 0x0000000088f00000, 0x0000000088f00000| Untracked 
|  66|0x0000000089000000, 0x0000000089000000, 0x0000000089100000|  0%| F|  |TAMS 0x0000000089000000, 0x0000000089000000| Untracked 
|  67|0x0000000089100000, 0x0000000089100000, 0x0000000089200000|  0%| F|  |TAMS 0x0000000089100000, 0x0000000089100000| Untracked 
|  68|0x0000000089200000, 0x0000000089200000, 0x0000000089300000|  0%| F|  |TAMS 0x0000000089200000, 0x0000000089200000| Untracked 
|  69|0x0000000089300000, 0x0000000089300000, 0x0000000089400000|  0%| F|  |TAMS 0x0000000089300000, 0x0000000089300000| Untracked 
|  70|0x0000000089400000, 0x0000000089400000, 0x0000000089500000|  0%| F|  |TAMS 0x0000000089400000, 0x0000000089400000| Untracked 
|  71|0x0000000089500000, 0x0000000089500000, 0x0000000089600000|  0%| F|  |TAMS 0x0000000089500000, 0x0000000089500000| Untracked 
|  72|0x0000000089600000, 0x0000000089600000, 0x0000000089700000|  0%| F|  |TAMS 0x0000000089600000, 0x0000000089600000| Untracked 
|  73|0x0000000089700000, 0x0000000089700000, 0x0000000089800000|  0%| F|  |TAMS 0x0000000089700000, 0x0000000089700000| Untracked 
|  74|0x0000000089800000, 0x0000000089800000, 0x0000000089900000|  0%| F|  |TAMS 0x0000000089800000, 0x0000000089800000| Untracked 
|  75|0x0000000089900000, 0x0000000089900000, 0x0000000089a00000|  0%| F|  |TAMS 0x0000000089900000, 0x0000000089900000| Untracked 
|  76|0x0000000089a00000, 0x0000000089a00000, 0x0000000089b00000|  0%| F|  |TAMS 0x0000000089a00000, 0x0000000089a00000| Untracked 
|  77|0x0000000089b00000, 0x0000000089b00000, 0x0000000089c00000|  0%| F|  |TAMS 0x0000000089b00000, 0x0000000089b00000| Untracked 
|  78|0x0000000089c00000, 0x0000000089c00000, 0x0000000089d00000|  0%| F|  |TAMS 0x0000000089c00000, 0x0000000089c00000| Untracked 
|  79|0x0000000089d00000, 0x0000000089d00000, 0x0000000089e00000|  0%| F|  |TAMS 0x0000000089d00000, 0x0000000089d00000| Untracked 
|  80|0x0000000089e00000, 0x0000000089e00000, 0x0000000089f00000|  0%| F|  |TAMS 0x0000000089e00000, 0x0000000089e00000| Untracked 
|  81|0x0000000089f00000, 0x0000000089f00000, 0x000000008a000000|  0%| F|  |TAMS 0x0000000089f00000, 0x0000000089f00000| Untracked 
|  82|0x000000008a000000, 0x000000008a095af0, 0x000000008a100000| 58%| E|  |TAMS 0x000000008a000000, 0x000000008a000000| Complete 
|  83|0x000000008a100000, 0x000000008a200000, 0x000000008a200000|100%| E|CS|TAMS 0x000000008a100000, 0x000000008a100000| Complete 
|  84|0x000000008a200000, 0x000000008a300000, 0x000000008a300000|100%| E|CS|TAMS 0x000000008a200000, 0x000000008a200000| Complete 
|  85|0x000000008a300000, 0x000000008a400000, 0x000000008a400000|100%| E|CS|TAMS 0x000000008a300000, 0x000000008a300000| Complete 
|  86|0x000000008a400000, 0x000000008a500000, 0x000000008a500000|100%| E|CS|TAMS 0x000000008a400000, 0x000000008a400000| Complete 
|  87|0x000000008a500000, 0x000000008a600000, 0x000000008a600000|100%| E|CS|TAMS 0x000000008a500000, 0x000000008a500000| Complete 
| 123|0x000000008c900000, 0x000000008ca00000, 0x000000008ca00000|100%| E|CS|TAMS 0x000000008c900000, 0x000000008c900000| Complete 

Card table byte_map: [0x000001989f360000,0x000001989f740000] _byte_map_base: 0x000001989ef39000

Marking Bits (Prev, Next): (CMBitMap*) 0x00000198884291d0, (CMBitMap*) 0x0000019888429210
 Prev Bits: [0x000001989fb20000, 0x00000198a19e8000)
 Next Bits: [0x00000198a19f0000, 0x00000198a38b8000)

Polling page: 0x0000019887b80000

Metaspace:

Usage:
  Non-class:     77.08 MB used.
      Class:     11.80 MB used.
       Both:     88.88 MB used.

Virtual space:
  Non-class space:      128.00 MB reserved,      77.50 MB ( 61%) committed,  2 nodes.
      Class space:        1.00 GB reserved,      12.19 MB (  1%) committed,  1 nodes.
             Both:        1.12 GB reserved,      89.69 MB (  8%) committed. 

Chunk freelists:
   Non-Class:  2.47 MB
       Class:  3.85 MB
        Both:  6.32 MB

MaxMetaspaceSize: unlimited
CompressedClassSpaceSize: 1.00 GB
Initial GC threshold: 21.00 MB
Current GC threshold: 119.19 MB
CDS: on
MetaspaceReclaimPolicy: balanced
 - commit_granule_bytes: 65536.
 - commit_granule_words: 8192.
 - virtual_space_node_default_size: 8388608.
 - enlarge_chunks_in_place: 1.
 - new_chunks_are_fully_committed: 0.
 - uncommit_free_chunks: 1.
 - use_allocation_guard: 0.
 - handle_deallocations: 1.


Internal statistics:

num_allocs_failed_limit: 6.
num_arena_births: 1224.
num_arena_deaths: 0.
num_vsnodes_births: 3.
num_vsnodes_deaths: 0.
num_space_committed: 1435.
num_space_uncommitted: 0.
num_chunks_returned_to_freelist: 6.
num_chunks_taken_from_freelist: 4691.
num_chunk_merges: 6.
num_chunk_splits: 3285.
num_chunks_enlarged: 2458.
num_inconsistent_stats: 0.

CodeHeap 'non-profiled nmethods': size=120000Kb used=15279Kb max_used=15279Kb free=104720Kb
 bounds [0x0000019897720000, 0x0000019898610000, 0x000001989ec50000]
CodeHeap 'profiled nmethods': size=120000Kb used=23118Kb max_used=28880Kb free=96881Kb
 bounds [0x000001988fc50000, 0x0000019891890000, 0x0000019897180000]
CodeHeap 'non-nmethods': size=5760Kb used=1384Kb max_used=1472Kb free=4375Kb
 bounds [0x0000019897180000, 0x00000198973f0000, 0x0000019897720000]
 total_blobs=13821 nmethods=13099 adapters=632
 compilation: enabled
              stopped_count=0, restarted_count=0
 full_count=0

Compilation events (20 events):
Event: 1042.728 Thread 0x00000198a62dcca0 nmethod 16393 0x00000198985fc610 code [0x00000198985fc7e0, 0x00000198985fcc98]
Event: 1042.957 Thread 0x00000198a62df670 16395   !   3       sun.nio.ch.SocketChannelImpl::socket (54 bytes)
Event: 1042.958 Thread 0x00000198a62df670 nmethod 16395 0x000001988fc52190 code [0x000001988fc52380, 0x000001988fc52878]
Event: 1043.861 Thread 0x00000198a62dcca0 16396   !   4       org.springframework.web.servlet.handler.HandlerMappingIntrospector::lambda$createCacheFilter$3 (41 bytes)
Event: 1043.915 Thread 0x00000198a62dcca0 nmethod 16396 0x00000198985fd210 code [0x00000198985fd4e0, 0x00000198985fe928]
Event: 1043.915 Thread 0x00000198a62dcca0 16397   !   4       org.springframework.web.servlet.handler.HandlerMappingIntrospector::setCache (149 bytes)
Event: 1043.960 Thread 0x00000198a62dcca0 nmethod 16397 0x00000198985ff690 code [0x00000198985ff920, 0x0000019898600b20]
Event: 1043.960 Thread 0x00000198a62dcca0 16398       4       java.util.IdentityHashMap$EntryIterator$Entry::getKey (20 bytes)
Event: 1043.961 Thread 0x00000198a62dcca0 nmethod 16398 0x0000019898601590 code [0x0000019898601720, 0x0000019898601818]
Event: 1043.961 Thread 0x00000198a62dcca0 16399       4       org.springframework.http.server.observation.DefaultServerRequestObservationConvention::getContextualName (9 bytes)
Event: 1044.011 Thread 0x00000198a62dcca0 nmethod 16399 0x0000019898601990 code [0x0000019898601bc0, 0x0000019898602da8]
Event: 1044.012 Thread 0x00000198a62dcca0 16400       4       org.springframework.http.server.observation.DefaultServerRequestObservationConvention::getContextualName (44 bytes)
Event: 1044.069 Thread 0x00000198a62dcca0 nmethod 16400 0x0000019898603c90 code [0x0000019898603ec0, 0x00000198986050a8]
Event: 1044.069 Thread 0x00000198a62dcca0 16401   !   4       org.springframework.web.servlet.DispatcherServlet::doDispatch (671 bytes)
Event: 1044.220 Thread 0x00000198a62dcca0 nmethod 16401 0x0000019898605f90 code [0x0000019898606320, 0x0000019898608e30]
Event: 1044.220 Thread 0x00000198a62dcca0 16402   !   4       org.springframework.web.servlet.DispatcherServlet::checkMultipart (126 bytes)
Event: 1044.224 Thread 0x00000198a62dcca0 nmethod 16402 0x000001989860b590 code [0x000001989860b720, 0x000001989860b878]
Event: 1044.224 Thread 0x00000198a62dcca0 16403       4       org.springframework.util.StringUtils::startsWithIgnoreCase (40 bytes)
Event: 1044.226 Thread 0x00000198a62dcca0 nmethod 16403 0x000001989860ba90 code [0x000001989860bc00, 0x000001989860bc78]
Event: 1044.226 Thread 0x00000198a62dcca0 16404       4       org.springframework.web.servlet.handler.WebRequestHandlerInterceptorAdapter::preHandle (20 bytes)

GC Heap History (20 events):
Event: 1020.374 GC heap before
{Heap before GC invocations=97 (full 0):
 garbage-first heap   total 91136K, used 79237K [0x0000000084e00000, 0x0000000100000000)
  region size 1024K, 34 young (34816K), 1 survivors (1024K)
 Metaspace       used 91010K, committed 91840K, reserved 1179648K
  class space    used 12080K, committed 12480K, reserved 1048576K
}
Event: 1020.378 GC heap after
{Heap after GC invocations=98 (full 0):
 garbage-first heap   total 91136K, used 45481K [0x0000000084e00000, 0x0000000100000000)
  region size 1024K, 1 young (1024K), 1 survivors (1024K)
 Metaspace       used 91010K, committed 91840K, reserved 1179648K
  class space    used 12080K, committed 12480K, reserved 1048576K
}
Event: 1022.663 GC heap before
{Heap before GC invocations=98 (full 0):
 garbage-first heap   total 91136K, used 78249K [0x0000000084e00000, 0x0000000100000000)
  region size 1024K, 34 young (34816K), 1 survivors (1024K)
 Metaspace       used 91010K, committed 91840K, reserved 1179648K
  class space    used 12080K, committed 12480K, reserved 1048576K
}
Event: 1022.665 GC heap after
{Heap after GC invocations=99 (full 0):
 garbage-first heap   total 91136K, used 45474K [0x0000000084e00000, 0x0000000100000000)
  region size 1024K, 1 young (1024K), 1 survivors (1024K)
 Metaspace       used 91010K, committed 91840K, reserved 1179648K
  class space    used 12080K, committed 12480K, reserved 1048576K
}
Event: 1026.872 GC heap before
{Heap before GC invocations=99 (full 0):
 garbage-first heap   total 91136K, used 79266K [0x0000000084e00000, 0x0000000100000000)
  region size 1024K, 34 young (34816K), 1 survivors (1024K)
 Metaspace       used 91011K, committed 91840K, reserved 1179648K
  class space    used 12080K, committed 12480K, reserved 1048576K
}
Event: 1026.874 GC heap after
{Heap after GC invocations=100 (full 0):
 garbage-first heap   total 91136K, used 45460K [0x0000000084e00000, 0x0000000100000000)
  region size 1024K, 1 young (1024K), 1 survivors (1024K)
 Metaspace       used 91011K, committed 91840K, reserved 1179648K
  class space    used 12080K, committed 12480K, reserved 1048576K
}
Event: 1029.106 GC heap before
{Heap before GC invocations=100 (full 0):
 garbage-first heap   total 91136K, used 78228K [0x0000000084e00000, 0x0000000100000000)
  region size 1024K, 34 young (34816K), 1 survivors (1024K)
 Metaspace       used 91013K, committed 91840K, reserved 1179648K
  class space    used 12080K, committed 12480K, reserved 1048576K
}
Event: 1029.108 GC heap after
{Heap after GC invocations=101 (full 0):
 garbage-first heap   total 91136K, used 45462K [0x0000000084e00000, 0x0000000100000000)
  region size 1024K, 1 young (1024K), 1 survivors (1024K)
 Metaspace       used 91013K, committed 91840K, reserved 1179648K
  class space    used 12080K, committed 12480K, reserved 1048576K
}
Event: 1031.678 GC heap before
{Heap before GC invocations=101 (full 0):
 garbage-first heap   total 91136K, used 78230K [0x0000000084e00000, 0x0000000100000000)
  region size 1024K, 34 young (34816K), 1 survivors (1024K)
 Metaspace       used 91013K, committed 91840K, reserved 1179648K
  class space    used 12080K, committed 12480K, reserved 1048576K
}
Event: 1031.679 GC heap after
{Heap after GC invocations=102 (full 0):
 garbage-first heap   total 91136K, used 45460K [0x0000000084e00000, 0x0000000100000000)
  region size 1024K, 1 young (1024K), 1 survivors (1024K)
 Metaspace       used 91013K, committed 91840K, reserved 1179648K
  class space    used 12080K, committed 12480K, reserved 1048576K
}
Event: 1034.467 GC heap before
{Heap before GC invocations=102 (full 0):
 garbage-first heap   total 91136K, used 78228K [0x0000000084e00000, 0x0000000100000000)
  region size 1024K, 34 young (34816K), 1 survivors (1024K)
 Metaspace       used 91013K, committed 91840K, reserved 1179648K
  class space    used 12080K, committed 12480K, reserved 1048576K
}
Event: 1034.470 GC heap after
{Heap after GC invocations=103 (full 0):
 garbage-first heap   total 91136K, used 45464K [0x0000000084e00000, 0x0000000100000000)
  region size 1024K, 1 young (1024K), 1 survivors (1024K)
 Metaspace       used 91013K, committed 91840K, reserved 1179648K
  class space    used 12080K, committed 12480K, reserved 1048576K
}
Event: 1037.368 GC heap before
{Heap before GC invocations=103 (full 0):
 garbage-first heap   total 91136K, used 78232K [0x0000000084e00000, 0x0000000100000000)
  region size 1024K, 34 young (34816K), 1 survivors (1024K)
 Metaspace       used 91013K, committed 91840K, reserved 1179648K
  class space    used 12080K, committed 12480K, reserved 1048576K
}
Event: 1037.370 GC heap after
{Heap after GC invocations=104 (full 0):
 garbage-first heap   total 91136K, used 45474K [0x0000000084e00000, 0x0000000100000000)
  region size 1024K, 1 young (1024K), 1 survivors (1024K)
 Metaspace       used 91013K, committed 91840K, reserved 1179648K
  class space    used 12080K, committed 12480K, reserved 1048576K
}
Event: 1039.814 GC heap before
{Heap before GC invocations=104 (full 0):
 garbage-first heap   total 91136K, used 78242K [0x0000000084e00000, 0x0000000100000000)
  region size 1024K, 34 young (34816K), 1 survivors (1024K)
 Metaspace       used 91013K, committed 91840K, reserved 1179648K
  class space    used 12080K, committed 12480K, reserved 1048576K
}
Event: 1039.816 GC heap after
{Heap after GC invocations=105 (full 0):
 garbage-first heap   total 91136K, used 45469K [0x0000000084e00000, 0x0000000100000000)
  region size 1024K, 1 young (1024K), 1 survivors (1024K)
 Metaspace       used 91013K, committed 91840K, reserved 1179648K
  class space    used 12080K, committed 12480K, reserved 1048576K
}
Event: 1042.370 GC heap before
{Heap before GC invocations=105 (full 0):
 garbage-first heap   total 91136K, used 79261K [0x0000000084e00000, 0x0000000100000000)
  region size 1024K, 34 young (34816K), 1 survivors (1024K)
 Metaspace       used 91015K, committed 91840K, reserved 1179648K
  class space    used 12081K, committed 12480K, reserved 1048576K
}
Event: 1042.373 GC heap after
{Heap after GC invocations=106 (full 0):
 garbage-first heap   total 91136K, used 45487K [0x0000000084e00000, 0x0000000100000000)
  region size 1024K, 1 young (1024K), 1 survivors (1024K)
 Metaspace       used 91015K, committed 91840K, reserved 1179648K
  class space    used 12081K, committed 12480K, reserved 1048576K
}
Event: 1044.191 GC heap before
{Heap before GC invocations=106 (full 0):
 garbage-first heap   total 91136K, used 78255K [0x0000000084e00000, 0x0000000100000000)
  region size 1024K, 34 young (34816K), 1 survivors (1024K)
 Metaspace       used 91015K, committed 91840K, reserved 1179648K
  class space    used 12081K, committed 12480K, reserved 1048576K
}
Event: 1044.194 GC heap after
{Heap after GC invocations=107 (full 0):
 garbage-first heap   total 91136K, used 45506K [0x0000000084e00000, 0x0000000100000000)
  region size 1024K, 1 young (1024K), 1 survivors (1024K)
 Metaspace       used 91015K, committed 91840K, reserved 1179648K
  class space    used 12081K, committed 12480K, reserved 1048576K
}

Deoptimization events (20 events):
Event: 1007.419 Thread 0x00000198ee479f30 Uncommon trap: trap_request=0xffffff6e fr.pc=0x0000019898558ec8 relative=0x0000000000004148
Event: 1007.419 Thread 0x00000198ee479f30 Uncommon trap: reason=loop_limit_check action=maybe_recompile pc=0x0000019898558ec8 method=org.hibernate.query.sqm.tree.select.SqmQuerySpec.containsCollectionFetches()Z @ 21 c2
Event: 1007.419 Thread 0x00000198ee479f30 DEOPT PACKING pc=0x0000019898558ec8 sp=0x000000515abfafc0
Event: 1007.419 Thread 0x00000198ee479f30 DEOPT UNPACKING pc=0x00000198971d23a3 sp=0x000000515abfac10 mode 2
Event: 1024.781 Thread 0x00000198ee47eb20 Uncommon trap: trap_request=0xffffffbe fr.pc=0x00000198985b2228 relative=0x0000000000006a68
Event: 1024.781 Thread 0x00000198ee47eb20 Uncommon trap: reason=profile_predicate action=maybe_recompile pc=0x00000198985b2228 method=java.util.concurrent.ConcurrentHashMap$Traverser.advance()Ljava/util/concurrent/ConcurrentHashMap$Node; @ 15 c2
Event: 1024.781 Thread 0x00000198ee47eb20 DEOPT PACKING pc=0x00000198985b2228 sp=0x000000515aafc1d0
Event: 1024.781 Thread 0x00000198ee47eb20 DEOPT UNPACKING pc=0x00000198971d23a3 sp=0x000000515aafbec8 mode 2
Event: 1024.925 Thread 0x00000198ee47ccc0 Uncommon trap: trap_request=0xffffffbe fr.pc=0x00000198985b2228 relative=0x0000000000006a68
Event: 1024.926 Thread 0x00000198ee47ccc0 Uncommon trap: reason=profile_predicate action=maybe_recompile pc=0x00000198985b2228 method=java.util.concurrent.ConcurrentHashMap$Traverser.advance()Ljava/util/concurrent/ConcurrentHashMap$Node; @ 15 c2
Event: 1024.926 Thread 0x00000198ee47ccc0 DEOPT PACKING pc=0x00000198985b2228 sp=0x000000515aefbf40
Event: 1024.926 Thread 0x00000198ee47ccc0 DEOPT UNPACKING pc=0x00000198971d23a3 sp=0x000000515aefbc38 mode 2
Event: 1024.948 Thread 0x00000198ee479000 Uncommon trap: trap_request=0xffffffbe fr.pc=0x00000198985b2228 relative=0x0000000000006a68
Event: 1024.948 Thread 0x00000198ee479000 Uncommon trap: reason=profile_predicate action=maybe_recompile pc=0x00000198985b2228 method=java.util.concurrent.ConcurrentHashMap$Traverser.advance()Ljava/util/concurrent/ConcurrentHashMap$Node; @ 15 c2
Event: 1024.948 Thread 0x00000198ee479000 DEOPT PACKING pc=0x00000198985b2228 sp=0x000000515affc3f0
Event: 1024.948 Thread 0x00000198ee479000 DEOPT UNPACKING pc=0x00000198971d23a3 sp=0x000000515affc0e8 mode 2
Event: 1024.968 Thread 0x00000198ee47c2a0 Uncommon trap: trap_request=0xffffffbe fr.pc=0x00000198985b2228 relative=0x0000000000006a68
Event: 1024.968 Thread 0x00000198ee47c2a0 Uncommon trap: reason=profile_predicate action=maybe_recompile pc=0x00000198985b2228 method=java.util.concurrent.ConcurrentHashMap$Traverser.advance()Ljava/util/concurrent/ConcurrentHashMap$Node; @ 15 c2
Event: 1024.968 Thread 0x00000198ee47c2a0 DEOPT PACKING pc=0x00000198985b2228 sp=0x000000515a9fc110
Event: 1024.968 Thread 0x00000198ee47c2a0 DEOPT UNPACKING pc=0x00000198971d23a3 sp=0x000000515a9fbe08 mode 2

Classes unloaded (0 events):
No events

Classes redefined (0 events):
No events

Internal exceptions (20 events):
Event: 22.527 Thread 0x00000198ed041360 Exception <a 'java/lang/ClassNotFoundException'{0x0000000088709d58}: org/springframework/boot/actuate/endpoint/jmx/DataEndpointMBean> (0x0000000088709d58) 
thrown [s\open\src\hotspot\share\classfile\systemDictionary.cpp, line 256]
Event: 22.527 Thread 0x00000198ed041360 Exception <a 'java/lang/ClassNotFoundException'{0x000000008870a108}: org/springframework/context/support/LiveBeansView> (0x000000008870a108) 
thrown [s\open\src\hotspot\share\classfile\systemDictionary.cpp, line 256]
Event: 22.538 Thread 0x00000198ed041360 Exception <a 'java/lang/NoSuchMethodError'{0x0000000088730620}: 'double java.lang.invoke.DirectMethodHandle$Holder.invokeInterface(java.lang.Object, java.lang.Object)'> (0x0000000088730620) 
thrown [s\open\src\hotspot\share\interpreter\linkResolver.cpp, line 759]
Event: 35.671 Thread 0x00000198ee479a20 Exception <a 'java/lang/NoSuchMethodError'{0x000000008a48b928}: 'java.lang.Object java.lang.invoke.DirectMethodHandle$Holder.invokeSpecial(java.lang.Object, java.lang.Object, java.lang.Object, java.lang.Object, java.lang.Object, long)'> (0x000000008a48b928) 
thrown [s\open\src\hotspot\share\interpreter\linkResolver.cpp, line 759]
Event: 35.671 Thread 0x00000198ee479a20 Exception <a 'java/lang/NoSuchMethodError'{0x000000008a48f320}: 'java.lang.Object java.lang.invoke.Invokers$Holder.linkToTargetMethod(java.lang.Object, java.lang.Object, java.lang.Object, long, java.lang.Object)'> (0x000000008a48f320) 
thrown [s\open\src\hotspot\share\interpreter\linkResolver.cpp, line 759]
Event: 35.880 Thread 0x00000198ee479a20 Exception <a 'java/lang/NoSuchMethodError'{0x0000000089fd14a8}: 'java.lang.Object java.lang.invoke.DirectMethodHandle$Holder.invokeInterface(java.lang.Object, java.lang.Object, java.lang.Object, java.lang.Object)'> (0x0000000089fd14a8) 
thrown [s\open\src\hotspot\share\interpreter\linkResolver.cpp, line 759]
Event: 35.896 Thread 0x00000198ee479a20 Exception <a 'java/lang/IncompatibleClassChangeError'{0x0000000089e71f70}: Found class java.lang.Object, but interface was expected> (0x0000000089e71f70) 
thrown [s\open\src\hotspot\share\interpreter\linkResolver.cpp, line 826]
Event: 35.992 Thread 0x00000198ee479a20 Exception <a 'java/lang/IncompatibleClassChangeError'{0x0000000089bcf6b0}: Found class java.lang.Object, but interface was expected> (0x0000000089bcf6b0) 
thrown [s\open\src\hotspot\share\interpreter\linkResolver.cpp, line 826]
Event: 36.005 Thread 0x00000198ee479a20 Exception <a 'java/lang/NoSuchMethodError'{0x0000000089a33770}: 'void java.lang.invoke.DirectMethodHandle$Holder.invokeSpecialIFC(java.lang.Object, java.lang.Object, int, java.lang.Object, java.lang.Object, java.lang.Object, java.lang.Object)'> (0x0000000089a33770) 
thrown [s\open\src\hotspot\share\interpreter\linkResolver.cpp, line 759]
Event: 36.029 Thread 0x00000198ee479a20 Exception <a 'java/lang/IncompatibleClassChangeError'{0x0000000089ae7b90}: Found class java.lang.Object, but interface was expected> (0x0000000089ae7b90) 
thrown [s\open\src\hotspot\share\interpreter\linkResolver.cpp, line 826]
Event: 36.031 Thread 0x00000198ee479a20 Exception <a 'java/lang/NoSuchMethodError'{0x00000000899079b8}: 'java.lang.Object java.lang.invoke.DirectMethodHandle$Holder.newInvokeSpecial(java.lang.Object, java.lang.Object, java.lang.Object, long)'> (0x00000000899079b8) 
thrown [s\open\src\hotspot\share\interpreter\linkResolver.cpp, line 759]
Event: 36.031 Thread 0x00000198ee479a20 Exception <a 'java/lang/NoSuchMethodError'{0x000000008990bf48}: 'java.lang.Object java.lang.invoke.DirectMethodHandle$Holder.invokeSpecial(java.lang.Object, java.lang.Object, java.lang.Object, java.lang.Object, long)'> (0x000000008990bf48) 
thrown [s\open\src\hotspot\share\interpreter\linkResolver.cpp, line 759]
Event: 36.032 Thread 0x00000198ee479a20 Exception <a 'java/lang/NoSuchMethodError'{0x000000008990fe30}: 'java.lang.Object java.lang.invoke.Invokers$Holder.linkToTargetMethod(java.lang.Object, java.lang.Object, long, java.lang.Object)'> (0x000000008990fe30) 
thrown [s\open\src\hotspot\share\interpreter\linkResolver.cpp, line 759]
Event: 59.486 Thread 0x00000198ee479f30 Exception <a 'java/lang/NullPointerException'{0x00000000894ba2c0}> (0x00000000894ba2c0) 
thrown [s\open\src\hotspot\share\interpreter\linkResolver.cpp, line 1350]
Event: 59.486 Thread 0x00000198ee479f30 Exception <a 'java/lang/reflect/InvocationTargetException'{0x00000000894baae8}> (0x00000000894baae8) 
thrown [s\open\src\hotspot\share\runtime\reflection.cpp, line 1121]
Event: 100.130 Thread 0x00000198ee47ccc0 Exception <a 'sun/nio/fs/WindowsException'{0x0000000088c3c3e0}> (0x0000000088c3c3e0) 
thrown [s\open\src\hotspot\share\prims\jni.cpp, line 516]
Event: 1024.780 Thread 0x00000198ee47eb20 Implicit null exception at 0x00000198985ad07e to 0x00000198985b21e4
Event: 1024.925 Thread 0x00000198ee47ccc0 Implicit null exception at 0x00000198985ad07e to 0x00000198985b21e4
Event: 1024.948 Thread 0x00000198ee479000 Implicit null exception at 0x00000198985ad07e to 0x00000198985b21e4
Event: 1024.968 Thread 0x00000198ee47c2a0 Implicit null exception at 0x00000198985ad07e to 0x00000198985b21e4

VM Operations (20 events):
Event: 1026.713 Executing VM operation: Cleanup
Event: 1026.714 Executing VM operation: Cleanup done
Event: 1026.872 Executing VM operation: G1CollectForAllocation
Event: 1026.874 Executing VM operation: G1CollectForAllocation done
Event: 1029.106 Executing VM operation: G1CollectForAllocation
Event: 1029.108 Executing VM operation: G1CollectForAllocation done
Event: 1031.677 Executing VM operation: G1CollectForAllocation
Event: 1031.679 Executing VM operation: G1CollectForAllocation done
Event: 1034.467 Executing VM operation: G1CollectForAllocation
Event: 1034.470 Executing VM operation: G1CollectForAllocation done
Event: 1037.367 Executing VM operation: G1CollectForAllocation
Event: 1037.376 Executing VM operation: G1CollectForAllocation done
Event: 1039.814 Executing VM operation: G1CollectForAllocation
Event: 1039.816 Executing VM operation: G1CollectForAllocation done
Event: 1041.824 Executing VM operation: Cleanup
Event: 1041.825 Executing VM operation: Cleanup done
Event: 1042.370 Executing VM operation: G1CollectForAllocation
Event: 1042.373 Executing VM operation: G1CollectForAllocation done
Event: 1044.191 Executing VM operation: G1CollectForAllocation
Event: 1044.194 Executing VM operation: G1CollectForAllocation done

Events (20 events):
Event: 957.740 Thread 0x00000198a62fffa0 flushing nmethod 0x0000019891530b10
Event: 957.741 Thread 0x00000198a62fffa0 flushing nmethod 0x0000019891667490
Event: 957.741 Thread 0x00000198a62fffa0 flushing nmethod 0x000001989167e890
Event: 959.057 Thread 0x00000198eda8ec70 Thread added: 0x00000198eda8ec70
Event: 965.737 Thread 0x00000198eda8ec70 Thread exited: 0x00000198eda8ec70
Event: 978.714 Thread 0x00000198eda8ec70 Thread added: 0x00000198eda8ec70
Event: 979.521 Thread 0x00000198eda8ec70 Thread exited: 0x00000198eda8ec70
Event: 1006.063 Thread 0x00000198eda8ec70 Thread added: 0x00000198eda8ec70
Event: 1006.096 Thread 0x00000198a62fffa0 flushing nmethod 0x000001988fc52190
Event: 1006.099 Thread 0x00000198a62fffa0 flushing nmethod 0x000001988ff70890
Event: 1006.112 Thread 0x00000198a62fffa0 flushing nmethod 0x0000019890c3ea90
Event: 1006.114 Thread 0x00000198a62fffa0 flushing nmethod 0x0000019891090f10
Event: 1006.115 Thread 0x00000198a62fffa0 flushing nmethod 0x000001989125ab90
Event: 1006.115 Thread 0x00000198a62fffa0 flushing nmethod 0x0000019891260e10
Event: 1006.115 Thread 0x00000198a62fffa0 flushing nmethod 0x0000019891297290
Event: 1006.115 Thread 0x00000198a62fffa0 flushing nmethod 0x000001989129f610
Event: 1006.115 Thread 0x00000198a62fffa0 flushing nmethod 0x00000198912a5d90
Event: 1006.115 Thread 0x00000198a62fffa0 flushing nmethod 0x00000198912ba090
Event: 1006.116 Thread 0x00000198a62fffa0 flushing nmethod 0x000001989143d610
Event: 1011.280 Thread 0x00000198eda8ec70 Thread exited: 0x00000198eda8ec70


Dynamic libraries:
0x00007ff6ff240000 - 0x00007ff6ff250000 	C:\Program Files\Java\jdk-17\bin\java.exe
0x00007fffe1330000 - 0x00007fffe1547000 	C:\Windows\SYSTEM32\ntdll.dll
0x00007fffdfda0000 - 0x00007fffdfe64000 	C:\Windows\System32\KERNEL32.DLL
0x00007fffde6f0000 - 0x00007fffdeaa9000 	C:\Windows\System32\KERNELBASE.dll
0x00007fffdeae0000 - 0x00007fffdebf1000 	C:\Windows\System32\ucrtbase.dll
0x00007fffbe0a0000 - 0x00007fffbe0bb000 	C:\Program Files\Java\jdk-17\bin\VCRUNTIME140.dll
0x00007fffaa140000 - 0x00007fffaa159000 	C:\Program Files\Java\jdk-17\bin\jli.dll
0x00007fffdfa70000 - 0x00007fffdfb22000 	C:\Windows\System32\ADVAPI32.dll
0x00007fffe0b80000 - 0x00007fffe0c27000 	C:\Windows\System32\msvcrt.dll
0x00007fffdf870000 - 0x00007fffdf917000 	C:\Windows\System32\sechost.dll
0x00007fffdef80000 - 0x00007fffdefa8000 	C:\Windows\System32\bcrypt.dll
0x00007fffe00e0000 - 0x00007fffe01f4000 	C:\Windows\System32\RPCRT4.dll
0x00007fffdf6c0000 - 0x00007fffdf86e000 	C:\Windows\System32\USER32.dll
0x00007fffc7e90000 - 0x00007fffc8122000 	C:\Windows\WinSxS\amd64_microsoft.windows.common-controls_6595b64144ccf1df_6.0.22621.4391_none_2715d37f73803e96\COMCTL32.dll
0x00007fffdeab0000 - 0x00007fffdead6000 	C:\Windows\System32\win32u.dll
0x00007fffdfec0000 - 0x00007fffdfee9000 	C:\Windows\System32\GDI32.dll
0x00007fffdec00000 - 0x00007fffded1b000 	C:\Windows\System32\gdi32full.dll
0x00007fffdefb0000 - 0x00007fffdf04a000 	C:\Windows\System32\msvcp_win.dll
0x00007fffd3eb0000 - 0x00007fffd3eba000 	C:\Windows\SYSTEM32\VERSION.dll
0x00007fffdf200000 - 0x00007fffdf231000 	C:\Windows\System32\IMM32.DLL
0x00007fffd72c0000 - 0x00007fffd72cc000 	C:\Program Files\Java\jdk-17\bin\vcruntime140_1.dll
0x00007fffa0cf0000 - 0x00007fffa0d7e000 	C:\Program Files\Java\jdk-17\bin\msvcp140.dll
0x00007fff62d40000 - 0x00007fff63921000 	C:\Program Files\Java\jdk-17\bin\server\jvm.dll
0x00007fffdfb30000 - 0x00007fffdfb38000 	C:\Windows\System32\PSAPI.DLL
0x00007fffaa130000 - 0x00007fffaa139000 	C:\Windows\SYSTEM32\WSOCK32.dll
0x00007fffe0060000 - 0x00007fffe00d1000 	C:\Windows\System32\WS2_32.dll
0x00007fffd5300000 - 0x00007fffd5334000 	C:\Windows\SYSTEM32\WINMM.dll
0x00007fffdd720000 - 0x00007fffdd738000 	C:\Windows\SYSTEM32\kernel.appcore.dll
0x00007fffaa120000 - 0x00007fffaa12a000 	C:\Program Files\Java\jdk-17\bin\jimage.dll
0x00007fffdbe70000 - 0x00007fffdc0a2000 	C:\Windows\SYSTEM32\DBGHELP.DLL
0x00007fffdf240000 - 0x00007fffdf5cf000 	C:\Windows\System32\combase.dll
0x00007fffdf5d0000 - 0x00007fffdf6a7000 	C:\Windows\System32\OLEAUT32.dll
0x00007fffd42f0000 - 0x00007fffd4322000 	C:\Windows\SYSTEM32\dbgcore.DLL
0x00007fffdef00000 - 0x00007fffdef7b000 	C:\Windows\System32\bcryptPrimitives.dll
0x00007fffa8730000 - 0x00007fffa8755000 	C:\Program Files\Java\jdk-17\bin\java.dll
0x00007fff9c0d0000 - 0x00007fff9c1a7000 	C:\Program Files\Java\jdk-17\bin\jsvml.dll
0x00007fffe0200000 - 0x00007fffe0a76000 	C:\Windows\System32\SHELL32.dll
0x00007fffdc530000 - 0x00007fffdce33000 	C:\Windows\SYSTEM32\windows.storage.dll
0x00007fffdc3f0000 - 0x00007fffdc52f000 	C:\Windows\SYSTEM32\wintypes.dll
0x00007fffdfca0000 - 0x00007fffdfd99000 	C:\Windows\System32\SHCORE.dll
0x00007fffe0a80000 - 0x00007fffe0ade000 	C:\Windows\System32\shlwapi.dll
0x00007fffde560000 - 0x00007fffde58b000 	C:\Windows\SYSTEM32\profapi.dll
0x00007fffd4850000 - 0x00007fffd4869000 	C:\Program Files\Java\jdk-17\bin\net.dll
0x00007fffd84a0000 - 0x00007fffd85d6000 	C:\Windows\SYSTEM32\WINHTTP.dll
0x00007fffddba0000 - 0x00007fffddc09000 	C:\Windows\system32\mswsock.dll
0x00007fffaa1a0000 - 0x00007fffaa1b6000 	C:\Program Files\Java\jdk-17\bin\nio.dll
0x00007fffaa180000 - 0x00007fffaa198000 	C:\Program Files\Java\jdk-17\bin\zip.dll
0x00007fffd4840000 - 0x00007fffd484a000 	C:\Program Files\Java\jdk-17\bin\management.dll
0x00007fffaa170000 - 0x00007fffaa17b000 	C:\Program Files\Java\jdk-17\bin\management_ext.dll
0x00007fffbe2d0000 - 0x00007fffbe2e7000 	C:\Windows\system32\napinsp.dll
0x00007fffbd0a0000 - 0x00007fffbd0bb000 	C:\Windows\system32\pnrpnsp.dll
0x00007fffdd140000 - 0x00007fffdd242000 	C:\Windows\SYSTEM32\DNSAPI.dll
0x00007fffdd110000 - 0x00007fffdd13d000 	C:\Windows\SYSTEM32\IPHLPAPI.DLL
0x00007fffdfef0000 - 0x00007fffdfef9000 	C:\Windows\System32\NSI.dll
0x00007fffbd060000 - 0x00007fffbd071000 	C:\Windows\System32\winrnr.dll
0x00007fffbd040000 - 0x00007fffbd055000 	C:\Windows\system32\wshbth.dll
0x00007fffbd010000 - 0x00007fffbd037000 	C:\Windows\system32\nlansp_c.dll
0x00007fffd7480000 - 0x00007fffd748a000 	C:\Windows\System32\rasadhlp.dll
0x00007fffd7130000 - 0x00007fffd71b3000 	C:\Windows\System32\fwpuclnt.dll
0x00007fffdde10000 - 0x00007fffdde2b000 	C:\Windows\SYSTEM32\CRYPTSP.dll
0x00007fffdd680000 - 0x00007fffdd6b5000 	C:\Windows\system32\rsaenh.dll
0x00007fffddcb0000 - 0x00007fffddcd8000 	C:\Windows\SYSTEM32\USERENV.dll
0x00007fffdde30000 - 0x00007fffdde3c000 	C:\Windows\SYSTEM32\CRYPTBASE.dll
0x00007fffd77a0000 - 0x00007fffd77b9000 	C:\Windows\SYSTEM32\dhcpcsvc6.DLL
0x00007fffd74b0000 - 0x00007fffd74cf000 	C:\Windows\SYSTEM32\dhcpcsvc.DLL
0x00007fff9c0c0000 - 0x00007fff9c0ce000 	C:\Program Files\Java\jdk-17\bin\sunmscapi.dll
0x00007fffded20000 - 0x00007fffdee86000 	C:\Windows\System32\CRYPT32.dll
0x00007fffddff0000 - 0x00007fffde01d000 	C:\Windows\SYSTEM32\ncrypt.dll
0x00007fffddfb0000 - 0x00007fffddfe7000 	C:\Windows\SYSTEM32\NTASN1.dll
0x00007fffc0140000 - 0x00007fffc0150000 	C:\Program Files\Java\jdk-17\bin\verify.dll
0x00007fffc4420000 - 0x00007fffc4428000 	C:\Windows\system32\wshunix.dll

dbghelp: loaded successfully - version: 4.0.5 - missing functions: none
symbol engine: initialized successfully - sym options: 0x614 - pdb path: .;C:\Program Files\Java\jdk-17\bin;C:\Windows\SYSTEM32;C:\Windows\WinSxS\amd64_microsoft.windows.common-controls_6595b64144ccf1df_6.0.22621.4391_none_2715d37f73803e96;C:\Program Files\Java\jdk-17\bin\server

VM Arguments:
jvm_args: -XX:+ShowCodeDetailsInExceptionMessages -Dspring.jmx.enabled=true -Dmanagement.endpoints.jmx.exposure.include=* -Dspring.application.admin.enabled=true -Dspring.boot.project.name=ecommerce -Djava.rmi.server.hostname=localhost -Dcom.sun.management.jmxremote.port=45556 -Dcom.sun.management.jmxremote.authenticate=false -Dcom.sun.management.jmxremote.ssl=false 
java_command: com.main.ecommerce.EcommerceApplication
java_class_path (initial): C:\Users\durbu\OneDrive\Desktop\New folder\prevoyance\ecommerce\target\classes;C:\Users\durbu\.m2\repository\org\springframework\boot\spring-boot-starter-actuator\3.4.0\spring-boot-starter-actuator-3.4.0.jar;C:\Users\durbu\.m2\repository\org\springframework\boot\spring-boot-starter\3.4.0\spring-boot-starter-3.4.0.jar;C:\Users\durbu\.m2\repository\org\springframework\boot\spring-boot-starter-logging\3.4.0\spring-boot-starter-logging-3.4.0.jar;C:\Users\durbu\.m2\repository\ch\qos\logback\logback-classic\1.5.12\logback-classic-1.5.12.jar;C:\Users\durbu\.m2\repository\ch\qos\logback\logback-core\1.5.12\logback-core-1.5.12.jar;C:\Users\durbu\.m2\repository\org\apache\logging\log4j\log4j-to-slf4j\2.24.1\log4j-to-slf4j-2.24.1.jar;C:\Users\durbu\.m2\repository\org\apache\logging\log4j\log4j-api\2.24.1\log4j-api-2.24.1.jar;C:\Users\durbu\.m2\repository\org\slf4j\jul-to-slf4j\2.0.16\jul-to-slf4j-2.0.16.jar;C:\Users\durbu\.m2\repository\jakarta\annotation\jakarta.annotation-api\2.1.1\jakarta.annotation-api-2.1.1.jar;C:\Users\durbu\.m2\repository\org\yaml\snakeyaml\2.3\snakeyaml-2.3.jar;C:\Users\durbu\.m2\repository\org\springframework\boot\spring-boot-actuator-autoconfigure\3.4.0\spring-boot-actuator-autoconfigure-3.4.0.jar;C:\Users\durbu\.m2\repository\org\springframework\boot\spring-boot-actuator\3.4.0\spring-boot-actuator-3.4.0.jar;C:\Users\durbu\.m2\repository\com\fasterxml\jackson\datatype\jackson-datatype-jsr310\2.18.1\jackson-datatype-jsr310-2.18.1.jar;C:\Users\durbu\.m2\repository\io\micrometer\micrometer-observation\1.14.1\micrometer-observation-1.14.1.jar;C:\Users\durbu\.m2\repository\io\micrometer\micrometer-commons\1.14.1\micrometer-commons-1.14.1.jar;C:\Users\durbu\.m2\repository\io\micrometer\micrometer-jakarta9\1.14.1\micrometer-jakarta9-1.14.1.jar;C:\Users\durbu\.m2\repository\io\micrometer\micrometer-core\1.14.1\micrometer-core-1.14.1.jar;C:\Users\durbu\.m2\repository\org\hdrhistogram\HdrHistogram\2.2.2\HdrHistogram-2.2.2.jar;C:\Us
Launcher Type: SUN_STANDARD

[Global flags]
     intx CICompilerCount                          = 4                                         {product} {ergonomic}
     uint ConcGCThreads                            = 2                                         {product} {ergonomic}
     uint G1ConcRefinementThreads                  = 8                                         {product} {ergonomic}
   size_t G1HeapRegionSize                         = 1048576                                   {product} {ergonomic}
    uintx GCDrainStackTargetSize                   = 64                                        {product} {ergonomic}
   size_t InitialHeapSize                          = 130023424                                 {product} {ergonomic}
     bool ManagementServer                         = true                                      {product} {command line}
   size_t MarkStackSize                            = 4194304                                   {product} {ergonomic}
   size_t MaxHeapSize                              = 2065694720                                {product} {ergonomic}
   size_t MaxNewSize                               = 1239416832                                {product} {ergonomic}
   size_t MinHeapDeltaBytes                        = 1048576                                   {product} {ergonomic}
   size_t MinHeapSize                              = 8388608                                   {product} {ergonomic}
    uintx NonNMethodCodeHeapSize                   = 5839372                                {pd product} {ergonomic}
    uintx NonProfiledCodeHeapSize                  = 122909434                              {pd product} {ergonomic}
    uintx ProfiledCodeHeapSize                     = 122909434                              {pd product} {ergonomic}
    uintx ReservedCodeCacheSize                    = 251658240                              {pd product} {ergonomic}
     bool SegmentedCodeCache                       = true                                      {product} {ergonomic}
     bool ShowCodeDetailsInExceptionMessages       = true                                   {manageable} {command line}
   size_t SoftMaxHeapSize                          = 2065694720                             {manageable} {ergonomic}
     bool UseCompressedClassPointers               = true                           {product lp64_product} {ergonomic}
     bool UseCompressedOops                        = true                           {product lp64_product} {ergonomic}
     bool UseG1GC                                  = true                                      {product} {ergonomic}
     bool UseLargePagesIndividualAllocation        = false                                  {pd product} {ergonomic}

Logging:
Log output configuration:
 #0: stdout all=warning uptime,level,tags
 #1: stderr all=off uptime,level,tags

Environment Variables:
PATH=C:\Program Files\Common Files\Oracle\Java\javapath;C:\Windows\system32;C:\Windows;C:\Windows\System32\Wbem;C:\Windows\System32\WindowsPowerShell\v1.0\;C:\Windows\System32\OpenSSH\;C:\MinGW\bin;C:\Program Files\Git\cmd;C:\Program Files\Git\mingw64\bin;C:\Program Files\Git\usr\bin;C:\Program Files\Java\jdk-17\bin;C:\Program Files\nodejs\;C:\Users\durbu\AppData\Local\Programs\Python\Python312\Scripts\;C:\Users\durbu\AppData\Local\Programs\Python\Python312\;C:\Users\durbu\AppData\Local\Programs\Python\Launcher\;C:\Users\durbu\AppData\Local\Microsoft\WindowsApps;C:\Users\durbu\AppData\Local\Programs\Microsoft VS Code\bin;C:\Program Files\Java\jdk-17\bin;C:\MinGW\bin;C:\Program Files\MySQL\MySQL Server 8.3\bin;C:\Users\durbu\AppData\Roaming\npm
USERNAME=durbu
LANG=en_US.UTF-8
OS=Windows_NT
PROCESSOR_IDENTIFIER=Intel64 Family 6 Model 154 Stepping 4, GenuineIntel



---------------  S Y S T E M  ---------------

OS:
 Windows 11 , 64 bit Build 22621 (10.0.22621.4391)
OS uptime: 10 days 10:57 hours
Hyper-V role detected

CPU: total 8 (initial active 8) (4 cores per cpu, 2 threads per core) family 6 model 154 stepping 4 microcode 0x42c, cx8, cmov, fxsr, ht, mmx, 3dnowpref, sse, sse2, sse3, ssse3, sse4.1, sse4.2, popcnt, lzcnt, tsc, tscinvbit, avx, avx2, aes, erms, clmul, bmi1, bmi2, adx, sha, fma, vzeroupper, clflush, clflushopt, clwb, hv

Memory: 4k page, system-wide physical 7877M (322M free)
TotalPageFile size 32453M (AvailPageFile size 1M)
current process WorkingSet (physical memory assigned to process): 233M, peak: 336M
current process commit charge ("private bytes"): 393M, peak: 405M

vm_info: Java HotSpot(TM) 64-Bit Server VM (17.0.9+11-LTS-201) for windows-amd64 JRE (17.0.9+11-LTS-201), built on Oct 10 2023 23:16:06 by "mach5one" with MS VC++ 17.1 (VS2022)

END.
