#
# There is insufficient memory for the Java Runtime Environment to continue.
# Native memory allocation (malloc) failed to allocate 798576 bytes. Error detail: Chunk::new
# Possible reasons:
#   The system is out of physical RAM or swap space
#   This process is running with CompressedOops enabled, and the Java Heap may be blocking the growth of the native heap
# Possible solutions:
#   Reduce memory load on the system
#   Increase physical memory or swap space
#   Check if swap backing store is full
#   Decrease Java heap size (-Xmx/-Xms)
#   Decrease number of Java threads
#   Decrease Java thread stack sizes (-Xss)
#   Set larger code cache with -XX:ReservedCodeCacheSize=
#   JVM is running with Unscaled Compressed Oops mode in which the Java heap is
#     placed in the first 4GB address space. The Java Heap base address is the
#     maximum limit for the native heap growth. Please use -XX:HeapBaseMinAddress
#     to set the Java Heap base and to place the Java Heap above 4GB virtual address.
# This output file may be truncated or incomplete.
#
#  Out of Memory Error (arena.cpp:191), pid=20356, tid=10688
#
# JRE version: OpenJDK Runtime Environment Temurin-17.0.13+11 (17.0.13+11) (build 17.0.13+11)
# Java VM: OpenJDK 64-Bit Server VM Temurin-17.0.13+11 (17.0.13+11, mixed mode, tiered, compressed oops, compressed class ptrs, parallel gc, windows-amd64)
# No core dump will be written. Minidumps are not enabled by default on client versions of Windows
#

---------------  S U M M A R Y ------------

Command Line: --add-modules=ALL-SYSTEM --add-opens=java.base/java.util=ALL-UNNAMED --add-opens=java.base/java.lang=ALL-UNNAMED --add-opens=java.base/sun.nio.fs=ALL-UNNAMED -Declipse.application=org.eclipse.jdt.ls.core.id1 -Dosgi.bundles.defaultStartLevel=4 -Declipse.product=org.eclipse.jdt.ls.core.product -Djava.import.generatesMetadataFilesAtProjectRoot=false -DDetectVMInstallationsJob.disabled=true -Dfile.encoding=utf8 -XX:+UseParallelGC -XX:GCTimeRatio=4 -XX:AdaptiveSizePolicyWeight=90 -Dsun.zip.disableMemoryMapping=true -Xmx1G -Xms100m -Xlog:disable -javaagent:c:\Users\durbu\.vscode\extensions\redhat.java-1.37.0-win32-x64\lombok\lombok-1.18.34.jar -XX:+HeapDumpOnOutOfMemoryError -XX:HeapDumpPath=c:\Users\durbu\AppData\Roaming\Code\User\workspaceStorage\52ca2395a570dc7106177641f68a08f4\redhat.java -Daether.dependencyCollector.impl=bf c:\Users\durbu\.vscode\extensions\redhat.java-1.37.0-win32-x64\server\plugins\org.eclipse.equinox.launcher_1.6.900.v20240613-2009.jar -configuration c:\Users\durbu\AppData\Roaming\Code\User\globalStorage\redhat.java\1.37.0\config_win -data c:\Users\durbu\AppData\Roaming\Code\User\workspaceStorage\52ca2395a570dc7106177641f68a08f4\redhat.java\jdt_ws --pipe=\\.\pipe\lsp-02ce460a56eca9c8cc83228b84d3aac0-sock

Host: 12th Gen Intel(R) Core(TM) i3-1215U, 8 cores, 7G,  Windows 11 , 64 bit Build 22621 (10.0.22621.4391)
Time: Fri Dec  6 10:35:11 2024 India Standard Time elapsed time: 4.735610 seconds (0d 0h 0m 4s)

---------------  T H R E A D  ---------------

Current thread (0x000002219da06890):  JavaThread "C2 CompilerThread0" daemon [_thread_in_native, id=10688, stack(0x0000002e7d800000,0x0000002e7d900000)]


Current CompileTask:
C2:   4735 3728       4       jdk.internal.org.objectweb.asm.Frame::execute (2318 bytes)

Stack: [0x0000002e7d800000,0x0000002e7d900000]
Native frames: (J=compiled Java code, j=interpreted, Vv=VM code, C=native code)
V  [jvm.dll+0x682a19]
V  [jvm.dll+0x839538]
V  [jvm.dll+0x83afe3]
V  [jvm.dll+0x83b653]
V  [jvm.dll+0x24704f]
V  [jvm.dll+0xace34]
V  [jvm.dll+0xad4cc]
V  [jvm.dll+0x2ac84f]
V  [jvm.dll+0x588a79]
V  [jvm.dll+0x220ea2]
V  [jvm.dll+0x22129f]
V  [jvm.dll+0x21a2b0]
V  [jvm.dll+0x21738b]
V  [jvm.dll+0x1a3070]
V  [jvm.dll+0x22788c]
V  [jvm.dll+0x2259eb]
V  [jvm.dll+0x7eec98]
V  [jvm.dll+0x7e8ffc]
V  [jvm.dll+0x6818f7]
C  [ucrtbase.dll+0x29333]
C  [KERNEL32.DLL+0x1259d]
C  [ntdll.dll+0x5af38]


---------------  P R O C E S S  ---------------

Threads class SMR info:
_java_thread_list=0x000002219f8ad270, length=25, elements={
0x000002218486df00, 0x00000221986fea40, 0x000002219d9d49c0, 0x000002219da00320,
0x000002219da011a0, 0x000002219da02ed0, 0x000002219da03a90, 0x000002219da06890,
0x000002219da6e1f0, 0x000002219da70fb0, 0x000002219dae3aa0, 0x000002219dd4b750,
0x000002219eab5f20, 0x000002219eab4ff0, 0x000002219eab6940, 0x000002219eab5a10,
0x000002219eab6430, 0x000002219eab6e50, 0x000002219eab45d0, 0x000002219eab7360,
0x000002219eab3bb0, 0x000002219eab4ae0, 0x000002219fb1cd00, 0x000002219fb1c7f0,
0x000002219fbcee60
}

Java Threads: ( => current thread )
  0x000002218486df00 JavaThread "main" [_thread_blocked, id=9728, stack(0x0000002e7cf00000,0x0000002e7d000000)]
  0x00000221986fea40 JavaThread "Reference Handler" daemon [_thread_blocked, id=23816, stack(0x0000002e7d200000,0x0000002e7d300000)]
  0x000002219d9d49c0 JavaThread "Finalizer" daemon [_thread_blocked, id=23984, stack(0x0000002e7d300000,0x0000002e7d400000)]
  0x000002219da00320 JavaThread "Signal Dispatcher" daemon [_thread_blocked, id=22620, stack(0x0000002e7d400000,0x0000002e7d500000)]
  0x000002219da011a0 JavaThread "Attach Listener" daemon [_thread_blocked, id=11484, stack(0x0000002e7d500000,0x0000002e7d600000)]
  0x000002219da02ed0 JavaThread "Service Thread" daemon [_thread_blocked, id=19536, stack(0x0000002e7d600000,0x0000002e7d700000)]
  0x000002219da03a90 JavaThread "Monitor Deflation Thread" daemon [_thread_blocked, id=20316, stack(0x0000002e7d700000,0x0000002e7d800000)]
=>0x000002219da06890 JavaThread "C2 CompilerThread0" daemon [_thread_in_native, id=10688, stack(0x0000002e7d800000,0x0000002e7d900000)]
  0x000002219da6e1f0 JavaThread "C1 CompilerThread0" daemon [_thread_blocked, id=21424, stack(0x0000002e7d900000,0x0000002e7da00000)]
  0x000002219da70fb0 JavaThread "Sweeper thread" daemon [_thread_blocked, id=22796, stack(0x0000002e7da00000,0x0000002e7db00000)]
  0x000002219dae3aa0 JavaThread "Common-Cleaner" daemon [_thread_blocked, id=1688, stack(0x0000002e7db00000,0x0000002e7dc00000)]
  0x000002219dd4b750 JavaThread "Notification Thread" daemon [_thread_blocked, id=20380, stack(0x0000002e7dc00000,0x0000002e7dd00000)]
  0x000002219eab5f20 JavaThread "Active Thread: Equinox Container: 6f8e7a31-e2bc-4a32-90d7-b286841a301b" [_thread_blocked, id=19932, stack(0x0000002e7e600000,0x0000002e7e700000)]
  0x000002219eab4ff0 JavaThread "Refresh Thread: Equinox Container: 6f8e7a31-e2bc-4a32-90d7-b286841a301b" daemon [_thread_blocked, id=10308, stack(0x0000002e7df00000,0x0000002e7e000000)]
  0x000002219eab6940 JavaThread "Framework Event Dispatcher: Equinox Container: 6f8e7a31-e2bc-4a32-90d7-b286841a301b" daemon [_thread_blocked, id=7912, stack(0x0000002e7e700000,0x0000002e7e800000)]
  0x000002219eab5a10 JavaThread "Start Level: Equinox Container: 6f8e7a31-e2bc-4a32-90d7-b286841a301b" daemon [_thread_in_Java, id=22856, stack(0x0000002e7e800000,0x0000002e7e900000)]
  0x000002219eab6430 JavaThread "Bundle File Closer" daemon [_thread_blocked, id=18452, stack(0x0000002e7ea00000,0x0000002e7eb00000)]
  0x000002219eab6e50 JavaThread "SCR Component Actor" daemon [_thread_blocked, id=23012, stack(0x0000002e7eb00000,0x0000002e7ec00000)]
  0x000002219eab45d0 JavaThread "SCR Component Registry" daemon [_thread_blocked, id=12320, stack(0x0000002e7ec00000,0x0000002e7ed00000)]
  0x000002219eab7360 JavaThread "Worker-JM" [_thread_blocked, id=19764, stack(0x0000002e7ed00000,0x0000002e7ee00000)]
  0x000002219eab3bb0 JavaThread "JNA Cleaner" daemon [_thread_blocked, id=23040, stack(0x0000002e7de00000,0x0000002e7df00000)]
  0x000002219eab4ae0 JavaThread "Worker-0" [_thread_blocked, id=23584, stack(0x0000002e7ee00000,0x0000002e7ef00000)]
  0x000002219fb1cd00 JavaThread "Worker-1: Refreshing workspace" [_thread_in_Java, id=16804, stack(0x0000002e7ef00000,0x0000002e7f000000)]
  0x000002219fb1c7f0 JavaThread "Worker-2" [_thread_blocked, id=21356, stack(0x0000002e7f000000,0x0000002e7f100000)]
  0x000002219fbcee60 JavaThread "C2 CompilerThread1" daemon [_thread_in_native, id=18896, stack(0x0000002e7f100000,0x0000002e7f200000)]

Other Threads:
  0x000002219d9c0c20 VMThread "VM Thread" [stack: 0x0000002e7d100000,0x0000002e7d200000] [id=22584]
  0x000002219dd4bc30 WatcherThread [stack: 0x0000002e7dd00000,0x0000002e7de00000] [id=15500]
  0x0000022184883ad0 GCTaskThread "GC Thread#0" [stack: 0x0000002e7d000000,0x0000002e7d100000] [id=17184]
  0x000002219f25f1f0 GCTaskThread "GC Thread#1" [stack: 0x0000002e7e000000,0x0000002e7e100000] [id=13668]
  0x000002219f0334d0 GCTaskThread "GC Thread#2" [stack: 0x0000002e7e100000,0x0000002e7e200000] [id=2588]
  0x000002219f033790 GCTaskThread "GC Thread#3" [stack: 0x0000002e7e200000,0x0000002e7e300000] [id=7780]
  0x000002219f033a50 GCTaskThread "GC Thread#4" [stack: 0x0000002e7e300000,0x0000002e7e400000] [id=10736]
  0x000002219f20b3d0 GCTaskThread "GC Thread#5" [stack: 0x0000002e7e400000,0x0000002e7e500000] [id=5708]
  0x000002219f20b690 GCTaskThread "GC Thread#6" [stack: 0x0000002e7e500000,0x0000002e7e600000] [id=13032]
  0x000002219f55b190 GCTaskThread "GC Thread#7" [stack: 0x0000002e7e900000,0x0000002e7ea00000] [id=13128]

Threads with active compile tasks:
C2 CompilerThread0     4799 3728       4       jdk.internal.org.objectweb.asm.Frame::execute (2318 bytes)
C2 CompilerThread1     4799 3854       4       java.lang.invoke.MethodType::makeImpl (109 bytes)

VM state: not at safepoint (normal execution)

VM Mutex/Monitor currently owned by a thread: None

Heap address: 0x00000000c0000000, size: 1024 MB, Compressed Oops mode: 32-bit

CDS archive(s) not mapped
Compressed class space mapped at: 0x0000000100000000-0x0000000140000000, reserved size: 1073741824
Narrow klass base: 0x0000000000000000, Narrow klass shift: 3, Narrow klass range: 0x140000000

GC Precious Log:
 CPUs: 8 total, 8 available
 Memory: 7877M
 Large Page Support: Disabled
 NUMA Support: Disabled
 Compressed Oops: Enabled (32-bit)
 Alignments: Space 512K, Generation 512K, Heap 2M
 Heap Min Capacity: 100M
 Heap Initial Capacity: 100M
 Heap Max Capacity: 1G
 Pre-touch: Disabled
 Parallel Workers: 8

Heap:
 PSYoungGen      total 27648K, used 14690K [0x00000000eab00000, 0x00000000eca00000, 0x0000000100000000)
  eden space 24576K, 47% used [0x00000000eab00000,0x00000000eb6732e8,0x00000000ec300000)
  from space 3072K, 96% used [0x00000000ec500000,0x00000000ec7e58c0,0x00000000ec800000)
  to   space 2048K, 0% used [0x00000000ec800000,0x00000000ec800000,0x00000000eca00000)
 ParOldGen       total 68608K, used 10691K [0x00000000c0000000, 0x00000000c4300000, 0x00000000eab00000)
  object space 68608K, 15% used [0x00000000c0000000,0x00000000c0a70dd8,0x00000000c4300000)
 Metaspace       used 28834K, committed 29760K, reserved 1114112K
  class space    used 2975K, committed 3392K, reserved 1048576K

Card table byte_map: [0x0000022184200000,0x0000022184410000] _byte_map_base: 0x0000022183c00000

Marking Bits: (ParMarkBitMap*) 0x00007fff84796940
 Begin Bits: [0x0000022196500000, 0x0000022197500000)
 End Bits:   [0x0000022197500000, 0x0000022198500000)

Polling page: 0x00000221827b0000

Metaspace:

Usage:
  Non-class:     25.25 MB used.
      Class:      2.91 MB used.
       Both:     28.16 MB used.

Virtual space:
  Non-class space:       64.00 MB reserved,      25.75 MB ( 40%) committed,  1 nodes.
      Class space:        1.00 GB reserved,       3.31 MB ( <1%) committed,  1 nodes.
             Both:        1.06 GB reserved,      29.06 MB (  3%) committed. 

Chunk freelists:
   Non-Class:  6.31 MB
       Class:  12.72 MB
        Both:  19.03 MB

MaxMetaspaceSize: unlimited
CompressedClassSpaceSize: 1.00 GB
Initial GC threshold: 21.00 MB
Current GC threshold: 35.00 MB
CDS: off
MetaspaceReclaimPolicy: balanced
 - commit_granule_bytes: 65536.
 - commit_granule_words: 8192.
 - virtual_space_node_default_size: 8388608.
 - enlarge_chunks_in_place: 1.
 - new_chunks_are_fully_committed: 0.
 - uncommit_free_chunks: 1.
 - use_allocation_guard: 0.
 - handle_deallocations: 1.


Internal statistics:

num_allocs_failed_limit: 3.
num_arena_births: 578.
num_arena_deaths: 0.
num_vsnodes_births: 2.
num_vsnodes_deaths: 0.
num_space_committed: 465.
num_space_uncommitted: 0.
num_chunks_returned_to_freelist: 3.
num_chunks_taken_from_freelist: 1461.
num_chunk_merges: 3.
num_chunk_splits: 916.
num_chunks_enlarged: 540.
num_inconsistent_stats: 0.

CodeHeap 'non-profiled nmethods': size=120000Kb used=1637Kb max_used=1637Kb free=118362Kb
 bounds [0x000002218efd0000, 0x000002218f240000, 0x0000022196500000]
CodeHeap 'profiled nmethods': size=120000Kb used=7939Kb max_used=7939Kb free=112060Kb
 bounds [0x0000022187500000, 0x0000022187cd0000, 0x000002218ea30000]
CodeHeap 'non-nmethods': size=5760Kb used=1223Kb max_used=1247Kb free=4536Kb
 bounds [0x000002218ea30000, 0x000002218eca0000, 0x000002218efd0000]
 total_blobs=4429 nmethods=3898 adapters=445
 compilation: enabled
              stopped_count=0, restarted_count=0
 full_count=0

Compilation events (20 events):
Event: 4.708 Thread 0x000002219da6e1f0 3792       3       java.util.TimSort::binarySort (223 bytes)
Event: 4.709 Thread 0x000002219da6e1f0 nmethod 3792 0x0000022187c8c390 code [0x0000022187c8c5a0, 0x0000022187c8cf78]
Event: 4.709 Thread 0x000002219da6e1f0 3796       3       java.io.ObjectStreamClass$FieldReflector::setObjFieldValues (263 bytes)
Event: 4.711 Thread 0x000002219da6e1f0 nmethod 3796 0x0000022187c8d290 code [0x0000022187c8d660, 0x0000022187c8ebf8]
Event: 4.711 Thread 0x000002219da6e1f0 3798   !   3       java.io.ObjectInputStream::readSerialData (549 bytes)
Event: 4.715 Thread 0x000002219da6e1f0 nmethod 3798 0x0000022187c8f590 code [0x0000022187c8faa0, 0x0000022187c92798]
Event: 4.715 Thread 0x000002219da6e1f0 3799       3       java.io.ObjectInputStream$BlockDataInputStream::skipBlockData (32 bytes)
Event: 4.715 Thread 0x000002219da6e1f0 nmethod 3799 0x0000022187c93e10 code [0x0000022187c93fe0, 0x0000022187c942d8]
Event: 4.715 Thread 0x000002219da6e1f0 3794       3       java.io.SerialCallbackContext::check (59 bytes)
Event: 4.716 Thread 0x000002219da6e1f0 nmethod 3794 0x0000022187c94410 code [0x0000022187c946c0, 0x0000022187c95218]
Event: 4.716 Thread 0x000002219da6e1f0 3795       3       java.io.ObjectInputStream::readInt (8 bytes)
Event: 4.716 Thread 0x000002219da6e1f0 nmethod 3795 0x0000022187c95610 code [0x0000022187c957c0, 0x0000022187c95908]
Event: 4.716 Thread 0x000002219da6e1f0 3797   !   3       java.io.ObjectStreamClass::newInstance (157 bytes)
Event: 4.718 Thread 0x000002219da6e1f0 nmethod 3797 0x0000022187c95a10 code [0x0000022187c95e00, 0x0000022187c97838]
Event: 4.718 Thread 0x000002219da6e1f0 3800       1       org.apache.felix.scr.impl.metadata.ReferenceMetadata::isStatic (5 bytes)
Event: 4.718 Thread 0x000002219da6e1f0 nmethod 3800 0x000002218f15dc10 code [0x000002218f15dda0, 0x000002218f15de78]
Event: 4.720 Thread 0x000002219da6e1f0 3803       1       org.apache.felix.scr.impl.inject.RefPair::isFailed (5 bytes)
Event: 4.720 Thread 0x000002219da6e1f0 nmethod 3803 0x000002218f15df10 code [0x000002218f15e0a0, 0x000002218f15e178]
Event: 4.722 Thread 0x000002219da6e1f0 3804       3       java.lang.ClassLoader::getDefinedPackage (36 bytes)
Event: 4.722 Thread 0x000002219da6e1f0 nmethod 3804 0x0000022187c98710 code [0x0000022187c98900, 0x0000022187c98ec8]

GC Heap History (16 events):
Event: 1.095 GC heap before
{Heap before GC invocations=1 (full 0):
 PSYoungGen      total 29696K, used 25600K [0x00000000eab00000, 0x00000000ecc00000, 0x0000000100000000)
  eden space 25600K, 100% used [0x00000000eab00000,0x00000000ec400000,0x00000000ec400000)
  from space 4096K, 0% used [0x00000000ec800000,0x00000000ec800000,0x00000000ecc00000)
  to   space 4096K, 0% used [0x00000000ec400000,0x00000000ec400000,0x00000000ec800000)
 ParOldGen       total 68608K, used 0K [0x00000000c0000000, 0x00000000c4300000, 0x00000000eab00000)
  object space 68608K, 0% used [0x00000000c0000000,0x00000000c0000000,0x00000000c4300000)
 Metaspace       used 10958K, committed 11072K, reserved 1114112K
  class space    used 1090K, committed 1152K, reserved 1048576K
}
Event: 1.101 GC heap after
{Heap after GC invocations=1 (full 0):
 PSYoungGen      total 29696K, used 3156K [0x00000000eab00000, 0x00000000ecc00000, 0x0000000100000000)
  eden space 25600K, 0% used [0x00000000eab00000,0x00000000eab00000,0x00000000ec400000)
  from space 4096K, 77% used [0x00000000ec400000,0x00000000ec715330,0x00000000ec800000)
  to   space 4096K, 0% used [0x00000000ec800000,0x00000000ec800000,0x00000000ecc00000)
 ParOldGen       total 68608K, used 16K [0x00000000c0000000, 0x00000000c4300000, 0x00000000eab00000)
  object space 68608K, 0% used [0x00000000c0000000,0x00000000c0004000,0x00000000c4300000)
 Metaspace       used 10958K, committed 11072K, reserved 1114112K
  class space    used 1090K, committed 1152K, reserved 1048576K
}
Event: 1.861 GC heap before
{Heap before GC invocations=2 (full 0):
 PSYoungGen      total 29696K, used 28756K [0x00000000eab00000, 0x00000000ecc00000, 0x0000000100000000)
  eden space 25600K, 100% used [0x00000000eab00000,0x00000000ec400000,0x00000000ec400000)
  from space 4096K, 77% used [0x00000000ec400000,0x00000000ec715330,0x00000000ec800000)
  to   space 4096K, 0% used [0x00000000ec800000,0x00000000ec800000,0x00000000ecc00000)
 ParOldGen       total 68608K, used 16K [0x00000000c0000000, 0x00000000c4300000, 0x00000000eab00000)
  object space 68608K, 0% used [0x00000000c0000000,0x00000000c0004000,0x00000000c4300000)
 Metaspace       used 14446K, committed 14656K, reserved 1114112K
  class space    used 1440K, committed 1536K, reserved 1048576K
}
Event: 1.868 GC heap after
{Heap after GC invocations=2 (full 0):
 PSYoungGen      total 29696K, used 4084K [0x00000000eab00000, 0x00000000ecc00000, 0x0000000100000000)
  eden space 25600K, 0% used [0x00000000eab00000,0x00000000eab00000,0x00000000ec400000)
  from space 4096K, 99% used [0x00000000ec800000,0x00000000ecbfd000,0x00000000ecc00000)
  to   space 4096K, 0% used [0x00000000ec400000,0x00000000ec400000,0x00000000ec800000)
 ParOldGen       total 68608K, used 1533K [0x00000000c0000000, 0x00000000c4300000, 0x00000000eab00000)
  object space 68608K, 2% used [0x00000000c0000000,0x00000000c017f420,0x00000000c4300000)
 Metaspace       used 14446K, committed 14656K, reserved 1114112K
  class space    used 1440K, committed 1536K, reserved 1048576K
}
Event: 2.385 GC heap before
{Heap before GC invocations=3 (full 0):
 PSYoungGen      total 29696K, used 29684K [0x00000000eab00000, 0x00000000ecc00000, 0x0000000100000000)
  eden space 25600K, 100% used [0x00000000eab00000,0x00000000ec400000,0x00000000ec400000)
  from space 4096K, 99% used [0x00000000ec800000,0x00000000ecbfd000,0x00000000ecc00000)
  to   space 4096K, 0% used [0x00000000ec400000,0x00000000ec400000,0x00000000ec800000)
 ParOldGen       total 68608K, used 1533K [0x00000000c0000000, 0x00000000c4300000, 0x00000000eab00000)
  object space 68608K, 2% used [0x00000000c0000000,0x00000000c017f420,0x00000000c4300000)
 Metaspace       used 16217K, committed 16448K, reserved 1114112K
  class space    used 1635K, committed 1728K, reserved 1048576K
}
Event: 2.392 GC heap after
{Heap after GC invocations=3 (full 0):
 PSYoungGen      total 29696K, used 4086K [0x00000000eab00000, 0x00000000ecc00000, 0x0000000100000000)
  eden space 25600K, 0% used [0x00000000eab00000,0x00000000eab00000,0x00000000ec400000)
  from space 4096K, 99% used [0x00000000ec400000,0x00000000ec7fdb60,0x00000000ec800000)
  to   space 4096K, 0% used [0x00000000ec800000,0x00000000ec800000,0x00000000ecc00000)
 ParOldGen       total 68608K, used 5517K [0x00000000c0000000, 0x00000000c4300000, 0x00000000eab00000)
  object space 68608K, 8% used [0x00000000c0000000,0x00000000c0563620,0x00000000c4300000)
 Metaspace       used 16217K, committed 16448K, reserved 1114112K
  class space    used 1635K, committed 1728K, reserved 1048576K
}
Event: 3.045 GC heap before
{Heap before GC invocations=4 (full 0):
 PSYoungGen      total 29696K, used 29686K [0x00000000eab00000, 0x00000000ecc00000, 0x0000000100000000)
  eden space 25600K, 100% used [0x00000000eab00000,0x00000000ec400000,0x00000000ec400000)
  from space 4096K, 99% used [0x00000000ec400000,0x00000000ec7fdb60,0x00000000ec800000)
  to   space 4096K, 0% used [0x00000000ec800000,0x00000000ec800000,0x00000000ecc00000)
 ParOldGen       total 68608K, used 5517K [0x00000000c0000000, 0x00000000c4300000, 0x00000000eab00000)
  object space 68608K, 8% used [0x00000000c0000000,0x00000000c0563620,0x00000000c4300000)
 Metaspace       used 19573K, committed 19904K, reserved 1114112K
  class space    used 1991K, committed 2112K, reserved 1048576K
}
Event: 3.051 GC heap after
{Heap after GC invocations=4 (full 0):
 PSYoungGen      total 29696K, used 4084K [0x00000000eab00000, 0x00000000ecc00000, 0x0000000100000000)
  eden space 25600K, 0% used [0x00000000eab00000,0x00000000eab00000,0x00000000ec400000)
  from space 4096K, 99% used [0x00000000ec800000,0x00000000ecbfd1d8,0x00000000ecc00000)
  to   space 4096K, 0% used [0x00000000ec400000,0x00000000ec400000,0x00000000ec800000)
 ParOldGen       total 68608K, used 6467K [0x00000000c0000000, 0x00000000c4300000, 0x00000000eab00000)
  object space 68608K, 9% used [0x00000000c0000000,0x00000000c0650cd8,0x00000000c4300000)
 Metaspace       used 19573K, committed 19904K, reserved 1114112K
  class space    used 1991K, committed 2112K, reserved 1048576K
}
Event: 3.254 GC heap before
{Heap before GC invocations=5 (full 0):
 PSYoungGen      total 29696K, used 13351K [0x00000000eab00000, 0x00000000ecc00000, 0x0000000100000000)
  eden space 25600K, 36% used [0x00000000eab00000,0x00000000eb40cbf8,0x00000000ec400000)
  from space 4096K, 99% used [0x00000000ec800000,0x00000000ecbfd1d8,0x00000000ecc00000)
  to   space 4096K, 0% used [0x00000000ec400000,0x00000000ec400000,0x00000000ec800000)
 ParOldGen       total 68608K, used 6467K [0x00000000c0000000, 0x00000000c4300000, 0x00000000eab00000)
  object space 68608K, 9% used [0x00000000c0000000,0x00000000c0650cd8,0x00000000c4300000)
 Metaspace       used 21102K, committed 21504K, reserved 1114112K
  class space    used 2126K, committed 2304K, reserved 1048576K
}
Event: 3.257 GC heap after
{Heap after GC invocations=5 (full 0):
 PSYoungGen      total 29696K, used 4081K [0x00000000eab00000, 0x00000000ece00000, 0x0000000100000000)
  eden space 25600K, 0% used [0x00000000eab00000,0x00000000eab00000,0x00000000ec400000)
  from space 4096K, 99% used [0x00000000ec400000,0x00000000ec7fc6c0,0x00000000ec800000)
  to   space 5120K, 0% used [0x00000000ec900000,0x00000000ec900000,0x00000000ece00000)
 ParOldGen       total 68608K, used 6915K [0x00000000c0000000, 0x00000000c4300000, 0x00000000eab00000)
  object space 68608K, 10% used [0x00000000c0000000,0x00000000c06c0cd8,0x00000000c4300000)
 Metaspace       used 21102K, committed 21504K, reserved 1114112K
  class space    used 2126K, committed 2304K, reserved 1048576K
}
Event: 3.257 GC heap before
{Heap before GC invocations=6 (full 1):
 PSYoungGen      total 29696K, used 4081K [0x00000000eab00000, 0x00000000ece00000, 0x0000000100000000)
  eden space 25600K, 0% used [0x00000000eab00000,0x00000000eab00000,0x00000000ec400000)
  from space 4096K, 99% used [0x00000000ec400000,0x00000000ec7fc6c0,0x00000000ec800000)
  to   space 5120K, 0% used [0x00000000ec900000,0x00000000ec900000,0x00000000ece00000)
 ParOldGen       total 68608K, used 6915K [0x00000000c0000000, 0x00000000c4300000, 0x00000000eab00000)
  object space 68608K, 10% used [0x00000000c0000000,0x00000000c06c0cd8,0x00000000c4300000)
 Metaspace       used 21102K, committed 21504K, reserved 1114112K
  class space    used 2126K, committed 2304K, reserved 1048576K
}
Event: 3.281 GC heap after
{Heap after GC invocations=6 (full 1):
 PSYoungGen      total 29696K, used 0K [0x00000000eab00000, 0x00000000ece00000, 0x0000000100000000)
  eden space 25600K, 0% used [0x00000000eab00000,0x00000000eab00000,0x00000000ec400000)
  from space 4096K, 0% used [0x00000000ec400000,0x00000000ec400000,0x00000000ec800000)
  to   space 5120K, 0% used [0x00000000ec900000,0x00000000ec900000,0x00000000ece00000)
 ParOldGen       total 68608K, used 10675K [0x00000000c0000000, 0x00000000c4300000, 0x00000000eab00000)
  object space 68608K, 15% used [0x00000000c0000000,0x00000000c0a6cdd8,0x00000000c4300000)
 Metaspace       used 21102K, committed 21504K, reserved 1114112K
  class space    used 2126K, committed 2304K, reserved 1048576K
}
Event: 4.290 GC heap before
{Heap before GC invocations=7 (full 1):
 PSYoungGen      total 29696K, used 25600K [0x00000000eab00000, 0x00000000ece00000, 0x0000000100000000)
  eden space 25600K, 100% used [0x00000000eab00000,0x00000000ec400000,0x00000000ec400000)
  from space 4096K, 0% used [0x00000000ec400000,0x00000000ec400000,0x00000000ec800000)
  to   space 5120K, 0% used [0x00000000ec900000,0x00000000ec900000,0x00000000ece00000)
 ParOldGen       total 68608K, used 10675K [0x00000000c0000000, 0x00000000c4300000, 0x00000000eab00000)
  object space 68608K, 15% used [0x00000000c0000000,0x00000000c0a6cdd8,0x00000000c4300000)
 Metaspace       used 24928K, committed 25472K, reserved 1114112K
  class space    used 2534K, committed 2752K, reserved 1048576K
}
Event: 4.292 GC heap after
{Heap after GC invocations=7 (full 1):
 PSYoungGen      total 27136K, used 1734K [0x00000000eab00000, 0x00000000ecb00000, 0x0000000100000000)
  eden space 25088K, 0% used [0x00000000eab00000,0x00000000eab00000,0x00000000ec380000)
  from space 2048K, 84% used [0x00000000ec900000,0x00000000ecab1970,0x00000000ecb00000)
  to   space 3072K, 0% used [0x00000000ec500000,0x00000000ec500000,0x00000000ec800000)
 ParOldGen       total 68608K, used 10683K [0x00000000c0000000, 0x00000000c4300000, 0x00000000eab00000)
  object space 68608K, 15% used [0x00000000c0000000,0x00000000c0a6edd8,0x00000000c4300000)
 Metaspace       used 24928K, committed 25472K, reserved 1114112K
  class space    used 2534K, committed 2752K, reserved 1048576K
}
Event: 4.593 GC heap before
{Heap before GC invocations=8 (full 1):
 PSYoungGen      total 27136K, used 26822K [0x00000000eab00000, 0x00000000ecb00000, 0x0000000100000000)
  eden space 25088K, 100% used [0x00000000eab00000,0x00000000ec380000,0x00000000ec380000)
  from space 2048K, 84% used [0x00000000ec900000,0x00000000ecab1970,0x00000000ecb00000)
  to   space 3072K, 0% used [0x00000000ec500000,0x00000000ec500000,0x00000000ec800000)
 ParOldGen       total 68608K, used 10683K [0x00000000c0000000, 0x00000000c4300000, 0x00000000eab00000)
  object space 68608K, 15% used [0x00000000c0000000,0x00000000c0a6edd8,0x00000000c4300000)
 Metaspace       used 27502K, committed 28224K, reserved 1114112K
  class space    used 2838K, committed 3136K, reserved 1048576K
}
Event: 4.596 GC heap after
{Heap after GC invocations=8 (full 1):
 PSYoungGen      total 27648K, used 2966K [0x00000000eab00000, 0x00000000eca00000, 0x0000000100000000)
  eden space 24576K, 0% used [0x00000000eab00000,0x00000000eab00000,0x00000000ec300000)
  from space 3072K, 96% used [0x00000000ec500000,0x00000000ec7e58c0,0x00000000ec800000)
  to   space 2048K, 0% used [0x00000000ec800000,0x00000000ec800000,0x00000000eca00000)
 ParOldGen       total 68608K, used 10691K [0x00000000c0000000, 0x00000000c4300000, 0x00000000eab00000)
  object space 68608K, 15% used [0x00000000c0000000,0x00000000c0a70dd8,0x00000000c4300000)
 Metaspace       used 27502K, committed 28224K, reserved 1114112K
  class space    used 2838K, committed 3136K, reserved 1048576K
}

Dll operation events (10 events):
Event: 0.012 Loaded shared library c:\Users\durbu\.vscode\extensions\redhat.java-1.37.0-win32-x64\jre\17.0.13-win32-x86_64\bin\java.dll
Event: 0.229 Loaded shared library c:\Users\durbu\.vscode\extensions\redhat.java-1.37.0-win32-x64\jre\17.0.13-win32-x86_64\bin\zip.dll
Event: 0.233 Loaded shared library C:\Users\durbu\.vscode\extensions\redhat.java-1.37.0-win32-x64\jre\17.0.13-win32-x86_64\bin\instrument.dll
Event: 0.258 Loaded shared library C:\Users\durbu\.vscode\extensions\redhat.java-1.37.0-win32-x64\jre\17.0.13-win32-x86_64\bin\net.dll
Event: 0.261 Loaded shared library C:\Users\durbu\.vscode\extensions\redhat.java-1.37.0-win32-x64\jre\17.0.13-win32-x86_64\bin\nio.dll
Event: 0.269 Loaded shared library C:\Users\durbu\.vscode\extensions\redhat.java-1.37.0-win32-x64\jre\17.0.13-win32-x86_64\bin\zip.dll
Event: 0.293 Loaded shared library C:\Users\durbu\.vscode\extensions\redhat.java-1.37.0-win32-x64\jre\17.0.13-win32-x86_64\bin\jimage.dll
Event: 0.418 Loaded shared library c:\Users\durbu\.vscode\extensions\redhat.java-1.37.0-win32-x64\jre\17.0.13-win32-x86_64\bin\verify.dll
Event: 1.770 Loaded shared library C:\Users\durbu\AppData\Roaming\Code\User\globalStorage\redhat.java\1.37.0\config_win\org.eclipse.equinox.launcher\org.eclipse.equinox.launcher.win32.win32.x86_64_1.2.1100.v20240722-2106\eclipse_11904.dll
Event: 3.982 Loaded shared library C:\Users\durbu\AppData\Local\Temp\jna-95950356\jna546281676640738697.dll

Deoptimization events (20 events):
Event: 4.466 Thread 0x000002219eab5a10 DEOPT PACKING pc=0x000002218f0bd940 sp=0x0000002e7e8f22d0
Event: 4.466 Thread 0x000002219eab5a10 DEOPT UNPACKING pc=0x000002218ea866a3 sp=0x0000002e7e8f2260 mode 2
Event: 4.494 Thread 0x000002219eab5a10 Uncommon trap: trap_request=0xffffff45 fr.pc=0x000002218efebefc relative=0x000000000000035c
Event: 4.494 Thread 0x000002219eab5a10 Uncommon trap: reason=unstable_if action=reinterpret pc=0x000002218efebefc method=java.lang.StringLatin1.canEncode(I)Z @ 4 c2
Event: 4.494 Thread 0x000002219eab5a10 DEOPT PACKING pc=0x000002218efebefc sp=0x0000002e7e8f2b30
Event: 4.494 Thread 0x000002219eab5a10 DEOPT UNPACKING pc=0x000002218ea866a3 sp=0x0000002e7e8f2a58 mode 2
Event: 4.494 Thread 0x000002219eab5a10 Uncommon trap: trap_request=0xffffff45 fr.pc=0x000002218f012e5c relative=0x000000000000033c
Event: 4.494 Thread 0x000002219eab5a10 Uncommon trap: reason=unstable_if action=reinterpret pc=0x000002218f012e5c method=java.lang.AbstractStringBuilder.isLatin1()Z @ 10 c2
Event: 4.494 Thread 0x000002219eab5a10 DEOPT PACKING pc=0x000002218f012e5c sp=0x0000002e7e8f2b40
Event: 4.494 Thread 0x000002219eab5a10 DEOPT UNPACKING pc=0x000002218ea866a3 sp=0x0000002e7e8f2ac0 mode 2
Event: 4.494 Thread 0x000002219eab5a10 Uncommon trap: trap_request=0xffffff45 fr.pc=0x000002218f0080dc relative=0x000000000000005c
Event: 4.494 Thread 0x000002219eab5a10 Uncommon trap: reason=unstable_if action=reinterpret pc=0x000002218f0080dc method=java.lang.AbstractStringBuilder.isLatin1()Z @ 10 c2
Event: 4.494 Thread 0x000002219eab5a10 DEOPT PACKING pc=0x000002218f0080dc sp=0x0000002e7e8f2b20
Event: 4.494 Thread 0x000002219eab5a10 DEOPT UNPACKING pc=0x000002218ea866a3 sp=0x0000002e7e8f2ab0 mode 2
Event: 4.498 Thread 0x000002219eab5a10 Uncommon trap: trap_request=0xffffff45 fr.pc=0x000002218eff61b8 relative=0x0000000000000038
Event: 4.498 Thread 0x000002219eab5a10 Uncommon trap: reason=unstable_if action=reinterpret pc=0x000002218eff61b8 method=java.lang.StringLatin1.canEncode(I)Z @ 4 c2
Event: 4.498 Thread 0x000002219eab5a10 DEOPT PACKING pc=0x000002218eff61b8 sp=0x0000002e7e8f2ad0
Event: 4.498 Thread 0x000002219eab5a10 DEOPT UNPACKING pc=0x000002218ea866a3 sp=0x0000002e7e8f2a60 mode 2
Event: 4.701 Thread 0x000002219eab5a10 DEOPT PACKING pc=0x0000022187b0b8b0 sp=0x0000002e7e8f1870
Event: 4.701 Thread 0x000002219eab5a10 DEOPT UNPACKING pc=0x000002218ea86e43 sp=0x0000002e7e8f0ce8 mode 0

Classes loaded (20 events):
Event: 4.602 Loading class java/lang/runtime/ObjectMethods$1
Event: 4.602 Loading class java/lang/runtime/ObjectMethods$1 done
Event: 4.605 Loading class java/lang/invoke/DirectMethodHandle$1
Event: 4.606 Loading class java/lang/invoke/DirectMethodHandle$1 done
Event: 4.650 Loading class java/io/FileFilter
Event: 4.650 Loading class java/io/FileFilter done
Event: 4.672 Loading class java/util/CollSer
Event: 4.673 Loading class java/util/CollSer done
Event: 4.699 Loading class java/io/ObjectStreamClass$1
Event: 4.700 Loading class java/io/ObjectStreamClass$1 done
Event: 4.700 Loading class java/io/ObjectStreamClass$MemberSignature
Event: 4.700 Loading class java/io/ObjectStreamClass$MemberSignature done
Event: 4.700 Loading class java/io/ObjectStreamClass$3
Event: 4.700 Loading class java/io/ObjectStreamClass$3 done
Event: 4.700 Loading class java/io/ObjectStreamClass$4
Event: 4.700 Loading class java/io/ObjectStreamClass$4 done
Event: 4.700 Loading class java/io/ObjectStreamClass$5
Event: 4.700 Loading class java/io/ObjectStreamClass$5 done
Event: 4.714 Loading class java/io/ObjectStreamClass$ExceptionInfo
Event: 4.715 Loading class java/io/ObjectStreamClass$ExceptionInfo done

Classes unloaded (0 events):
No events

Classes redefined (0 events):
No events

Internal exceptions (20 events):
Event: 4.603 Thread 0x000002219eab5a10 Exception <a 'java/lang/NoSuchMethodError'{0x00000000eab41d20}: 'int java.lang.invoke.DirectMethodHandle$Holder.invokeVirtual(java.lang.Object, java.lang.Object, java.lang.Object)'> (0x00000000eab41d20) 
thrown [s\src\hotspot\share\interpreter\linkResolver.cpp, line 759]
Event: 4.603 Thread 0x000002219eab5a10 Exception <a 'java/lang/NoSuchMethodError'{0x00000000eab465c8}: 'int java.lang.invoke.DirectMethodHandle$Holder.invokeVirtual(java.lang.Object, java.lang.Object)'> (0x00000000eab465c8) 
thrown [s\src\hotspot\share\interpreter\linkResolver.cpp, line 759]
Event: 4.603 Thread 0x000002219eab5a10 Exception <a 'java/lang/NoSuchMethodError'{0x00000000eab4b850}: 'int java.lang.invoke.DirectMethodHandle$Holder.invokeStaticInit(java.lang.Object, int, int)'> (0x00000000eab4b850) 
thrown [s\src\hotspot\share\interpreter\linkResolver.cpp, line 759]
Event: 4.604 Thread 0x000002219eab5a10 Exception <a 'java/lang/NoSuchMethodError'{0x00000000eab54030}: 'int java.lang.invoke.DirectMethodHandle$Holder.invokeStaticInit(java.lang.Object, long, long)'> (0x00000000eab54030) 
thrown [s\src\hotspot\share\interpreter\linkResolver.cpp, line 759]
Event: 4.604 Thread 0x000002219eab5a10 Exception <a 'java/lang/NoSuchMethodError'{0x00000000eab5be70}: 'int java.lang.invoke.DirectMethodHandle$Holder.invokeStaticInit(java.lang.Object, float, float)'> (0x00000000eab5be70) 
thrown [s\src\hotspot\share\interpreter\linkResolver.cpp, line 759]
Event: 4.604 Thread 0x000002219eab5a10 Exception <a 'java/lang/NoSuchMethodError'{0x00000000eab63cb8}: 'int java.lang.invoke.DirectMethodHandle$Holder.invokeStaticInit(java.lang.Object, double, double)'> (0x00000000eab63cb8) 
thrown [s\src\hotspot\share\interpreter\linkResolver.cpp, line 759]
Event: 4.605 Thread 0x000002219eab5a10 Exception <a 'java/lang/NoSuchMethodError'{0x00000000eab69670}: 'int java.lang.invoke.DirectMethodHandle$Holder.invokeStatic(java.lang.Object, long)'> (0x00000000eab69670) 
thrown [s\src\hotspot\share\interpreter\linkResolver.cpp, line 759]
Event: 4.607 Thread 0x000002219eab5a10 Exception <a 'java/lang/NoSuchMethodError'{0x00000000eab91bc0}: 'int java.lang.invoke.Invokers$Holder.linkToTargetMethod(java.lang.Object, java.lang.Object)'> (0x00000000eab91bc0) 
thrown [s\src\hotspot\share\interpreter\linkResolver.cpp, line 759]
Event: 4.636 Thread 0x000002219eab5a10 Exception <a 'java/lang/NoSuchMethodError'{0x00000000eac7dfc0}: 'java.lang.Object java.lang.invoke.DirectMethodHandle$Holder.newInvokeSpecial(java.lang.Object, java.lang.Object, java.lang.Object, java.lang.Object, java.lang.Object)'> (0x00000000eac7dfc0) 
thrown [s\src\hotspot\share\interpreter\linkResolver.cpp, line 759]
Event: 4.647 Thread 0x000002219eab5a10 Exception <a 'java/lang/NoSuchMethodError'{0x00000000eaca1310}: 'java.lang.Object java.lang.invoke.DirectMethodHandle$Holder.invokeSpecial(java.lang.Object, java.lang.Object, java.lang.Object, java.lang.Object, java.lang.Object, java.lang.Object, java.lang.Object, java.lang.Object, java.lang.Object, java.lang.Object, java.lang.Object)'> (0x00000000eaca1310) 
thrown [s\src\hotspot\share\interpreter\linkResolver.cpp, line 759]
Event: 4.648 Thread 0x000002219eab5a10 Exception <a 'java/lang/NoSuchMethodError'{0x00000000eaca6828}: 'java.lang.Object java.lang.invoke.Invokers$Holder.invoke_MT(java.lang.Object, java.lang.Object, java.lang.Object, java.lang.Object, java.lang.Object, java.lang.Object, java.lang.Object, java.lang.Object, java.lang.Object, java.lang.Object, java.lang.Object)'> (0x00000000eaca6828) 
thrown [s\src\hotspot\share\interpreter\linkResolver.cpp, line 759]
Event: 4.660 Thread 0x000002219eab5a10 Exception <a 'java/lang/NoSuchMethodError'{0x00000000ead354a8}: 'java.lang.Object java.lang.invoke.DirectMethodHandle$Holder.invokeSpecial(java.lang.Object, java.lang.Object, java.lang.Object, java.lang.Object, java.lang.Object, java.lang.Object, java.lang.Object, java.lang.Object, java.lang.Object, java.lang.Object)'> (0x00000000ead354a8) 
thrown [s\src\hotspot\share\interpreter\linkResolver.cpp, line 759]
Event: 4.661 Thread 0x000002219eab5a10 Exception <a 'java/lang/NoSuchMethodError'{0x00000000ead3a6f8}: 'java.lang.Object java.lang.invoke.Invokers$Holder.invoke_MT(java.lang.Object, java.lang.Object, java.lang.Object, java.lang.Object, java.lang.Object, java.lang.Object, java.lang.Object, java.lang.Object, java.lang.Object, java.lang.Object)'> (0x00000000ead3a6f8) 
thrown [s\src\hotspot\share\interpreter\linkResolver.cpp, line 759]
Event: 4.676 Thread 0x000002219eab5a10 Exception <a 'java/lang/NoSuchMethodError'{0x00000000eaddb900}: 'java.lang.Object java.lang.invoke.DirectMethodHandle$Holder.newInvokeSpecial(java.lang.Object, java.lang.Object, java.lang.Object, java.lang.Object, java.lang.Object, java.lang.Object, java.lang.Object)'> (0x00000000eaddb900) 
thrown [s\src\hotspot\share\interpreter\linkResolver.cpp, line 759]
Event: 4.691 Thread 0x000002219eab5a10 Exception <a 'java/lang/NoSuchMethodError'{0x00000000eae496c0}: 'java.lang.Object java.lang.invoke.DirectMethodHandle$Holder.invokeSpecial(java.lang.Object, java.lang.Object, java.lang.Object, java.lang.Object, java.lang.Object, java.lang.Object, java.lang.Object, java.lang.Object, java.lang.Object, java.lang.Object, java.lang.Object, java.lang.Object, java.lang.Object)'> (0x00000000eae496c0) 
thrown [s\src\hotspot\share\interpreter\linkResolver.cpp, line 759]
Event: 4.692 Thread 0x000002219eab5a10 Exception <a 'java/lang/NoSuchMethodError'{0x00000000eae4f1f0}: 'java.lang.Object java.lang.invoke.Invokers$Holder.invoker(java.lang.Object, java.lang.Object, java.lang.Object, java.lang.Object, java.lang.Object, java.lang.Object, java.lang.Object, java.lang.Object, java.lang.Object, java.lang.Object, java.lang.Object, java.lang.Object, java.lang.Object)'> (0x00000000eae4f1f0) 
thrown [s\src\hotspot\share\interpreter\linkResolver.cpp, line 759]
Event: 4.692 Thread 0x000002219eab5a10 Exception <a 'java/lang/NoSuchMethodError'{0x00000000eae55ef0}: 'java.lang.Object java.lang.invoke.DirectMethodHandle$Holder.invokeSpecial(java.lang.Object, java.lang.Object, java.lang.Object, java.lang.Object, java.lang.Object, java.lang.Object, java.lang.Object, java.lang.Object, java.lang.Object, java.lang.Object, java.lang.Object, java.lang.Object, java.lang.Object, java.lang.Object)'> (0x00000000eae55ef0) 
thrown [s\src\hotspot\share\interpreter\linkResolver.cpp, line 759]
Event: 4.700 Thread 0x000002219eab5a10 Exception <a 'java/lang/NoSuchMethodError'{0x00000000eaec3218}: static Lorg/eclipse/m2e/core/internal/lifecyclemapping/model/PluginExecutionMetadata;.<clinit>()V> (0x00000000eaec3218) 
thrown [s\src\hotspot\share\prims\jni.cpp, line 1112]
Event: 4.707 Thread 0x000002219eab5a10 Exception <a 'java/lang/NoSuchMethodError'{0x00000000eaf1e338}: static Lorg/eclipse/m2e/core/internal/lifecyclemapping/model/PluginExecutionFilter;.<clinit>()V> (0x00000000eaf1e338) 
thrown [s\src\hotspot\share\prims\jni.cpp, line 1112]
Event: 4.714 Thread 0x000002219eab5a10 Exception <a 'java/lang/NoSuchMethodError'{0x00000000eaf537e0}: static Lorg/eclipse/m2e/core/internal/project/registry/MavenProjectFacade$MavenProjectConfiguration;.<clinit>()V> (0x00000000eaf537e0) 
thrown [s\src\hotspot\share\prims\jni.cpp, line 1112]

VM Operations (20 events):
Event: 3.822 Executing VM operation: HandshakeAllThreads
Event: 3.822 Executing VM operation: HandshakeAllThreads done
Event: 3.860 Executing VM operation: HandshakeAllThreads
Event: 3.860 Executing VM operation: HandshakeAllThreads done
Event: 3.994 Executing VM operation: HandshakeAllThreads
Event: 3.994 Executing VM operation: HandshakeAllThreads done
Event: 4.278 Executing VM operation: HandshakeAllThreads
Event: 4.278 Executing VM operation: HandshakeAllThreads done
Event: 4.290 Executing VM operation: ParallelGCFailedAllocation
Event: 4.292 Executing VM operation: ParallelGCFailedAllocation done
Event: 4.311 Executing VM operation: HandshakeAllThreads
Event: 4.312 Executing VM operation: HandshakeAllThreads done
Event: 4.316 Executing VM operation: HandshakeAllThreads
Event: 4.317 Executing VM operation: HandshakeAllThreads done
Event: 4.324 Executing VM operation: HandshakeAllThreads
Event: 4.324 Executing VM operation: HandshakeAllThreads done
Event: 4.578 Executing VM operation: HandshakeAllThreads
Event: 4.578 Executing VM operation: HandshakeAllThreads done
Event: 4.593 Executing VM operation: ParallelGCFailedAllocation
Event: 4.596 Executing VM operation: ParallelGCFailedAllocation done

Memory protections (0 events):
No events

Nmethod flushes (0 events):
No events

Events (20 events):
Event: 0.560 Thread 0x000002218486df00 Thread added: 0x000002219dd4b750
Event: 0.633 Thread 0x000002219da6e1f0 Thread added: 0x000002219ea86090
Event: 0.646 Thread 0x000002219ea86090 Thread added: 0x000002219ea10f60
Event: 1.464 Thread 0x000002218486df00 Thread added: 0x000002219eab5f20
Event: 1.589 Thread 0x000002219ea10f60 Thread exited: 0x000002219ea10f60
Event: 1.765 Thread 0x000002218486df00 Thread added: 0x000002219eab4ff0
Event: 1.831 Thread 0x000002219eab4ff0 Thread added: 0x000002219eab6940
Event: 1.839 Thread 0x000002218486df00 Thread added: 0x000002219eab5a10
Event: 2.274 Thread 0x000002219eab5a10 Thread added: 0x000002219eab6430
Event: 2.459 Thread 0x000002219eab5a10 Thread added: 0x000002219eab6e50
Event: 2.562 Thread 0x000002219eab5a10 Thread added: 0x000002219eab45d0
Event: 2.585 Thread 0x000002219ea86090 Thread exited: 0x000002219ea86090
Event: 3.096 Thread 0x000002219da6e1f0 Thread added: 0x000002219f7753c0
Event: 3.222 Thread 0x000002219eab5a10 Thread added: 0x000002219eab7360
Event: 3.986 Thread 0x000002219f7753c0 Thread exited: 0x000002219f7753c0
Event: 4.009 Thread 0x000002219eab5a10 Thread added: 0x000002219eab3bb0
Event: 4.053 Thread 0x000002219eab5a10 Thread added: 0x000002219eab4ae0
Event: 4.175 Thread 0x000002219eab5a10 Thread added: 0x000002219fb1cd00
Event: 4.431 Thread 0x000002219fb1cd00 Thread added: 0x000002219fb1c7f0
Event: 4.630 Thread 0x000002219da6e1f0 Thread added: 0x000002219fbcee60


Dynamic libraries:
0x00007ff7a0c60000 - 0x00007ff7a0c6e000 	c:\Users\durbu\.vscode\extensions\redhat.java-1.37.0-win32-x64\jre\17.0.13-win32-x86_64\bin\java.exe
0x00007fffe1330000 - 0x00007fffe1547000 	C:\Windows\SYSTEM32\ntdll.dll
0x00007fffdfda0000 - 0x00007fffdfe64000 	C:\Windows\System32\KERNEL32.DLL
0x00007fffde6f0000 - 0x00007fffdeaa9000 	C:\Windows\System32\KERNELBASE.dll
0x00007fffdeae0000 - 0x00007fffdebf1000 	C:\Windows\System32\ucrtbase.dll
0x00007fffbfe70000 - 0x00007fffbfe87000 	c:\Users\durbu\.vscode\extensions\redhat.java-1.37.0-win32-x64\jre\17.0.13-win32-x86_64\bin\jli.dll
0x00007fffdf6c0000 - 0x00007fffdf86e000 	C:\Windows\System32\USER32.dll
0x00007fffdeab0000 - 0x00007fffdead6000 	C:\Windows\System32\win32u.dll
0x00007fffdfec0000 - 0x00007fffdfee9000 	C:\Windows\System32\GDI32.dll
0x00007fffdec00000 - 0x00007fffded1b000 	C:\Windows\System32\gdi32full.dll
0x00007fffdefb0000 - 0x00007fffdf04a000 	C:\Windows\System32\msvcp_win.dll
0x00007fffbfe50000 - 0x00007fffbfe6e000 	c:\Users\durbu\.vscode\extensions\redhat.java-1.37.0-win32-x64\jre\17.0.13-win32-x86_64\bin\VCRUNTIME140.dll
0x00007fffc7e90000 - 0x00007fffc8122000 	C:\Windows\WinSxS\amd64_microsoft.windows.common-controls_6595b64144ccf1df_6.0.22621.4391_none_2715d37f73803e96\COMCTL32.dll
0x00007fffe0b80000 - 0x00007fffe0c27000 	C:\Windows\System32\msvcrt.dll
0x00007fffdf200000 - 0x00007fffdf231000 	C:\Windows\System32\IMM32.DLL
0x00007fffd7370000 - 0x00007fffd737c000 	c:\Users\durbu\.vscode\extensions\redhat.java-1.37.0-win32-x64\jre\17.0.13-win32-x86_64\bin\vcruntime140_1.dll
0x00007fffa5900000 - 0x00007fffa598d000 	c:\Users\durbu\.vscode\extensions\redhat.java-1.37.0-win32-x64\jre\17.0.13-win32-x86_64\bin\msvcp140.dll
0x00007fff83bf0000 - 0x00007fff8485b000 	c:\Users\durbu\.vscode\extensions\redhat.java-1.37.0-win32-x64\jre\17.0.13-win32-x86_64\bin\server\jvm.dll
0x00007fffdfa70000 - 0x00007fffdfb22000 	C:\Windows\System32\ADVAPI32.dll
0x00007fffdf870000 - 0x00007fffdf917000 	C:\Windows\System32\sechost.dll
0x00007fffdef80000 - 0x00007fffdefa8000 	C:\Windows\System32\bcrypt.dll
0x00007fffe00e0000 - 0x00007fffe01f4000 	C:\Windows\System32\RPCRT4.dll
0x00007fffe0060000 - 0x00007fffe00d1000 	C:\Windows\System32\WS2_32.dll
0x00007fffdd480000 - 0x00007fffdd4cd000 	C:\Windows\SYSTEM32\POWRPROF.dll
0x00007fffd3eb0000 - 0x00007fffd3eba000 	C:\Windows\SYSTEM32\VERSION.dll
0x00007fffd5300000 - 0x00007fffd5334000 	C:\Windows\SYSTEM32\WINMM.dll
0x00007fffdd460000 - 0x00007fffdd473000 	C:\Windows\SYSTEM32\UMPDC.dll
0x00007fffdd720000 - 0x00007fffdd738000 	C:\Windows\SYSTEM32\kernel.appcore.dll
0x00007fffd29e0000 - 0x00007fffd29ea000 	c:\Users\durbu\.vscode\extensions\redhat.java-1.37.0-win32-x64\jre\17.0.13-win32-x86_64\bin\jimage.dll
0x00007fffdbe70000 - 0x00007fffdc0a2000 	C:\Windows\SYSTEM32\DBGHELP.DLL
0x00007fffdf240000 - 0x00007fffdf5cf000 	C:\Windows\System32\combase.dll
0x00007fffdf5d0000 - 0x00007fffdf6a7000 	C:\Windows\System32\OLEAUT32.dll
0x00007fffd42f0000 - 0x00007fffd4322000 	C:\Windows\SYSTEM32\dbgcore.DLL
0x00007fffdef00000 - 0x00007fffdef7b000 	C:\Windows\System32\bcryptPrimitives.dll
0x00007fffbfcf0000 - 0x00007fffbfcfe000 	c:\Users\durbu\.vscode\extensions\redhat.java-1.37.0-win32-x64\jre\17.0.13-win32-x86_64\bin\instrument.dll
0x00007fffb7a80000 - 0x00007fffb7aa5000 	c:\Users\durbu\.vscode\extensions\redhat.java-1.37.0-win32-x64\jre\17.0.13-win32-x86_64\bin\java.dll
0x00007fffbd0f0000 - 0x00007fffbd108000 	c:\Users\durbu\.vscode\extensions\redhat.java-1.37.0-win32-x64\jre\17.0.13-win32-x86_64\bin\zip.dll
0x00007fffe0200000 - 0x00007fffe0a76000 	C:\Windows\System32\SHELL32.dll
0x00007fffdc530000 - 0x00007fffdce33000 	C:\Windows\SYSTEM32\windows.storage.dll
0x00007fffdc3f0000 - 0x00007fffdc52f000 	C:\Windows\SYSTEM32\wintypes.dll
0x00007fffdfca0000 - 0x00007fffdfd99000 	C:\Windows\System32\SHCORE.dll
0x00007fffe0a80000 - 0x00007fffe0ade000 	C:\Windows\System32\shlwapi.dll
0x00007fffde560000 - 0x00007fffde58b000 	C:\Windows\SYSTEM32\profapi.dll
0x00007fffbac00000 - 0x00007fffbac19000 	C:\Users\durbu\.vscode\extensions\redhat.java-1.37.0-win32-x64\jre\17.0.13-win32-x86_64\bin\net.dll
0x00007fffd84a0000 - 0x00007fffd85d6000 	C:\Windows\SYSTEM32\WINHTTP.dll
0x00007fffddba0000 - 0x00007fffddc09000 	C:\Windows\system32\mswsock.dll
0x00007fffb7a60000 - 0x00007fffb7a76000 	C:\Users\durbu\.vscode\extensions\redhat.java-1.37.0-win32-x64\jre\17.0.13-win32-x86_64\bin\nio.dll
0x00007fffbf0b0000 - 0x00007fffbf0c0000 	c:\Users\durbu\.vscode\extensions\redhat.java-1.37.0-win32-x64\jre\17.0.13-win32-x86_64\bin\verify.dll
0x00007fffbc300000 - 0x00007fffbc345000 	C:\Users\durbu\AppData\Roaming\Code\User\globalStorage\redhat.java\1.37.0\config_win\org.eclipse.equinox.launcher\org.eclipse.equinox.launcher.win32.win32.x86_64_1.2.1100.v20240722-2106\eclipse_11904.dll
0x00007fffdf050000 - 0x00007fffdf1f5000 	C:\Windows\System32\ole32.dll
0x00007fffdde10000 - 0x00007fffdde2b000 	C:\Windows\SYSTEM32\CRYPTSP.dll
0x00007fffdd680000 - 0x00007fffdd6b5000 	C:\Windows\system32\rsaenh.dll
0x00007fffddcb0000 - 0x00007fffddcd8000 	C:\Windows\SYSTEM32\USERENV.dll
0x00007fffdde30000 - 0x00007fffdde3c000 	C:\Windows\SYSTEM32\CRYPTBASE.dll
0x00007fffdd110000 - 0x00007fffdd13d000 	C:\Windows\SYSTEM32\IPHLPAPI.DLL
0x00007fffdfef0000 - 0x00007fffdfef9000 	C:\Windows\System32\NSI.dll
0x00007fffd77a0000 - 0x00007fffd77b9000 	C:\Windows\SYSTEM32\dhcpcsvc6.DLL
0x00007fffd74b0000 - 0x00007fffd74cf000 	C:\Windows\SYSTEM32\dhcpcsvc.DLL
0x00007fffdd140000 - 0x00007fffdd242000 	C:\Windows\SYSTEM32\DNSAPI.dll
0x00007fffb6860000 - 0x00007fffb68a9000 	C:\Users\durbu\AppData\Local\Temp\jna-95950356\jna546281676640738697.dll
0x00007fffdfb30000 - 0x00007fffdfb38000 	C:\Windows\System32\PSAPI.DLL

dbghelp: loaded successfully - version: 4.0.5 - missing functions: none
symbol engine: initialized successfully - sym options: 0x614 - pdb path: .;c:\Users\durbu\.vscode\extensions\redhat.java-1.37.0-win32-x64\jre\17.0.13-win32-x86_64\bin;C:\Windows\SYSTEM32;C:\Windows\WinSxS\amd64_microsoft.windows.common-controls_6595b64144ccf1df_6.0.22621.4391_none_2715d37f73803e96;c:\Users\durbu\.vscode\extensions\redhat.java-1.37.0-win32-x64\jre\17.0.13-win32-x86_64\bin\server;C:\Users\durbu\AppData\Roaming\Code\User\globalStorage\redhat.java\1.37.0\config_win\org.eclipse.equinox.launcher\org.eclipse.equinox.launcher.win32.win32.x86_64_1.2.1100.v20240722-2106;C:\Users\durbu\AppData\Local\Temp\jna-95950356

VM Arguments:
jvm_args: --add-modules=ALL-SYSTEM --add-opens=java.base/java.util=ALL-UNNAMED --add-opens=java.base/java.lang=ALL-UNNAMED --add-opens=java.base/sun.nio.fs=ALL-UNNAMED -Declipse.application=org.eclipse.jdt.ls.core.id1 -Dosgi.bundles.defaultStartLevel=4 -Declipse.product=org.eclipse.jdt.ls.core.product -Djava.import.generatesMetadataFilesAtProjectRoot=false -DDetectVMInstallationsJob.disabled=true -Dfile.encoding=utf8 -XX:+UseParallelGC -XX:GCTimeRatio=4 -XX:AdaptiveSizePolicyWeight=90 -Dsun.zip.disableMemoryMapping=true -Xmx1G -Xms100m -Xlog:disable -javaagent:c:\Users\durbu\.vscode\extensions\redhat.java-1.37.0-win32-x64\lombok\lombok-1.18.34.jar -XX:+HeapDumpOnOutOfMemoryError -XX:HeapDumpPath=c:\Users\durbu\AppData\Roaming\Code\User\workspaceStorage\52ca2395a570dc7106177641f68a08f4\redhat.java -Daether.dependencyCollector.impl=bf 
java_command: c:\Users\durbu\.vscode\extensions\redhat.java-1.37.0-win32-x64\server\plugins\org.eclipse.equinox.launcher_1.6.900.v20240613-2009.jar -configuration c:\Users\durbu\AppData\Roaming\Code\User\globalStorage\redhat.java\1.37.0\config_win -data c:\Users\durbu\AppData\Roaming\Code\User\workspaceStorage\52ca2395a570dc7106177641f68a08f4\redhat.java\jdt_ws --pipe=\\.\pipe\lsp-02ce460a56eca9c8cc83228b84d3aac0-sock
java_class_path (initial): c:\Users\durbu\.vscode\extensions\redhat.java-1.37.0-win32-x64\server\plugins\org.eclipse.equinox.launcher_1.6.900.v20240613-2009.jar
Launcher Type: SUN_STANDARD

[Global flags]
    uintx AdaptiveSizePolicyWeight                 = 90                                        {product} {command line}
     intx CICompilerCount                          = 4                                         {product} {ergonomic}
    uintx GCTimeRatio                              = 4                                         {product} {command line}
     bool HeapDumpOnOutOfMemoryError               = true                                   {manageable} {command line}
    ccstr HeapDumpPath                             = c:\Users\durbu\AppData\Roaming\Code\User\workspaceStorage\52ca2395a570dc7106177641f68a08f4\redhat.java         {manageable} {command line}
   size_t InitialHeapSize                          = 104857600                                 {product} {command line}
   size_t MaxHeapSize                              = 1073741824                                {product} {command line}
   size_t MaxNewSize                               = 357564416                                 {product} {ergonomic}
   size_t MinHeapDeltaBytes                        = 524288                                    {product} {ergonomic}
   size_t MinHeapSize                              = 104857600                                 {product} {command line}
   size_t NewSize                                  = 34603008                                  {product} {ergonomic}
    uintx NonNMethodCodeHeapSize                   = 5839372                                {pd product} {ergonomic}
    uintx NonProfiledCodeHeapSize                  = 122909434                              {pd product} {ergonomic}
   size_t OldSize                                  = 70254592                                  {product} {ergonomic}
    uintx ProfiledCodeHeapSize                     = 122909434                              {pd product} {ergonomic}
    uintx ReservedCodeCacheSize                    = 251658240                              {pd product} {ergonomic}
     bool SegmentedCodeCache                       = true                                      {product} {ergonomic}
   size_t SoftMaxHeapSize                          = 1073741824                             {manageable} {ergonomic}
     bool UseCompressedClassPointers               = true                           {product lp64_product} {ergonomic}
     bool UseCompressedOops                        = true                           {product lp64_product} {ergonomic}
     bool UseLargePagesIndividualAllocation        = false                                  {pd product} {ergonomic}
     bool UseParallelGC                            = true                                      {product} {command line}

Logging:
Log output configuration:
 #0: stdout all=off uptime,level,tags
 #1: stderr all=off uptime,level,tags

Environment Variables:
PATH=C:\Program Files\Common Files\Oracle\Java\javapath;C:\Windows\system32;C:\Windows;C:\Windows\System32\Wbem;C:\Windows\System32\WindowsPowerShell\v1.0\;C:\Windows\System32\OpenSSH\;C:\MinGW\bin;C:\Program Files\Git\cmd;C:\Program Files\Git\mingw64\bin;C:\Program Files\Git\usr\bin;C:\Program Files\Java\jdk-17\bin;C:\Program Files\nodejs\;C:\Users\durbu\AppData\Local\Programs\Python\Python312\Scripts\;C:\Users\durbu\AppData\Local\Programs\Python\Python312\;C:\Users\durbu\AppData\Local\Programs\Python\Launcher\;C:\Users\durbu\AppData\Local\Microsoft\WindowsApps;C:\Users\durbu\AppData\Local\Programs\Microsoft VS Code\bin;C:\Program Files\Java\jdk-17\bin;C:\MinGW\bin;C:\Program Files\MySQL\MySQL Server 8.3\bin;C:\Users\durbu\AppData\Roaming\npm
USERNAME=durbu
OS=Windows_NT
PROCESSOR_IDENTIFIER=Intel64 Family 6 Model 154 Stepping 4, GenuineIntel
TMP=C:\Users\durbu\AppData\Local\Temp
TEMP=C:\Users\durbu\AppData\Local\Temp



Periodic native trim disabled


---------------  S Y S T E M  ---------------

OS:
 Windows 11 , 64 bit Build 22621 (10.0.22621.4391)
OS uptime: 10 days 11:00 hours
Hyper-V role detected

CPU: total 8 (initial active 8) (4 cores per cpu, 2 threads per core) family 6 model 154 stepping 4 microcode 0x42c, cx8, cmov, fxsr, ht, mmx, 3dnowpref, sse, sse2, sse3, ssse3, sse4.1, sse4.2, popcnt, lzcnt, tsc, tscinvbit, avx, avx2, aes, erms, clmul, bmi1, bmi2, adx, sha, fma, vzeroupper, clflush, clflushopt, clwb, hv
Processor Information for processor 0
  Max Mhz: 1200, Current Mhz: 1200, Mhz Limit: 1200
Processor Information for processor 1
  Max Mhz: 1200, Current Mhz: 1200, Mhz Limit: 1200
Processor Information for processor 2
  Max Mhz: 1200, Current Mhz: 1200, Mhz Limit: 1200
Processor Information for processor 3
  Max Mhz: 1200, Current Mhz: 1200, Mhz Limit: 1200
Processor Information for processor 4
  Max Mhz: 1200, Current Mhz: 900, Mhz Limit: 900
Processor Information for processor 5
  Max Mhz: 1200, Current Mhz: 900, Mhz Limit: 900
Processor Information for processor 6
  Max Mhz: 1200, Current Mhz: 900, Mhz Limit: 900
Processor Information for processor 7
  Max Mhz: 1200, Current Mhz: 900, Mhz Limit: 900

Memory: 4k page, system-wide physical 7877M (455M free)
TotalPageFile size 32453M (AvailPageFile size 0M)
current process WorkingSet (physical memory assigned to process): 139M, peak: 139M
current process commit charge ("private bytes"): 241M, peak: 241M

vm_info: OpenJDK 64-Bit Server VM (17.0.13+11) for windows-amd64 JRE (17.0.13+11), built on Oct 16 2024 00:10:08 by "admin" with MS VC++ 17.7 (VS2022)

END.
