#
# There is insufficient memory for the Java Runtime Environment to continue.
# Native memory allocation (malloc) failed to allocate 165200 bytes. Error detail: Chunk::new
# Possible reasons:
#   The system is out of physical RAM or swap space
#   This process is running with CompressedOops enabled, and the Java Heap may be blocking the growth of the native heap
# Possible solutions:
#   Reduce memory load on the system
#   Increase physical memory or swap space
#   Check if swap backing store is full
#   Decrease Java heap size (-Xmx/-Xms)
#   Decrease number of Java threads
#   Decrease Java thread stack sizes (-Xss)
#   Set larger code cache with -XX:ReservedCodeCacheSize=
#   JVM is running with Unscaled Compressed Oops mode in which the Java heap is
#     placed in the first 4GB address space. The Java Heap base address is the
#     maximum limit for the native heap growth. Please use -XX:HeapBaseMinAddress
#     to set the Java Heap base and to place the Java Heap above 4GB virtual address.
# This output file may be truncated or incomplete.
#
#  Out of Memory Error (arena.cpp:191), pid=15348, tid=17168
#
# JRE version: OpenJDK Runtime Environment Temurin-17.0.13+11 (17.0.13+11) (build 17.0.13+11)
# Java VM: OpenJDK 64-Bit Server VM Temurin-17.0.13+11 (17.0.13+11, mixed mode, tiered, compressed oops, compressed class ptrs, parallel gc, windows-amd64)
# No core dump will be written. Minidumps are not enabled by default on client versions of Windows
#

---------------  S U M M A R Y ------------

Command Line: --add-modules=ALL-SYSTEM --add-opens=java.base/java.util=ALL-UNNAMED --add-opens=java.base/java.lang=ALL-UNNAMED --add-opens=java.base/sun.nio.fs=ALL-UNNAMED -Declipse.application=org.eclipse.jdt.ls.core.id1 -Dosgi.bundles.defaultStartLevel=4 -Declipse.product=org.eclipse.jdt.ls.core.product -Djava.import.generatesMetadataFilesAtProjectRoot=false -DDetectVMInstallationsJob.disabled=true -Dfile.encoding=utf8 -XX:+UseParallelGC -XX:GCTimeRatio=4 -XX:AdaptiveSizePolicyWeight=90 -Dsun.zip.disableMemoryMapping=true -Xmx1G -Xms100m -Xlog:disable -javaagent:c:\Users\durbu\.vscode\extensions\redhat.java-1.37.0-win32-x64\lombok\lombok-1.18.34.jar c:\Users\durbu\.vscode\extensions\redhat.java-1.37.0-win32-x64\server\plugins\org.eclipse.equinox.launcher_1.6.900.v20240613-2009.jar -configuration c:\Users\durbu\AppData\Roaming\Code\User\globalStorage\redhat.java\1.37.0\config_ss_win -data c:\Users\durbu\AppData\Roaming\Code\User\workspaceStorage\52ca2395a570dc7106177641f68a08f4\redhat.java\ss_ws --pipe=\\.\pipe\lsp-480d212e5680c42c25af781a44693455-sock

Host: 12th Gen Intel(R) Core(TM) i3-1215U, 8 cores, 7G,  Windows 11 , 64 bit Build 22621 (10.0.22621.4391)
Time: Fri Dec  6 10:35:11 2024 India Standard Time elapsed time: 4.945052 seconds (0d 0h 0m 4s)

---------------  T H R E A D  ---------------

Current thread (0x0000020d30a109f0):  JavaThread "C2 CompilerThread0" daemon [_thread_in_native, id=17168, stack(0x000000ec2d100000,0x000000ec2d200000)]


Current CompileTask:
C2:   4945 3871       4       jdk.internal.jimage.ImageReader::verifyLocation (14 bytes)

Stack: [0x000000ec2d100000,0x000000ec2d200000]
Native frames: (J=compiled Java code, j=interpreted, Vv=VM code, C=native code)
V  [jvm.dll+0x682a19]
V  [jvm.dll+0x839538]
V  [jvm.dll+0x83afe3]
V  [jvm.dll+0x83b653]
V  [jvm.dll+0x24704f]
V  [jvm.dll+0xace34]
V  [jvm.dll+0xad4cc]
V  [jvm.dll+0x11dd54]
V  [jvm.dll+0x614a93]
V  [jvm.dll+0x61312c]
V  [jvm.dll+0x217ece]
V  [jvm.dll+0x21748f]
V  [jvm.dll+0x1a3070]
V  [jvm.dll+0x22788c]
V  [jvm.dll+0x2259eb]
V  [jvm.dll+0x7eec98]
V  [jvm.dll+0x7e8ffc]
V  [jvm.dll+0x6818f7]
C  [ucrtbase.dll+0x29333]
C  [KERNEL32.DLL+0x1259d]
C  [ntdll.dll+0x5af38]


---------------  P R O C E S S  ---------------

Threads class SMR info:
_java_thread_list=0x0000020d33800c80, length=37, elements={
0x0000020d17a7bf30, 0x0000020d2b903020, 0x0000020d2b9052a0, 0x0000020d2b90e000,
0x0000020d2b90e9d0, 0x0000020d309f2330, 0x0000020d30a0b590, 0x0000020d30a109f0,
0x0000020d30a15870, 0x0000020d30a19290, 0x0000020d30b69060, 0x0000020d31c1b790,
0x0000020d324c2a10, 0x0000020d32451cb0, 0x0000020d32159030, 0x0000020d325cf870,
0x0000020d324b6030, 0x0000020d32180050, 0x0000020d32748120, 0x0000020d3217f120,
0x0000020d3217f630, 0x0000020d32180a70, 0x0000020d3217e700, 0x0000020d3217d2c0,
0x0000020d3217d7d0, 0x0000020d3217dce0, 0x0000020d3217fb40, 0x0000020d32180560,
0x0000020d3217ec10, 0x0000020d3217e1f0, 0x0000020d329fbd80, 0x0000020d329feb10,
0x0000020d329fdbe0, 0x0000020d329fc7a0, 0x0000020d32a027d0, 0x0000020d32a01db0,
0x0000020d329fccb0
}

Java Threads: ( => current thread )
  0x0000020d17a7bf30 JavaThread "main" [_thread_blocked, id=1192, stack(0x000000ec2c800000,0x000000ec2c900000)]
  0x0000020d2b903020 JavaThread "Reference Handler" daemon [_thread_blocked, id=6808, stack(0x000000ec2cb00000,0x000000ec2cc00000)]
  0x0000020d2b9052a0 JavaThread "Finalizer" daemon [_thread_blocked, id=9020, stack(0x000000ec2cc00000,0x000000ec2cd00000)]
  0x0000020d2b90e000 JavaThread "Signal Dispatcher" daemon [_thread_blocked, id=20264, stack(0x000000ec2cd00000,0x000000ec2ce00000)]
  0x0000020d2b90e9d0 JavaThread "Attach Listener" daemon [_thread_blocked, id=12544, stack(0x000000ec2ce00000,0x000000ec2cf00000)]
  0x0000020d309f2330 JavaThread "Service Thread" daemon [_thread_blocked, id=24276, stack(0x000000ec2cf00000,0x000000ec2d000000)]
  0x0000020d30a0b590 JavaThread "Monitor Deflation Thread" daemon [_thread_blocked, id=9488, stack(0x000000ec2d000000,0x000000ec2d100000)]
=>0x0000020d30a109f0 JavaThread "C2 CompilerThread0" daemon [_thread_in_native, id=17168, stack(0x000000ec2d100000,0x000000ec2d200000)]
  0x0000020d30a15870 JavaThread "C1 CompilerThread0" daemon [_thread_in_native, id=5068, stack(0x000000ec2d200000,0x000000ec2d300000)]
  0x0000020d30a19290 JavaThread "Sweeper thread" daemon [_thread_blocked, id=20156, stack(0x000000ec2d300000,0x000000ec2d400000)]
  0x0000020d30b69060 JavaThread "Common-Cleaner" daemon [_thread_blocked, id=20468, stack(0x000000ec2d400000,0x000000ec2d500000)]
  0x0000020d31c1b790 JavaThread "Notification Thread" daemon [_thread_blocked, id=8888, stack(0x000000ec2d600000,0x000000ec2d700000)]
  0x0000020d324c2a10 JavaThread "Active Thread: Equinox Container: aeca1603-a025-4ff5-94f3-2ed4807ca5cd" [_thread_blocked, id=316, stack(0x000000ec2df00000,0x000000ec2e000000)]
  0x0000020d32451cb0 JavaThread "Framework Event Dispatcher: Equinox Container: aeca1603-a025-4ff5-94f3-2ed4807ca5cd" daemon [_thread_blocked, id=4796, stack(0x000000ec2e000000,0x000000ec2e100000)]
  0x0000020d32159030 JavaThread "Start Level: Equinox Container: aeca1603-a025-4ff5-94f3-2ed4807ca5cd" daemon [_thread_blocked, id=18484, stack(0x000000ec2e100000,0x000000ec2e200000)]
  0x0000020d325cf870 JavaThread "SCR Component Actor" daemon [_thread_blocked, id=17388, stack(0x000000ec2e200000,0x000000ec2e300000)]
  0x0000020d324b6030 JavaThread "SCR Component Registry" daemon [_thread_blocked, id=15716, stack(0x000000ec2e400000,0x000000ec2e500000)]
  0x0000020d32180050 JavaThread "Worker-JM" [_thread_blocked, id=18568, stack(0x000000ec2dd00000,0x000000ec2de00000)]
  0x0000020d32748120 JavaThread "C2 CompilerThread1" daemon [_thread_in_native, id=7356, stack(0x000000ec2de00000,0x000000ec2df00000)]
  0x0000020d3217f120 JavaThread "JNA Cleaner" daemon [_thread_blocked, id=18996, stack(0x000000ec2e500000,0x000000ec2e600000)]
  0x0000020d3217f630 JavaThread "Worker-0" [_thread_blocked, id=7668, stack(0x000000ec2e600000,0x000000ec2e700000)]
  0x0000020d32180a70 JavaThread "Worker-1" [_thread_blocked, id=23240, stack(0x000000ec2e700000,0x000000ec2e800000)]
  0x0000020d3217e700 JavaThread "Thread-2" daemon [_thread_in_native, id=10800, stack(0x000000ec2e800000,0x000000ec2e900000)]
  0x0000020d3217d2c0 JavaThread "Thread-3" daemon [_thread_in_native, id=12676, stack(0x000000ec2e900000,0x000000ec2ea00000)]
  0x0000020d3217d7d0 JavaThread "Thread-4" daemon [_thread_in_native, id=17332, stack(0x000000ec2ea00000,0x000000ec2eb00000)]
  0x0000020d3217dce0 JavaThread "Thread-5" daemon [_thread_in_native, id=17148, stack(0x000000ec2eb00000,0x000000ec2ec00000)]
  0x0000020d3217fb40 JavaThread "Thread-6" daemon [_thread_in_native, id=20852, stack(0x000000ec2ec00000,0x000000ec2ed00000)]
  0x0000020d32180560 JavaThread "Thread-7" daemon [_thread_in_native, id=17556, stack(0x000000ec2ed00000,0x000000ec2ee00000)]
  0x0000020d3217ec10 JavaThread "Thread-8" daemon [_thread_in_native, id=24336, stack(0x000000ec2ee00000,0x000000ec2ef00000)]
  0x0000020d3217e1f0 JavaThread "Thread-9" daemon [_thread_in_native, id=13948, stack(0x000000ec2ef00000,0x000000ec2f000000)]
  0x0000020d329fbd80 JavaThread "Thread-10" daemon [_thread_in_native, id=12012, stack(0x000000ec2f000000,0x000000ec2f100000)]
  0x0000020d329feb10 JavaThread "pool-2-thread-1" [_thread_blocked, id=4216, stack(0x000000ec2f100000,0x000000ec2f200000)]
  0x0000020d329fdbe0 JavaThread "Worker-2" [_thread_blocked, id=16196, stack(0x000000ec2f200000,0x000000ec2f300000)]
  0x0000020d329fc7a0 JavaThread "WorkspaceEventsHandler" [_thread_blocked, id=7444, stack(0x000000ec2f300000,0x000000ec2f400000)]
  0x0000020d32a027d0 JavaThread "pool-1-thread-1" [_thread_blocked, id=9672, stack(0x000000ec2f400000,0x000000ec2f500000)]
  0x0000020d32a01db0 JavaThread "ForkJoinPool.commonPool-worker-1" daemon [_thread_blocked, id=14960, stack(0x000000ec2f500000,0x000000ec2f600000)]
  0x0000020d329fccb0 JavaThread "ForkJoinPool.commonPool-worker-2" daemon [_thread_in_Java, id=17824, stack(0x000000ec2f600000,0x000000ec2f700000)]

Other Threads:
  0x0000020d17b06c60 VMThread "VM Thread" [stack: 0x000000ec2ca00000,0x000000ec2cb00000] [id=17980]
  0x0000020d30d89bf0 WatcherThread [stack: 0x000000ec2d700000,0x000000ec2d800000] [id=15400]
  0x0000020d17a92c40 GCTaskThread "GC Thread#0" [stack: 0x000000ec2c900000,0x000000ec2ca00000] [id=4700]
  0x0000020d320d6920 GCTaskThread "GC Thread#1" [stack: 0x000000ec2d500000,0x000000ec2d600000] [id=21320]
  0x0000020d320d6be0 GCTaskThread "GC Thread#2" [stack: 0x000000ec2d800000,0x000000ec2d900000] [id=6508]
  0x0000020d31d1d9a0 GCTaskThread "GC Thread#3" [stack: 0x000000ec2d900000,0x000000ec2da00000] [id=14968]
  0x0000020d31d1dc60 GCTaskThread "GC Thread#4" [stack: 0x000000ec2da00000,0x000000ec2db00000] [id=10172]
  0x0000020d31d1df20 GCTaskThread "GC Thread#5" [stack: 0x000000ec2db00000,0x000000ec2dc00000] [id=23656]
  0x0000020d31d1e1e0 GCTaskThread "GC Thread#6" [stack: 0x000000ec2dc00000,0x000000ec2dd00000] [id=8216]
  0x0000020d3221c1a0 GCTaskThread "GC Thread#7" [stack: 0x000000ec2e300000,0x000000ec2e400000] [id=17928]

Threads with active compile tasks:
C2 CompilerThread0     5009 3871       4       jdk.internal.jimage.ImageReader::verifyLocation (14 bytes)
C2 CompilerThread1     5009 3811       4       java.lang.invoke.MethodType::makeImpl (109 bytes)

VM state: not at safepoint (normal execution)

VM Mutex/Monitor currently owned by a thread: None

Heap address: 0x00000000c0000000, size: 1024 MB, Compressed Oops mode: 32-bit

CDS archive(s) not mapped
Compressed class space mapped at: 0x0000000100000000-0x0000000140000000, reserved size: 1073741824
Narrow klass base: 0x0000000000000000, Narrow klass shift: 3, Narrow klass range: 0x140000000

GC Precious Log:
 CPUs: 8 total, 8 available
 Memory: 7877M
 Large Page Support: Disabled
 NUMA Support: Disabled
 Compressed Oops: Enabled (32-bit)
 Alignments: Space 512K, Generation 512K, Heap 2M
 Heap Min Capacity: 100M
 Heap Initial Capacity: 100M
 Heap Max Capacity: 1G
 Pre-touch: Disabled
 Parallel Workers: 8

Heap:
 PSYoungGen      total 25600K, used 23156K [0x00000000eab00000, 0x00000000ec800000, 0x0000000100000000)
  eden space 23040K, 91% used [0x00000000eab00000,0x00000000ebf901e8,0x00000000ec180000)
  from space 2560K, 82% used [0x00000000ec580000,0x00000000ec78ceb8,0x00000000ec800000)
  to   space 2560K, 0% used [0x00000000ec300000,0x00000000ec300000,0x00000000ec580000)
 ParOldGen       total 68608K, used 12304K [0x00000000c0000000, 0x00000000c4300000, 0x00000000eab00000)
  object space 68608K, 17% used [0x00000000c0000000,0x00000000c0c042c8,0x00000000c4300000)
 Metaspace       used 39115K, committed 39936K, reserved 1114112K
  class space    used 3978K, committed 4352K, reserved 1048576K

Card table byte_map: [0x0000020d17420000,0x0000020d17630000] _byte_map_base: 0x0000020d16e20000

Marking Bits: (ParMarkBitMap*) 0x00007fff84796940
 Begin Bits: [0x0000020d29710000, 0x0000020d2a710000)
 End Bits:   [0x0000020d2a710000, 0x0000020d2b710000)

Polling page: 0x0000020d15bf0000

Metaspace:

Usage:
  Non-class:     34.31 MB used.
      Class:      3.89 MB used.
       Both:     38.20 MB used.

Virtual space:
  Non-class space:       64.00 MB reserved,      34.75 MB ( 54%) committed,  1 nodes.
      Class space:        1.00 GB reserved,       4.25 MB ( <1%) committed,  1 nodes.
             Both:        1.06 GB reserved,      39.00 MB (  4%) committed. 

Chunk freelists:
   Non-Class:  13.14 MB
       Class:  11.72 MB
        Both:  24.86 MB

MaxMetaspaceSize: unlimited
CompressedClassSpaceSize: 1.00 GB
Initial GC threshold: 21.00 MB
Current GC threshold: 58.38 MB
CDS: off
MetaspaceReclaimPolicy: balanced
 - commit_granule_bytes: 65536.
 - commit_granule_words: 8192.
 - virtual_space_node_default_size: 8388608.
 - enlarge_chunks_in_place: 1.
 - new_chunks_are_fully_committed: 0.
 - uncommit_free_chunks: 1.
 - use_allocation_guard: 0.
 - handle_deallocations: 1.


Internal statistics:

num_allocs_failed_limit: 6.
num_arena_births: 562.
num_arena_deaths: 14.
num_vsnodes_births: 2.
num_vsnodes_deaths: 0.
num_space_committed: 624.
num_space_uncommitted: 0.
num_chunks_returned_to_freelist: 20.
num_chunks_taken_from_freelist: 1866.
num_chunk_merges: 11.
num_chunk_splits: 1164.
num_chunks_enlarged: 703.
num_inconsistent_stats: 0.

CodeHeap 'non-profiled nmethods': size=120000Kb used=1781Kb max_used=1781Kb free=118219Kb
 bounds [0x0000020d221e0000, 0x0000020d22450000, 0x0000020d29710000]
CodeHeap 'profiled nmethods': size=120000Kb used=7716Kb max_used=7716Kb free=112283Kb
 bounds [0x0000020d1a710000, 0x0000020d1aea0000, 0x0000020d21c40000]
CodeHeap 'non-nmethods': size=5760Kb used=1299Kb max_used=1328Kb free=4460Kb
 bounds [0x0000020d21c40000, 0x0000020d21eb0000, 0x0000020d221e0000]
 total_blobs=4565 nmethods=3939 adapters=539
 compilation: enabled
              stopped_count=0, restarted_count=0
 full_count=0

Compilation events (20 events):
Event: 4.921 Thread 0x0000020d30a15870 nmethod 3882 0x0000020d1ae77890 code [0x0000020d1ae77b20, 0x0000020d1ae78a68]
Event: 4.932 Thread 0x0000020d30a15870 3884       3       java.util.concurrent.locks.ReentrantLock$NonfairSync::tryAcquire (27 bytes)
Event: 4.932 Thread 0x0000020d30a15870 nmethod 3884 0x0000020d1ae78f10 code [0x0000020d1ae790c0, 0x0000020d1ae79308]
Event: 4.936 Thread 0x0000020d30a15870 3885       3       java.util.ArrayList$SubList::hashCode (27 bytes)
Event: 4.937 Thread 0x0000020d30a15870 nmethod 3885 0x0000020d1ae79410 code [0x0000020d1ae795e0, 0x0000020d1ae798d8]
Event: 4.937 Thread 0x0000020d30a15870 3888       3       java.util.ArrayList$SubList::equals (47 bytes)
Event: 4.938 Thread 0x0000020d30a15870 nmethod 3888 0x0000020d1ae79a90 code [0x0000020d1ae79c80, 0x0000020d1ae7a238]
Event: 4.939 Thread 0x0000020d30a15870 3889       3       java.util.List::of (4 bytes)
Event: 4.939 Thread 0x0000020d30a15870 nmethod 3889 0x0000020d1ae7a410 code [0x0000020d1ae7a5a0, 0x0000020d1ae7a698]
Event: 4.939 Thread 0x0000020d30a15870 3890       1       org.eclipse.jdt.internal.core.JavaElement::getParent (5 bytes)
Event: 4.939 Thread 0x0000020d30a15870 nmethod 3890 0x0000020d2239b910 code [0x0000020d2239baa0, 0x0000020d2239bb78]
Event: 4.939 Thread 0x0000020d30a15870 3891       1       org.eclipse.jdt.internal.core.PackageFragmentRoot::getElementType (2 bytes)
Event: 4.939 Thread 0x0000020d30a15870 nmethod 3891 0x0000020d2239bc10 code [0x0000020d2239bda0, 0x0000020d2239be78]
Event: 4.939 Thread 0x0000020d30a15870 3892       3       java.util.ImmutableCollections$ListItr::hasNext (17 bytes)
Event: 4.939 Thread 0x0000020d30a15870 nmethod 3892 0x0000020d1ae7a710 code [0x0000020d1ae7a8a0, 0x0000020d1ae7aa18]
Event: 4.939 Thread 0x0000020d30a15870 3893       3       java.lang.invoke.DirectMethodHandle$Holder::invokeStatic (14 bytes)
Event: 4.940 Thread 0x0000020d30a15870 nmethod 3893 0x0000020d1ae7aa90 code [0x0000020d1ae7ac60, 0x0000020d1ae7aff8]
Event: 4.940 Thread 0x0000020d30a15870 3894       3       org.eclipse.jdt.internal.compiler.classfmt.ClassFileStruct::u2At (35 bytes)
Event: 4.940 Thread 0x0000020d30a15870 nmethod 3894 0x0000020d1ae7b110 code [0x0000020d1ae7b2a0, 0x0000020d1ae7b418]
Event: 4.940 Thread 0x0000020d30a15870 3895       3       jdk.internal.jrtfs.JrtPath::subpath (7 bytes)

GC Heap History (20 events):
Event: 2.245 GC heap before
{Heap before GC invocations=3 (full 0):
 PSYoungGen      total 29696K, used 29684K [0x00000000eab00000, 0x00000000ecc00000, 0x0000000100000000)
  eden space 25600K, 100% used [0x00000000eab00000,0x00000000ec400000,0x00000000ec400000)
  from space 4096K, 99% used [0x00000000ec800000,0x00000000ecbfd000,0x00000000ecc00000)
  to   space 4096K, 0% used [0x00000000ec400000,0x00000000ec400000,0x00000000ec800000)
 ParOldGen       total 68608K, used 832K [0x00000000c0000000, 0x00000000c4300000, 0x00000000eab00000)
  object space 68608K, 1% used [0x00000000c0000000,0x00000000c00d0360,0x00000000c4300000)
 Metaspace       used 19818K, committed 20224K, reserved 1114112K
  class space    used 2021K, committed 2176K, reserved 1048576K
}
Event: 2.250 GC heap after
{Heap after GC invocations=3 (full 0):
 PSYoungGen      total 29696K, used 4066K [0x00000000eab00000, 0x00000000ecc00000, 0x0000000100000000)
  eden space 25600K, 0% used [0x00000000eab00000,0x00000000eab00000,0x00000000ec400000)
  from space 4096K, 99% used [0x00000000ec400000,0x00000000ec7f8a98,0x00000000ec800000)
  to   space 4096K, 0% used [0x00000000ec800000,0x00000000ec800000,0x00000000ecc00000)
 ParOldGen       total 68608K, used 2527K [0x00000000c0000000, 0x00000000c4300000, 0x00000000eab00000)
  object space 68608K, 3% used [0x00000000c0000000,0x00000000c0277eb0,0x00000000c4300000)
 Metaspace       used 19818K, committed 20224K, reserved 1114112K
  class space    used 2021K, committed 2176K, reserved 1048576K
}
Event: 2.411 GC heap before
{Heap before GC invocations=4 (full 0):
 PSYoungGen      total 29696K, used 11688K [0x00000000eab00000, 0x00000000ecc00000, 0x0000000100000000)
  eden space 25600K, 29% used [0x00000000eab00000,0x00000000eb271598,0x00000000ec400000)
  from space 4096K, 99% used [0x00000000ec400000,0x00000000ec7f8a98,0x00000000ec800000)
  to   space 4096K, 0% used [0x00000000ec800000,0x00000000ec800000,0x00000000ecc00000)
 ParOldGen       total 68608K, used 2527K [0x00000000c0000000, 0x00000000c4300000, 0x00000000eab00000)
  object space 68608K, 3% used [0x00000000c0000000,0x00000000c0277eb0,0x00000000c4300000)
 Metaspace       used 21110K, committed 21504K, reserved 1114112K
  class space    used 2151K, committed 2304K, reserved 1048576K
}
Event: 2.414 GC heap after
{Heap after GC invocations=4 (full 0):
 PSYoungGen      total 29696K, used 4081K [0x00000000eab00000, 0x00000000ecc00000, 0x0000000100000000)
  eden space 25600K, 0% used [0x00000000eab00000,0x00000000eab00000,0x00000000ec400000)
  from space 4096K, 99% used [0x00000000ec800000,0x00000000ecbfc468,0x00000000ecc00000)
  to   space 4096K, 0% used [0x00000000ec400000,0x00000000ec400000,0x00000000ec800000)
 ParOldGen       total 68608K, used 3263K [0x00000000c0000000, 0x00000000c4300000, 0x00000000eab00000)
  object space 68608K, 4% used [0x00000000c0000000,0x00000000c032fec0,0x00000000c4300000)
 Metaspace       used 21110K, committed 21504K, reserved 1114112K
  class space    used 2151K, committed 2304K, reserved 1048576K
}
Event: 2.414 GC heap before
{Heap before GC invocations=5 (full 1):
 PSYoungGen      total 29696K, used 4081K [0x00000000eab00000, 0x00000000ecc00000, 0x0000000100000000)
  eden space 25600K, 0% used [0x00000000eab00000,0x00000000eab00000,0x00000000ec400000)
  from space 4096K, 99% used [0x00000000ec800000,0x00000000ecbfc468,0x00000000ecc00000)
  to   space 4096K, 0% used [0x00000000ec400000,0x00000000ec400000,0x00000000ec800000)
 ParOldGen       total 68608K, used 3263K [0x00000000c0000000, 0x00000000c4300000, 0x00000000eab00000)
  object space 68608K, 4% used [0x00000000c0000000,0x00000000c032fec0,0x00000000c4300000)
 Metaspace       used 21110K, committed 21504K, reserved 1114112K
  class space    used 2151K, committed 2304K, reserved 1048576K
}
Event: 2.433 GC heap after
{Heap after GC invocations=5 (full 1):
 PSYoungGen      total 29696K, used 0K [0x00000000eab00000, 0x00000000ecc00000, 0x0000000100000000)
  eden space 25600K, 0% used [0x00000000eab00000,0x00000000eab00000,0x00000000ec400000)
  from space 4096K, 0% used [0x00000000ec800000,0x00000000ec800000,0x00000000ecc00000)
  to   space 4096K, 0% used [0x00000000ec400000,0x00000000ec400000,0x00000000ec800000)
 ParOldGen       total 68608K, used 7193K [0x00000000c0000000, 0x00000000c4300000, 0x00000000eab00000)
  object space 68608K, 10% used [0x00000000c0000000,0x00000000c0706470,0x00000000c4300000)
 Metaspace       used 21096K, committed 21504K, reserved 1114112K
  class space    used 2148K, committed 2304K, reserved 1048576K
}
Event: 2.881 GC heap before
{Heap before GC invocations=6 (full 1):
 PSYoungGen      total 29696K, used 25600K [0x00000000eab00000, 0x00000000ecc00000, 0x0000000100000000)
  eden space 25600K, 100% used [0x00000000eab00000,0x00000000ec400000,0x00000000ec400000)
  from space 4096K, 0% used [0x00000000ec800000,0x00000000ec800000,0x00000000ecc00000)
  to   space 4096K, 0% used [0x00000000ec400000,0x00000000ec400000,0x00000000ec800000)
 ParOldGen       total 68608K, used 7193K [0x00000000c0000000, 0x00000000c4300000, 0x00000000eab00000)
  object space 68608K, 10% used [0x00000000c0000000,0x00000000c0706470,0x00000000c4300000)
 Metaspace       used 24056K, committed 24640K, reserved 1114112K
  class space    used 2455K, committed 2688K, reserved 1048576K
}
Event: 2.883 GC heap after
{Heap after GC invocations=6 (full 1):
 PSYoungGen      total 28160K, used 3045K [0x00000000eab00000, 0x00000000ecb80000, 0x0000000100000000)
  eden space 25088K, 0% used [0x00000000eab00000,0x00000000eab00000,0x00000000ec380000)
  from space 3072K, 99% used [0x00000000ec400000,0x00000000ec6f96a8,0x00000000ec700000)
  to   space 4096K, 0% used [0x00000000ec780000,0x00000000ec780000,0x00000000ecb80000)
 ParOldGen       total 68608K, used 7201K [0x00000000c0000000, 0x00000000c4300000, 0x00000000eab00000)
  object space 68608K, 10% used [0x00000000c0000000,0x00000000c0708470,0x00000000c4300000)
 Metaspace       used 24056K, committed 24640K, reserved 1114112K
  class space    used 2455K, committed 2688K, reserved 1048576K
}
Event: 3.260 GC heap before
{Heap before GC invocations=7 (full 1):
 PSYoungGen      total 28160K, used 28133K [0x00000000eab00000, 0x00000000ecb80000, 0x0000000100000000)
  eden space 25088K, 100% used [0x00000000eab00000,0x00000000ec380000,0x00000000ec380000)
  from space 3072K, 99% used [0x00000000ec400000,0x00000000ec6f96a8,0x00000000ec700000)
  to   space 4096K, 0% used [0x00000000ec780000,0x00000000ec780000,0x00000000ecb80000)
 ParOldGen       total 68608K, used 7201K [0x00000000c0000000, 0x00000000c4300000, 0x00000000eab00000)
  object space 68608K, 10% used [0x00000000c0000000,0x00000000c0708470,0x00000000c4300000)
 Metaspace       used 28146K, committed 28736K, reserved 1114112K
  class space    used 2758K, committed 3008K, reserved 1048576K
}
Event: 3.262 GC heap after
{Heap after GC invocations=7 (full 1):
 PSYoungGen      total 27648K, used 2887K [0x00000000eab00000, 0x00000000eca80000, 0x0000000100000000)
  eden space 24576K, 0% used [0x00000000eab00000,0x00000000eab00000,0x00000000ec300000)
  from space 3072K, 93% used [0x00000000ec780000,0x00000000eca51ca8,0x00000000eca80000)
  to   space 3072K, 0% used [0x00000000ec480000,0x00000000ec480000,0x00000000ec780000)
 ParOldGen       total 68608K, used 7209K [0x00000000c0000000, 0x00000000c4300000, 0x00000000eab00000)
  object space 68608K, 10% used [0x00000000c0000000,0x00000000c070a470,0x00000000c4300000)
 Metaspace       used 28146K, committed 28736K, reserved 1114112K
  class space    used 2758K, committed 3008K, reserved 1048576K
}
Event: 3.619 GC heap before
{Heap before GC invocations=8 (full 1):
 PSYoungGen      total 27648K, used 27463K [0x00000000eab00000, 0x00000000eca80000, 0x0000000100000000)
  eden space 24576K, 100% used [0x00000000eab00000,0x00000000ec300000,0x00000000ec300000)
  from space 3072K, 93% used [0x00000000ec780000,0x00000000eca51ca8,0x00000000eca80000)
  to   space 3072K, 0% used [0x00000000ec480000,0x00000000ec480000,0x00000000ec780000)
 ParOldGen       total 68608K, used 7209K [0x00000000c0000000, 0x00000000c4300000, 0x00000000eab00000)
  object space 68608K, 10% used [0x00000000c0000000,0x00000000c070a470,0x00000000c4300000)
 Metaspace       used 30391K, committed 30912K, reserved 1114112K
  class space    used 2942K, committed 3136K, reserved 1048576K
}
Event: 3.622 GC heap after
{Heap after GC invocations=8 (full 1):
 PSYoungGen      total 27136K, used 3063K [0x00000000eab00000, 0x00000000ecb80000, 0x0000000100000000)
  eden space 24064K, 0% used [0x00000000eab00000,0x00000000eab00000,0x00000000ec280000)
  from space 3072K, 99% used [0x00000000ec480000,0x00000000ec77dcd0,0x00000000ec780000)
  to   space 4096K, 0% used [0x00000000ec780000,0x00000000ec780000,0x00000000ecb80000)
 ParOldGen       total 68608K, used 8172K [0x00000000c0000000, 0x00000000c4300000, 0x00000000eab00000)
  object space 68608K, 11% used [0x00000000c0000000,0x00000000c07fb2d8,0x00000000c4300000)
 Metaspace       used 30391K, committed 30912K, reserved 1114112K
  class space    used 2942K, committed 3136K, reserved 1048576K
}
Event: 4.153 GC heap before
{Heap before GC invocations=9 (full 1):
 PSYoungGen      total 27136K, used 27127K [0x00000000eab00000, 0x00000000ecb80000, 0x0000000100000000)
  eden space 24064K, 100% used [0x00000000eab00000,0x00000000ec280000,0x00000000ec280000)
  from space 3072K, 99% used [0x00000000ec480000,0x00000000ec77dcd0,0x00000000ec780000)
  to   space 4096K, 0% used [0x00000000ec780000,0x00000000ec780000,0x00000000ecb80000)
 ParOldGen       total 68608K, used 8172K [0x00000000c0000000, 0x00000000c4300000, 0x00000000eab00000)
  object space 68608K, 11% used [0x00000000c0000000,0x00000000c07fb2d8,0x00000000c4300000)
 Metaspace       used 34301K, committed 34880K, reserved 1114112K
  class space    used 3401K, committed 3584K, reserved 1048576K
}
Event: 4.157 GC heap after
{Heap after GC invocations=9 (full 1):
 PSYoungGen      total 27648K, used 4078K [0x00000000eab00000, 0x00000000ecb80000, 0x0000000100000000)
  eden space 23552K, 0% used [0x00000000eab00000,0x00000000eab00000,0x00000000ec200000)
  from space 4096K, 99% used [0x00000000ec780000,0x00000000ecb7b9d8,0x00000000ecb80000)
  to   space 4608K, 0% used [0x00000000ec280000,0x00000000ec280000,0x00000000ec700000)
 ParOldGen       total 68608K, used 8264K [0x00000000c0000000, 0x00000000c4300000, 0x00000000eab00000)
  object space 68608K, 12% used [0x00000000c0000000,0x00000000c08122e8,0x00000000c4300000)
 Metaspace       used 34301K, committed 34880K, reserved 1114112K
  class space    used 3401K, committed 3584K, reserved 1048576K
}
Event: 4.272 GC heap before
{Heap before GC invocations=10 (full 1):
 PSYoungGen      total 27648K, used 10898K [0x00000000eab00000, 0x00000000ecb80000, 0x0000000100000000)
  eden space 23552K, 28% used [0x00000000eab00000,0x00000000eb1a9020,0x00000000ec200000)
  from space 4096K, 99% used [0x00000000ec780000,0x00000000ecb7b9d8,0x00000000ecb80000)
  to   space 4608K, 0% used [0x00000000ec280000,0x00000000ec280000,0x00000000ec700000)
 ParOldGen       total 68608K, used 8264K [0x00000000c0000000, 0x00000000c4300000, 0x00000000eab00000)
  object space 68608K, 12% used [0x00000000c0000000,0x00000000c08122e8,0x00000000c4300000)
 Metaspace       used 35278K, committed 35840K, reserved 1114112K
  class space    used 3526K, committed 3776K, reserved 1048576K
}
Event: 4.275 GC heap after
{Heap after GC invocations=10 (full 1):
 PSYoungGen      total 26624K, used 2587K [0x00000000eab00000, 0x00000000ec900000, 0x0000000100000000)
  eden space 23552K, 0% used [0x00000000eab00000,0x00000000eab00000,0x00000000ec200000)
  from space 3072K, 84% used [0x00000000ec280000,0x00000000ec506cf0,0x00000000ec580000)
  to   space 3584K, 0% used [0x00000000ec580000,0x00000000ec580000,0x00000000ec900000)
 ParOldGen       total 68608K, used 10111K [0x00000000c0000000, 0x00000000c4300000, 0x00000000eab00000)
  object space 68608K, 14% used [0x00000000c0000000,0x00000000c09dfed0,0x00000000c4300000)
 Metaspace       used 35278K, committed 35840K, reserved 1114112K
  class space    used 3526K, committed 3776K, reserved 1048576K
}
Event: 4.275 GC heap before
{Heap before GC invocations=11 (full 2):
 PSYoungGen      total 26624K, used 2587K [0x00000000eab00000, 0x00000000ec900000, 0x0000000100000000)
  eden space 23552K, 0% used [0x00000000eab00000,0x00000000eab00000,0x00000000ec200000)
  from space 3072K, 84% used [0x00000000ec280000,0x00000000ec506cf0,0x00000000ec580000)
  to   space 3584K, 0% used [0x00000000ec580000,0x00000000ec580000,0x00000000ec900000)
 ParOldGen       total 68608K, used 10111K [0x00000000c0000000, 0x00000000c4300000, 0x00000000eab00000)
  object space 68608K, 14% used [0x00000000c0000000,0x00000000c09dfed0,0x00000000c4300000)
 Metaspace       used 35278K, committed 35840K, reserved 1114112K
  class space    used 3526K, committed 3776K, reserved 1048576K
}
Event: 4.300 GC heap after
{Heap after GC invocations=11 (full 2):
 PSYoungGen      total 26624K, used 0K [0x00000000eab00000, 0x00000000ec900000, 0x0000000100000000)
  eden space 23552K, 0% used [0x00000000eab00000,0x00000000eab00000,0x00000000ec200000)
  from space 3072K, 0% used [0x00000000ec280000,0x00000000ec280000,0x00000000ec580000)
  to   space 3584K, 0% used [0x00000000ec580000,0x00000000ec580000,0x00000000ec900000)
 ParOldGen       total 68608K, used 12296K [0x00000000c0000000, 0x00000000c4300000, 0x00000000eab00000)
  object space 68608K, 17% used [0x00000000c0000000,0x00000000c0c022c8,0x00000000c4300000)
 Metaspace       used 35278K, committed 35840K, reserved 1114112K
  class space    used 3526K, committed 3776K, reserved 1048576K
}
Event: 4.832 GC heap before
{Heap before GC invocations=12 (full 2):
 PSYoungGen      total 26624K, used 23552K [0x00000000eab00000, 0x00000000ec900000, 0x0000000100000000)
  eden space 23552K, 100% used [0x00000000eab00000,0x00000000ec200000,0x00000000ec200000)
  from space 3072K, 0% used [0x00000000ec280000,0x00000000ec280000,0x00000000ec580000)
  to   space 3584K, 0% used [0x00000000ec580000,0x00000000ec580000,0x00000000ec900000)
 ParOldGen       total 68608K, used 12296K [0x00000000c0000000, 0x00000000c4300000, 0x00000000eab00000)
  object space 68608K, 17% used [0x00000000c0000000,0x00000000c0c022c8,0x00000000c4300000)
 Metaspace       used 38463K, committed 39104K, reserved 1114112K
  class space    used 3860K, committed 4160K, reserved 1048576K
}
Event: 4.834 GC heap after
{Heap after GC invocations=12 (full 2):
 PSYoungGen      total 25600K, used 2099K [0x00000000eab00000, 0x00000000ec800000, 0x0000000100000000)
  eden space 23040K, 0% used [0x00000000eab00000,0x00000000eab00000,0x00000000ec180000)
  from space 2560K, 82% used [0x00000000ec580000,0x00000000ec78ceb8,0x00000000ec800000)
  to   space 2560K, 0% used [0x00000000ec300000,0x00000000ec300000,0x00000000ec580000)
 ParOldGen       total 68608K, used 12304K [0x00000000c0000000, 0x00000000c4300000, 0x00000000eab00000)
  object space 68608K, 17% used [0x00000000c0000000,0x00000000c0c042c8,0x00000000c4300000)
 Metaspace       used 38463K, committed 39104K, reserved 1114112K
  class space    used 3860K, committed 4160K, reserved 1048576K
}

Dll operation events (10 events):
Event: 0.006 Loaded shared library c:\Users\durbu\.vscode\extensions\redhat.java-1.37.0-win32-x64\jre\17.0.13-win32-x86_64\bin\java.dll
Event: 0.125 Loaded shared library c:\Users\durbu\.vscode\extensions\redhat.java-1.37.0-win32-x64\jre\17.0.13-win32-x86_64\bin\zip.dll
Event: 0.129 Loaded shared library C:\Users\durbu\.vscode\extensions\redhat.java-1.37.0-win32-x64\jre\17.0.13-win32-x86_64\bin\instrument.dll
Event: 0.146 Loaded shared library C:\Users\durbu\.vscode\extensions\redhat.java-1.37.0-win32-x64\jre\17.0.13-win32-x86_64\bin\net.dll
Event: 0.148 Loaded shared library C:\Users\durbu\.vscode\extensions\redhat.java-1.37.0-win32-x64\jre\17.0.13-win32-x86_64\bin\nio.dll
Event: 0.157 Loaded shared library C:\Users\durbu\.vscode\extensions\redhat.java-1.37.0-win32-x64\jre\17.0.13-win32-x86_64\bin\zip.dll
Event: 0.173 Loaded shared library C:\Users\durbu\.vscode\extensions\redhat.java-1.37.0-win32-x64\jre\17.0.13-win32-x86_64\bin\jimage.dll
Event: 0.241 Loaded shared library c:\Users\durbu\.vscode\extensions\redhat.java-1.37.0-win32-x64\jre\17.0.13-win32-x86_64\bin\verify.dll
Event: 1.445 Loaded shared library C:\Users\durbu\AppData\Roaming\Code\User\globalStorage\redhat.java\1.37.0\config_ss_win\org.eclipse.equinox.launcher\org.eclipse.equinox.launcher.win32.win32.x86_64_1.2.1100.v20240722-2106\eclipse_11904.dll
Event: 2.580 Loaded shared library C:\Users\durbu\AppData\Local\Temp\jna-95950356\jna387146580771048599.dll

Deoptimization events (20 events):
Event: 4.867 Thread 0x0000020d32a01db0 Uncommon trap: trap_request=0xffffff45 fr.pc=0x0000020d2238fa58 relative=0x0000000000000138
Event: 4.867 Thread 0x0000020d32a01db0 Uncommon trap: reason=unstable_if action=reinterpret pc=0x0000020d2238fa58 method=jdk.internal.jrtfs.JrtPath.normalize(Ljava/lang/String;)Ljava/lang/String; @ 78 c2
Event: 4.867 Thread 0x0000020d32a01db0 DEOPT PACKING pc=0x0000020d2238fa58 sp=0x000000ec2f5fd900
Event: 4.867 Thread 0x0000020d32a01db0 DEOPT UNPACKING pc=0x0000020d21c966a3 sp=0x000000ec2f5fd880 mode 2
Event: 4.893 Thread 0x0000020d32a027d0 Uncommon trap: trap_request=0xffffff45 fr.pc=0x0000020d2234ef74 relative=0x0000000000005814
Event: 4.893 Thread 0x0000020d329fccb0 Uncommon trap: trap_request=0xffffff45 fr.pc=0x0000020d2234ef74 relative=0x0000000000005814
Event: 4.893 Thread 0x0000020d32a027d0 Uncommon trap: reason=unstable_if action=reinterpret pc=0x0000020d2234ef74 method=jdk.internal.org.objectweb.asm.Frame.execute(IILjdk/internal/org/objectweb/asm/Symbol;Ljdk/internal/org/objectweb/asm/SymbolTable;)V @ 1 c2
Event: 4.893 Thread 0x0000020d329fccb0 Uncommon trap: reason=unstable_if action=reinterpret pc=0x0000020d2234ef74 method=jdk.internal.org.objectweb.asm.Frame.execute(IILjdk/internal/org/objectweb/asm/Symbol;Ljdk/internal/org/objectweb/asm/SymbolTable;)V @ 1 c2
Event: 4.893 Thread 0x0000020d329fccb0 DEOPT PACKING pc=0x0000020d2234ef74 sp=0x000000ec2f6fbe40
Event: 4.893 Thread 0x0000020d329fccb0 DEOPT UNPACKING pc=0x0000020d21c966a3 sp=0x000000ec2f6fbde8 mode 2
Event: 4.893 Thread 0x0000020d32a027d0 DEOPT PACKING pc=0x0000020d2234ef74 sp=0x000000ec2f4fb010
Event: 4.893 Thread 0x0000020d32a027d0 DEOPT UNPACKING pc=0x0000020d21c966a3 sp=0x000000ec2f4fafb8 mode 2
Event: 4.894 Thread 0x0000020d32a027d0 Uncommon trap: trap_request=0xffffff45 fr.pc=0x0000020d222b5d68 relative=0x00000000000000e8
Event: 4.894 Thread 0x0000020d329fccb0 Uncommon trap: trap_request=0xffffff45 fr.pc=0x0000020d222b5d68 relative=0x00000000000000e8
Event: 4.894 Thread 0x0000020d32a027d0 Uncommon trap: reason=unstable_if action=reinterpret pc=0x0000020d222b5d68 method=jdk.internal.org.objectweb.asm.ByteVector.putShort(I)Ljdk/internal/org/objectweb/asm/ByteVector; @ 13 c2
Event: 4.894 Thread 0x0000020d329fccb0 Uncommon trap: reason=unstable_if action=reinterpret pc=0x0000020d222b5d68 method=jdk.internal.org.objectweb.asm.ByteVector.putShort(I)Ljdk/internal/org/objectweb/asm/ByteVector; @ 13 c2
Event: 4.895 Thread 0x0000020d32a027d0 DEOPT PACKING pc=0x0000020d222b5d68 sp=0x000000ec2f4faea0
Event: 4.895 Thread 0x0000020d329fccb0 DEOPT PACKING pc=0x0000020d222b5d68 sp=0x000000ec2f6fbcd0
Event: 4.895 Thread 0x0000020d32a027d0 DEOPT UNPACKING pc=0x0000020d21c966a3 sp=0x000000ec2f4fae38 mode 2
Event: 4.895 Thread 0x0000020d329fccb0 DEOPT UNPACKING pc=0x0000020d21c966a3 sp=0x000000ec2f6fbc68 mode 2

Classes loaded (20 events):
Event: 4.857 Loading class java/lang/invoke/BoundMethodHandle$Species_I
Event: 4.857 Loading class java/lang/invoke/BoundMethodHandle$Species_I done
Event: 4.858 Loading class java/lang/runtime/ObjectMethods$1
Event: 4.858 Loading class java/lang/runtime/ObjectMethods$1 done
Event: 4.862 Loading class java/lang/invoke/DirectMethodHandle$1
Event: 4.863 Loading class java/lang/invoke/DirectMethodHandle$1 done
Event: 4.888 Loading class java/util/AbstractList$RandomAccessSubList
Event: 4.889 Loading class java/util/AbstractList$SubList
Event: 4.889 Loading class java/util/AbstractList$SubList done
Event: 4.889 Loading class java/util/AbstractList$RandomAccessSubList done
Event: 4.890 Loading class java/util/AbstractList$ListItr
Event: 4.890 Loading class java/util/AbstractList$ListItr done
Event: 4.891 Loading class java/util/AbstractList$SubList$1
Event: 4.891 Loading class java/util/AbstractList$SubList$1 done
Event: 4.892 Loading class java/lang/invoke/MethodHandleImpl$CountingWrapper
Event: 4.892 Loading class java/lang/invoke/MethodHandleImpl$CountingWrapper done
Event: 4.916 Loading class java/nio/channels/Channels$ReadableByteChannelImpl
Event: 4.917 Loading class java/nio/channels/Channels$ReadableByteChannelImpl done
Event: 4.918 Loading class java/nio/channels/NonWritableChannelException
Event: 4.918 Loading class java/nio/channels/NonWritableChannelException done

Classes unloaded (7 events):
Event: 2.418 Thread 0x0000020d17b06c60 Unloading class 0x0000000100219400 'java/lang/invoke/LambdaForm$MH+0x0000000100219400'
Event: 2.418 Thread 0x0000020d17b06c60 Unloading class 0x0000000100219000 'java/lang/invoke/LambdaForm$MH+0x0000000100219000'
Event: 2.418 Thread 0x0000020d17b06c60 Unloading class 0x0000000100218c00 'java/lang/invoke/LambdaForm$MH+0x0000000100218c00'
Event: 2.418 Thread 0x0000020d17b06c60 Unloading class 0x0000000100218800 'java/lang/invoke/LambdaForm$MH+0x0000000100218800'
Event: 2.418 Thread 0x0000020d17b06c60 Unloading class 0x0000000100218400 'java/lang/invoke/LambdaForm$BMH+0x0000000100218400'
Event: 2.418 Thread 0x0000020d17b06c60 Unloading class 0x0000000100218000 'java/lang/invoke/LambdaForm$DMH+0x0000000100218000'
Event: 2.418 Thread 0x0000020d17b06c60 Unloading class 0x0000000100214400 'java/lang/invoke/LambdaForm$DMH+0x0000000100214400'

Classes redefined (0 events):
No events

Internal exceptions (20 events):
Event: 4.850 Thread 0x0000020d32a01db0 Exception <a 'java/lang/NoSuchMethodError'{0x00000000eac156b0}: 'java.lang.Object java.lang.invoke.Invokers$Holder.invoke_MT(java.lang.Object, java.lang.Object, java.lang.Object, java.lang.Object, java.lang.Object, java.lang.Object, java.lang.Object, java.lang.Object, java.lang.Object, java.lang.Object)'> (0x00000000eac156b0) 
thrown [s\src\hotspot\share\interpreter\linkResolver.cpp, line 759]
Event: 4.850 Thread 0x0000020d32a027d0 Exception <a 'java/lang/NoSuchMethodError'{0x00000000eabed790}: 'java.lang.Object java.lang.invoke.Invokers$Holder.invoke_MT(java.lang.Object, java.lang.Object, java.lang.Object, java.lang.Object, java.lang.Object, java.lang.Object, java.lang.Object, java.lang.Object, java.lang.Object, java.lang.Object)'> (0x00000000eabed790) 
thrown [s\src\hotspot\share\interpreter\linkResolver.cpp, line 759]
Event: 4.858 Thread 0x0000020d32a01db0 Exception <a 'java/lang/NoSuchMethodError'{0x00000000eaca5d60}: 'int java.lang.invoke.DirectMethodHandle$Holder.invokeVirtual(java.lang.Object, java.lang.Object, java.lang.Object)'> (0x00000000eaca5d60) 
thrown [s\src\hotspot\share\interpreter\linkResolver.cpp, line 759]
Event: 4.858 Thread 0x0000020d32a01db0 Exception <a 'java/lang/NoSuchMethodError'{0x00000000eaca98c0}: 'int java.lang.invoke.DirectMethodHandle$Holder.invokeVirtual(java.lang.Object, java.lang.Object)'> (0x00000000eaca98c0) 
thrown [s\src\hotspot\share\interpreter\linkResolver.cpp, line 759]
Event: 4.859 Thread 0x0000020d32a01db0 Exception <a 'java/lang/NoSuchMethodError'{0x00000000eacade30}: 'int java.lang.invoke.DirectMethodHandle$Holder.invokeStaticInit(java.lang.Object, int, int)'> (0x00000000eacade30) 
thrown [s\src\hotspot\share\interpreter\linkResolver.cpp, line 759]
Event: 4.859 Thread 0x0000020d32a01db0 Exception <a 'java/lang/NoSuchMethodError'{0x00000000eacb5b08}: 'int java.lang.invoke.DirectMethodHandle$Holder.invokeStaticInit(java.lang.Object, long, long)'> (0x00000000eacb5b08) 
thrown [s\src\hotspot\share\interpreter\linkResolver.cpp, line 759]
Event: 4.860 Thread 0x0000020d32a01db0 Exception <a 'java/lang/NoSuchMethodError'{0x00000000eacbcc00}: 'int java.lang.invoke.DirectMethodHandle$Holder.invokeStaticInit(java.lang.Object, float, float)'> (0x00000000eacbcc00) 
thrown [s\src\hotspot\share\interpreter\linkResolver.cpp, line 759]
Event: 4.860 Thread 0x0000020d32a01db0 Exception <a 'java/lang/NoSuchMethodError'{0x00000000eacc3d00}: 'int java.lang.invoke.DirectMethodHandle$Holder.invokeStaticInit(java.lang.Object, double, double)'> (0x00000000eacc3d00) 
thrown [s\src\hotspot\share\interpreter\linkResolver.cpp, line 759]
Event: 4.861 Thread 0x0000020d32a01db0 Exception <a 'java/lang/NoSuchMethodError'{0x00000000eacc85b0}: 'int java.lang.invoke.DirectMethodHandle$Holder.invokeStatic(java.lang.Object, long)'> (0x00000000eacc85b0) 
thrown [s\src\hotspot\share\interpreter\linkResolver.cpp, line 759]
Event: 4.865 Thread 0x0000020d329fccb0 Exception <a 'java/lang/NoSuchMethodError'{0x00000000ead207e0}: 'int java.lang.invoke.Invokers$Holder.linkToTargetMethod(java.lang.Object, java.lang.Object)'> (0x00000000ead207e0) 
thrown [s\src\hotspot\share\interpreter\linkResolver.cpp, line 759]
Event: 4.865 Thread 0x0000020d32a01db0 Exception <a 'java/lang/NoSuchMethodError'{0x00000000ead0d148}: 'int java.lang.invoke.Invokers$Holder.linkToTargetMethod(java.lang.Object, java.lang.Object)'> (0x00000000ead0d148) 
thrown [s\src\hotspot\share\interpreter\linkResolver.cpp, line 759]
Event: 4.865 Thread 0x0000020d32a027d0 Exception <a 'java/lang/NoSuchMethodError'{0x00000000eacf5da8}: 'int java.lang.invoke.Invokers$Holder.linkToTargetMethod(java.lang.Object, java.lang.Object)'> (0x00000000eacf5da8) 
thrown [s\src\hotspot\share\interpreter\linkResolver.cpp, line 759]
Event: 4.886 Thread 0x0000020d329fccb0 Exception <a 'java/lang/NoSuchMethodError'{0x00000000eae6f6c0}: 'int java.lang.invoke.DirectMethodHandle$Holder.invokeSpecial(java.lang.Object, java.lang.Object, java.lang.Object, java.lang.Object)'> (0x00000000eae6f6c0) 
thrown [s\src\hotspot\share\interpreter\linkResolver.cpp, line 759]
Event: 4.886 Thread 0x0000020d32a027d0 Exception <a 'java/lang/NoSuchMethodError'{0x00000000eacff498}: 'int java.lang.invoke.DirectMethodHandle$Holder.invokeSpecial(java.lang.Object, java.lang.Object, java.lang.Object, java.lang.Object)'> (0x00000000eacff498) 
thrown [s\src\hotspot\share\interpreter\linkResolver.cpp, line 759]
Event: 4.891 Thread 0x0000020d329fccb0 Exception <a 'java/lang/NoSuchMethodError'{0x00000000eaece248}: 'java.lang.Object java.lang.invoke.DirectMethodHandle$Holder.invokeStatic(java.lang.Object, int, java.lang.Object, java.lang.Object)'> (0x00000000eaece248) 
thrown [s\src\hotspot\share\interpreter\linkResolver.cpp, line 759]
Event: 4.891 Thread 0x0000020d32a027d0 Exception <a 'java/lang/NoSuchMethodError'{0x00000000eae7e368}: 'java.lang.Object java.lang.invoke.DirectMethodHandle$Holder.invokeStatic(java.lang.Object, int, java.lang.Object, java.lang.Object)'> (0x00000000eae7e368) 
thrown [s\src\hotspot\share\interpreter\linkResolver.cpp, line 759]
Event: 4.892 Thread 0x0000020d329fccb0 Exception <a 'java/lang/NoSuchMethodError'{0x00000000eaed1fa8}: 'java.lang.Object java.lang.invoke.DelegatingMethodHandle$Holder.delegate(java.lang.Object, int, java.lang.Object, java.lang.Object)'> (0x00000000eaed1fa8) 
thrown [s\src\hotspot\share\interpreter\linkResolver.cpp, line 759]
Event: 4.892 Thread 0x0000020d32a027d0 Exception <a 'java/lang/NoSuchMethodError'{0x00000000eae82078}: 'java.lang.Object java.lang.invoke.DelegatingMethodHandle$Holder.delegate(java.lang.Object, int, java.lang.Object, java.lang.Object)'> (0x00000000eae82078) 
thrown [s\src\hotspot\share\interpreter\linkResolver.cpp, line 759]
Event: 4.895 Thread 0x0000020d329fccb0 Exception <a 'java/lang/NoSuchMethodError'{0x00000000eaee26b0}: 'int java.lang.invoke.Invokers$Holder.linkToTargetMethod(java.lang.Object, java.lang.Object, java.lang.Object)'> (0x00000000eaee26b0) 
thrown [s\src\hotspot\share\interpreter\linkResolver.cpp, line 759]
Event: 4.895 Thread 0x0000020d32a027d0 Exception <a 'java/lang/NoSuchMethodError'{0x00000000eae975b8}: 'int java.lang.invoke.Invokers$Holder.linkToTargetMethod(java.lang.Object, java.lang.Object, java.lang.Object)'> (0x00000000eae975b8) 
thrown [s\src\hotspot\share\interpreter\linkResolver.cpp, line 759]

VM Operations (20 events):
Event: 3.619 Executing VM operation: ParallelGCFailedAllocation
Event: 3.622 Executing VM operation: ParallelGCFailedAllocation done
Event: 3.810 Executing VM operation: HandshakeAllThreads
Event: 3.810 Executing VM operation: HandshakeAllThreads done
Event: 4.153 Executing VM operation: ParallelGCFailedAllocation
Event: 4.157 Executing VM operation: ParallelGCFailedAllocation done
Event: 4.272 Executing VM operation: CollectForMetadataAllocation
Event: 4.300 Executing VM operation: CollectForMetadataAllocation done
Event: 4.609 Executing VM operation: HandshakeAllThreads
Event: 4.609 Executing VM operation: HandshakeAllThreads done
Event: 4.688 Executing VM operation: HandshakeAllThreads
Event: 4.688 Executing VM operation: HandshakeAllThreads done
Event: 4.748 Executing VM operation: HandshakeAllThreads
Event: 4.748 Executing VM operation: HandshakeAllThreads done
Event: 4.749 Executing VM operation: HandshakeAllThreads
Event: 4.749 Executing VM operation: HandshakeAllThreads done
Event: 4.832 Executing VM operation: ParallelGCFailedAllocation
Event: 4.834 Executing VM operation: ParallelGCFailedAllocation done
Event: 4.917 Executing VM operation: HandshakeAllThreads
Event: 4.918 Executing VM operation: HandshakeAllThreads done

Memory protections (0 events):
No events

Nmethod flushes (0 events):
No events

Events (20 events):
Event: 2.609 Thread 0x0000020d32159030 Thread added: 0x0000020d3217f120
Event: 2.649 Thread 0x0000020d32159030 Thread added: 0x0000020d3217f630
Event: 2.700 Thread 0x0000020d32159030 Thread added: 0x0000020d32180a70
Event: 3.492 Thread 0x0000020d32159030 Thread added: 0x0000020d3217e1f0
Event: 3.575 Thread 0x0000020d3217e1f0 Thread exited: 0x0000020d3217e1f0
Event: 4.011 Thread 0x0000020d17a7bf30 Thread added: 0x0000020d3217e700
Event: 4.011 Thread 0x0000020d17a7bf30 Thread added: 0x0000020d3217d2c0
Event: 4.011 Thread 0x0000020d17a7bf30 Thread added: 0x0000020d3217d7d0
Event: 4.011 Thread 0x0000020d17a7bf30 Thread added: 0x0000020d3217dce0
Event: 4.012 Thread 0x0000020d17a7bf30 Thread added: 0x0000020d3217fb40
Event: 4.012 Thread 0x0000020d17a7bf30 Thread added: 0x0000020d32180560
Event: 4.012 Thread 0x0000020d17a7bf30 Thread added: 0x0000020d3217ec10
Event: 4.012 Thread 0x0000020d17a7bf30 Thread added: 0x0000020d3217e1f0
Event: 4.012 Thread 0x0000020d17a7bf30 Thread added: 0x0000020d329fbd80
Event: 4.036 Thread 0x0000020d17a7bf30 Thread added: 0x0000020d329feb10
Event: 4.187 Thread 0x0000020d3217f630 Thread added: 0x0000020d329fdbe0
Event: 4.360 Thread 0x0000020d17a7bf30 Thread added: 0x0000020d329fc7a0
Event: 4.361 Thread 0x0000020d17a7bf30 Thread added: 0x0000020d32a027d0
Event: 4.615 Thread 0x0000020d32a027d0 Thread added: 0x0000020d32a01db0
Event: 4.617 Thread 0x0000020d32a027d0 Thread added: 0x0000020d329fccb0


Dynamic libraries:
0x00007ff7a0c60000 - 0x00007ff7a0c6e000 	c:\Users\durbu\.vscode\extensions\redhat.java-1.37.0-win32-x64\jre\17.0.13-win32-x86_64\bin\java.exe
0x00007fffe1330000 - 0x00007fffe1547000 	C:\Windows\SYSTEM32\ntdll.dll
0x00007fffdfda0000 - 0x00007fffdfe64000 	C:\Windows\System32\KERNEL32.DLL
0x00007fffde6f0000 - 0x00007fffdeaa9000 	C:\Windows\System32\KERNELBASE.dll
0x00007fffdeae0000 - 0x00007fffdebf1000 	C:\Windows\System32\ucrtbase.dll
0x00007fffbfe50000 - 0x00007fffbfe6e000 	c:\Users\durbu\.vscode\extensions\redhat.java-1.37.0-win32-x64\jre\17.0.13-win32-x86_64\bin\VCRUNTIME140.dll
0x00007fffbfe70000 - 0x00007fffbfe87000 	c:\Users\durbu\.vscode\extensions\redhat.java-1.37.0-win32-x64\jre\17.0.13-win32-x86_64\bin\jli.dll
0x00007fffdf6c0000 - 0x00007fffdf86e000 	C:\Windows\System32\USER32.dll
0x00007fffc7e90000 - 0x00007fffc8122000 	C:\Windows\WinSxS\amd64_microsoft.windows.common-controls_6595b64144ccf1df_6.0.22621.4391_none_2715d37f73803e96\COMCTL32.dll
0x00007fffdeab0000 - 0x00007fffdead6000 	C:\Windows\System32\win32u.dll
0x00007fffe0b80000 - 0x00007fffe0c27000 	C:\Windows\System32\msvcrt.dll
0x00007fffdfec0000 - 0x00007fffdfee9000 	C:\Windows\System32\GDI32.dll
0x00007fffdec00000 - 0x00007fffded1b000 	C:\Windows\System32\gdi32full.dll
0x00007fffdefb0000 - 0x00007fffdf04a000 	C:\Windows\System32\msvcp_win.dll
0x00007fffdf200000 - 0x00007fffdf231000 	C:\Windows\System32\IMM32.DLL
0x00007fffd7370000 - 0x00007fffd737c000 	c:\Users\durbu\.vscode\extensions\redhat.java-1.37.0-win32-x64\jre\17.0.13-win32-x86_64\bin\vcruntime140_1.dll
0x00007fffa5900000 - 0x00007fffa598d000 	c:\Users\durbu\.vscode\extensions\redhat.java-1.37.0-win32-x64\jre\17.0.13-win32-x86_64\bin\msvcp140.dll
0x00007fff83bf0000 - 0x00007fff8485b000 	c:\Users\durbu\.vscode\extensions\redhat.java-1.37.0-win32-x64\jre\17.0.13-win32-x86_64\bin\server\jvm.dll
0x00007fffdfa70000 - 0x00007fffdfb22000 	C:\Windows\System32\ADVAPI32.dll
0x00007fffdf870000 - 0x00007fffdf917000 	C:\Windows\System32\sechost.dll
0x00007fffdef80000 - 0x00007fffdefa8000 	C:\Windows\System32\bcrypt.dll
0x00007fffe00e0000 - 0x00007fffe01f4000 	C:\Windows\System32\RPCRT4.dll
0x00007fffe0060000 - 0x00007fffe00d1000 	C:\Windows\System32\WS2_32.dll
0x00007fffdd480000 - 0x00007fffdd4cd000 	C:\Windows\SYSTEM32\POWRPROF.dll
0x00007fffd3eb0000 - 0x00007fffd3eba000 	C:\Windows\SYSTEM32\VERSION.dll
0x00007fffd5300000 - 0x00007fffd5334000 	C:\Windows\SYSTEM32\WINMM.dll
0x00007fffdd460000 - 0x00007fffdd473000 	C:\Windows\SYSTEM32\UMPDC.dll
0x00007fffdd720000 - 0x00007fffdd738000 	C:\Windows\SYSTEM32\kernel.appcore.dll
0x00007fffd29e0000 - 0x00007fffd29ea000 	c:\Users\durbu\.vscode\extensions\redhat.java-1.37.0-win32-x64\jre\17.0.13-win32-x86_64\bin\jimage.dll
0x00007fffdbe70000 - 0x00007fffdc0a2000 	C:\Windows\SYSTEM32\DBGHELP.DLL
0x00007fffdf240000 - 0x00007fffdf5cf000 	C:\Windows\System32\combase.dll
0x00007fffdf5d0000 - 0x00007fffdf6a7000 	C:\Windows\System32\OLEAUT32.dll
0x00007fffd42f0000 - 0x00007fffd4322000 	C:\Windows\SYSTEM32\dbgcore.DLL
0x00007fffdef00000 - 0x00007fffdef7b000 	C:\Windows\System32\bcryptPrimitives.dll
0x00007fffbfcf0000 - 0x00007fffbfcfe000 	c:\Users\durbu\.vscode\extensions\redhat.java-1.37.0-win32-x64\jre\17.0.13-win32-x86_64\bin\instrument.dll
0x00007fffb7a80000 - 0x00007fffb7aa5000 	c:\Users\durbu\.vscode\extensions\redhat.java-1.37.0-win32-x64\jre\17.0.13-win32-x86_64\bin\java.dll
0x00007fffbd0f0000 - 0x00007fffbd108000 	c:\Users\durbu\.vscode\extensions\redhat.java-1.37.0-win32-x64\jre\17.0.13-win32-x86_64\bin\zip.dll
0x00007fffe0200000 - 0x00007fffe0a76000 	C:\Windows\System32\SHELL32.dll
0x00007fffdc530000 - 0x00007fffdce33000 	C:\Windows\SYSTEM32\windows.storage.dll
0x00007fffdc3f0000 - 0x00007fffdc52f000 	C:\Windows\SYSTEM32\wintypes.dll
0x00007fffdfca0000 - 0x00007fffdfd99000 	C:\Windows\System32\SHCORE.dll
0x00007fffe0a80000 - 0x00007fffe0ade000 	C:\Windows\System32\shlwapi.dll
0x00007fffde560000 - 0x00007fffde58b000 	C:\Windows\SYSTEM32\profapi.dll
0x00007fffbac00000 - 0x00007fffbac19000 	C:\Users\durbu\.vscode\extensions\redhat.java-1.37.0-win32-x64\jre\17.0.13-win32-x86_64\bin\net.dll
0x00007fffd84a0000 - 0x00007fffd85d6000 	C:\Windows\SYSTEM32\WINHTTP.dll
0x00007fffddba0000 - 0x00007fffddc09000 	C:\Windows\system32\mswsock.dll
0x00007fffb7a60000 - 0x00007fffb7a76000 	C:\Users\durbu\.vscode\extensions\redhat.java-1.37.0-win32-x64\jre\17.0.13-win32-x86_64\bin\nio.dll
0x00007fffbf0b0000 - 0x00007fffbf0c0000 	c:\Users\durbu\.vscode\extensions\redhat.java-1.37.0-win32-x64\jre\17.0.13-win32-x86_64\bin\verify.dll
0x00007fffb7250000 - 0x00007fffb7295000 	C:\Users\durbu\AppData\Roaming\Code\User\globalStorage\redhat.java\1.37.0\config_ss_win\org.eclipse.equinox.launcher\org.eclipse.equinox.launcher.win32.win32.x86_64_1.2.1100.v20240722-2106\eclipse_11904.dll
0x00007fffdf050000 - 0x00007fffdf1f5000 	C:\Windows\System32\ole32.dll
0x00007fffdde10000 - 0x00007fffdde2b000 	C:\Windows\SYSTEM32\CRYPTSP.dll
0x00007fffdd680000 - 0x00007fffdd6b5000 	C:\Windows\system32\rsaenh.dll
0x00007fffddcb0000 - 0x00007fffddcd8000 	C:\Windows\SYSTEM32\USERENV.dll
0x00007fffdde30000 - 0x00007fffdde3c000 	C:\Windows\SYSTEM32\CRYPTBASE.dll
0x00007fffdd110000 - 0x00007fffdd13d000 	C:\Windows\SYSTEM32\IPHLPAPI.DLL
0x00007fffdfef0000 - 0x00007fffdfef9000 	C:\Windows\System32\NSI.dll
0x00007fffd77a0000 - 0x00007fffd77b9000 	C:\Windows\SYSTEM32\dhcpcsvc6.DLL
0x00007fffd74b0000 - 0x00007fffd74cf000 	C:\Windows\SYSTEM32\dhcpcsvc.DLL
0x00007fffdd140000 - 0x00007fffdd242000 	C:\Windows\SYSTEM32\DNSAPI.dll
0x00007fffb68b0000 - 0x00007fffb68f9000 	C:\Users\durbu\AppData\Local\Temp\jna-95950356\jna387146580771048599.dll
0x00007fffdfb30000 - 0x00007fffdfb38000 	C:\Windows\System32\PSAPI.DLL

dbghelp: loaded successfully - version: 4.0.5 - missing functions: none
symbol engine: initialized successfully - sym options: 0x614 - pdb path: .;c:\Users\durbu\.vscode\extensions\redhat.java-1.37.0-win32-x64\jre\17.0.13-win32-x86_64\bin;C:\Windows\SYSTEM32;C:\Windows\WinSxS\amd64_microsoft.windows.common-controls_6595b64144ccf1df_6.0.22621.4391_none_2715d37f73803e96;c:\Users\durbu\.vscode\extensions\redhat.java-1.37.0-win32-x64\jre\17.0.13-win32-x86_64\bin\server;C:\Users\durbu\AppData\Roaming\Code\User\globalStorage\redhat.java\1.37.0\config_ss_win\org.eclipse.equinox.launcher\org.eclipse.equinox.launcher.win32.win32.x86_64_1.2.1100.v20240722-2106;C:\Users\durbu\AppData\Local\Temp\jna-95950356

VM Arguments:
jvm_args: --add-modules=ALL-SYSTEM --add-opens=java.base/java.util=ALL-UNNAMED --add-opens=java.base/java.lang=ALL-UNNAMED --add-opens=java.base/sun.nio.fs=ALL-UNNAMED -Declipse.application=org.eclipse.jdt.ls.core.id1 -Dosgi.bundles.defaultStartLevel=4 -Declipse.product=org.eclipse.jdt.ls.core.product -Djava.import.generatesMetadataFilesAtProjectRoot=false -DDetectVMInstallationsJob.disabled=true -Dfile.encoding=utf8 -XX:+UseParallelGC -XX:GCTimeRatio=4 -XX:AdaptiveSizePolicyWeight=90 -Dsun.zip.disableMemoryMapping=true -Xmx1G -Xms100m -Xlog:disable -javaagent:c:\Users\durbu\.vscode\extensions\redhat.java-1.37.0-win32-x64\lombok\lombok-1.18.34.jar 
java_command: c:\Users\durbu\.vscode\extensions\redhat.java-1.37.0-win32-x64\server\plugins\org.eclipse.equinox.launcher_1.6.900.v20240613-2009.jar -configuration c:\Users\durbu\AppData\Roaming\Code\User\globalStorage\redhat.java\1.37.0\config_ss_win -data c:\Users\durbu\AppData\Roaming\Code\User\workspaceStorage\52ca2395a570dc7106177641f68a08f4\redhat.java\ss_ws --pipe=\\.\pipe\lsp-480d212e5680c42c25af781a44693455-sock
java_class_path (initial): c:\Users\durbu\.vscode\extensions\redhat.java-1.37.0-win32-x64\server\plugins\org.eclipse.equinox.launcher_1.6.900.v20240613-2009.jar
Launcher Type: SUN_STANDARD

[Global flags]
    uintx AdaptiveSizePolicyWeight                 = 90                                        {product} {command line}
     intx CICompilerCount                          = 4                                         {product} {ergonomic}
    uintx GCTimeRatio                              = 4                                         {product} {command line}
   size_t InitialHeapSize                          = 104857600                                 {product} {command line}
   size_t MaxHeapSize                              = 1073741824                                {product} {command line}
   size_t MaxNewSize                               = 357564416                                 {product} {ergonomic}
   size_t MinHeapDeltaBytes                        = 524288                                    {product} {ergonomic}
   size_t MinHeapSize                              = 104857600                                 {product} {command line}
   size_t NewSize                                  = 34603008                                  {product} {ergonomic}
    uintx NonNMethodCodeHeapSize                   = 5839372                                {pd product} {ergonomic}
    uintx NonProfiledCodeHeapSize                  = 122909434                              {pd product} {ergonomic}
   size_t OldSize                                  = 70254592                                  {product} {ergonomic}
    uintx ProfiledCodeHeapSize                     = 122909434                              {pd product} {ergonomic}
    uintx ReservedCodeCacheSize                    = 251658240                              {pd product} {ergonomic}
     bool SegmentedCodeCache                       = true                                      {product} {ergonomic}
   size_t SoftMaxHeapSize                          = 1073741824                             {manageable} {ergonomic}
     bool UseCompressedClassPointers               = true                           {product lp64_product} {ergonomic}
     bool UseCompressedOops                        = true                           {product lp64_product} {ergonomic}
     bool UseLargePagesIndividualAllocation        = false                                  {pd product} {ergonomic}
     bool UseParallelGC                            = true                                      {product} {command line}

Logging:
Log output configuration:
 #0: stdout all=off uptime,level,tags
 #1: stderr all=off uptime,level,tags

Environment Variables:
PATH=C:\Program Files\Common Files\Oracle\Java\javapath;C:\Windows\system32;C:\Windows;C:\Windows\System32\Wbem;C:\Windows\System32\WindowsPowerShell\v1.0\;C:\Windows\System32\OpenSSH\;C:\MinGW\bin;C:\Program Files\Git\cmd;C:\Program Files\Git\mingw64\bin;C:\Program Files\Git\usr\bin;C:\Program Files\Java\jdk-17\bin;C:\Program Files\nodejs\;C:\Users\durbu\AppData\Local\Programs\Python\Python312\Scripts\;C:\Users\durbu\AppData\Local\Programs\Python\Python312\;C:\Users\durbu\AppData\Local\Programs\Python\Launcher\;C:\Users\durbu\AppData\Local\Microsoft\WindowsApps;C:\Users\durbu\AppData\Local\Programs\Microsoft VS Code\bin;C:\Program Files\Java\jdk-17\bin;C:\MinGW\bin;C:\Program Files\MySQL\MySQL Server 8.3\bin;C:\Users\durbu\AppData\Roaming\npm
USERNAME=durbu
OS=Windows_NT
PROCESSOR_IDENTIFIER=Intel64 Family 6 Model 154 Stepping 4, GenuineIntel
TMP=C:\Users\durbu\AppData\Local\Temp
TEMP=C:\Users\durbu\AppData\Local\Temp



Periodic native trim disabled


---------------  S Y S T E M  ---------------

OS:
 Windows 11 , 64 bit Build 22621 (10.0.22621.4391)
OS uptime: 10 days 11:00 hours
Hyper-V role detected

CPU: total 8 (initial active 8) (4 cores per cpu, 2 threads per core) family 6 model 154 stepping 4 microcode 0x42c, cx8, cmov, fxsr, ht, mmx, 3dnowpref, sse, sse2, sse3, ssse3, sse4.1, sse4.2, popcnt, lzcnt, tsc, tscinvbit, avx, avx2, aes, erms, clmul, bmi1, bmi2, adx, sha, fma, vzeroupper, clflush, clflushopt, clwb, hv
Processor Information for processor 0
  Max Mhz: 1200, Current Mhz: 1200, Mhz Limit: 1200
Processor Information for processor 1
  Max Mhz: 1200, Current Mhz: 1200, Mhz Limit: 1200
Processor Information for processor 2
  Max Mhz: 1200, Current Mhz: 1200, Mhz Limit: 1200
Processor Information for processor 3
  Max Mhz: 1200, Current Mhz: 1200, Mhz Limit: 1200
Processor Information for processor 4
  Max Mhz: 1200, Current Mhz: 900, Mhz Limit: 900
Processor Information for processor 5
  Max Mhz: 1200, Current Mhz: 900, Mhz Limit: 900
Processor Information for processor 6
  Max Mhz: 1200, Current Mhz: 900, Mhz Limit: 900
Processor Information for processor 7
  Max Mhz: 1200, Current Mhz: 900, Mhz Limit: 900

Memory: 4k page, system-wide physical 7877M (455M free)
TotalPageFile size 32453M (AvailPageFile size 0M)
current process WorkingSet (physical memory assigned to process): 173M, peak: 173M
current process commit charge ("private bytes"): 270M, peak: 271M

vm_info: OpenJDK 64-Bit Server VM (17.0.13+11) for windows-amd64 JRE (17.0.13+11), built on Oct 16 2024 00:10:08 by "admin" with MS VC++ 17.7 (VS2022)

END.
